Log file open, 08/21/18 11:03:30
LogWindows: Failed to load 'aqProf.dll' (GetLastError=126)
LogWindows: File 'aqProf.dll' does not exist
LogWindows: Failed to load 'VSPerf140.dll' (GetLastError=126)
LogWindows: File 'VSPerf140.dll' does not exist
LogWindows: Failed to load 'VtuneApi.dll' (GetLastError=126)
LogWindows: File 'VtuneApi.dll' does not exist
LogWindows: Failed to load 'VtuneApi32e.dll' (GetLastError=126)
LogWindows: File 'VtuneApi32e.dll' does not exist
LogInit: Display: Running engine for game: BuildingEscape
LogPlatformFile: Not using cached read wrapper
LogTaskGraph: Started task graph with 5 named threads and 23 total threads with 3 sets of task threads.
LogStats: Stats thread started at 0.311196
LogD3D11RHI: Loaded GFSDK_Aftermath_Lib.x64.dll
LogICUInternationalization: Display: ICU TimeZone Detection - Raw Offset: +5:30, Platform Override: ''
LogPluginManager: Mounting plugin Paper2D
LogPluginManager: Mounting plugin AISupport
LogPluginManager: Mounting plugin LightPropagationVolume
LogPluginManager: Mounting plugin CLionSourceCodeAccess
LogPluginManager: Mounting plugin CodeLiteSourceCodeAccess
LogPluginManager: Mounting plugin GitSourceControl
LogPluginManager: Mounting plugin KDevelopSourceCodeAccess
LogPluginManager: Mounting plugin NullSourceCodeAccess
LogPluginManager: Mounting plugin PerforceSourceControl
LogPluginManager: Mounting plugin SubversionSourceControl
LogPluginManager: Mounting plugin UObjectPlugin
LogPluginManager: Mounting plugin VisualStudioCodeSourceCodeAccess
LogPluginManager: Mounting plugin VisualStudioSourceCodeAccess
LogPluginManager: Mounting plugin XCodeSourceCodeAccess
LogPluginManager: Mounting plugin AssetManagerEditor
LogPluginManager: Mounting plugin CryptoKeys
LogPluginManager: Mounting plugin DataValidation
LogPluginManager: Mounting plugin FacialAnimation
LogPluginManager: Mounting plugin GameplayTagsEditor
LogPluginManager: Mounting plugin MacGraphicsSwitching
LogPluginManager: Mounting plugin MeshEditor
LogPluginManager: Mounting plugin MobileLauncherProfileWizard
LogPluginManager: Mounting plugin PluginBrowser
LogPluginManager: Mounting plugin SpeedTreeImporter
LogPluginManager: Mounting plugin DatasmithContent
LogPluginManager: Mounting plugin AlembicImporter
LogPluginManager: Mounting plugin AppleImageUtils
LogPluginManager: Mounting plugin AppleVision
LogPluginManager: Mounting plugin BackChannel
LogPluginManager: Mounting plugin CharacterAI
LogPluginManager: Mounting plugin GeometryCache
LogPluginManager: Mounting plugin HTML5Networking
LogPluginManager: Mounting plugin ProxyLODPlugin
LogPluginManager: Mounting plugin MagicLeap
LogPluginManager: Mounting plugin MagicLeapEmulator
LogPluginManager: Mounting plugin MagicLeapMedia
LogPluginManager: Mounting plugin Substance
LogPluginManager: Mounting plugin AndroidMedia
LogPluginManager: Mounting plugin AvfMedia
LogPluginManager: Mounting plugin ImgMedia
LogPluginManager: Mounting plugin LinearTimecode
LogPluginManager: Mounting plugin MediaCompositing
LogPluginManager: Mounting plugin MediaPlayerEditor
LogPluginManager: Mounting plugin WmfMedia
LogPluginManager: Mounting plugin TcpMessaging
LogPluginManager: Mounting plugin UdpMessaging
LogPluginManager: Mounting plugin ActorSequence
LogPluginManager: Mounting plugin LevelSequenceEditor
LogPluginManager: Mounting plugin MatineeToLevelSequence
LogPluginManager: Mounting plugin NetcodeUnitTest
LogPluginManager: Mounting plugin NUTUnrealEngine4
LogPluginManager: Mounting plugin OnlineSubsystemGooglePlay
LogPluginManager: Mounting plugin OnlineSubsystemIOS
LogPluginManager: Mounting plugin OnlineSubsystem
LogPluginManager: Mounting plugin OnlineSubsystemNull
LogPluginManager: Mounting plugin OnlineSubsystemUtils
LogPluginManager: Mounting plugin LauncherChunkInstaller
LogPluginManager: Mounting plugin AndroidDeviceProfileSelector
LogPluginManager: Mounting plugin AndroidMoviePlayer
LogPluginManager: Mounting plugin AndroidPermission
LogPluginManager: Mounting plugin AppleMoviePlayer
LogPluginManager: Mounting plugin ArchVisCharacter
LogPluginManager: Mounting plugin AudioCapture
LogPluginManager: Mounting plugin CableComponent
LogPluginManager: Mounting plugin CustomMeshComponent
LogPluginManager: Mounting plugin EditableMesh
LogPluginManager: Mounting plugin ExampleDeviceProfileSelector
LogPluginManager: Mounting plugin GoogleCloudMessaging
LogPluginManager: Mounting plugin ImmediatePhysics
LogPluginManager: Mounting plugin IOSDeviceProfileSelector
LogPluginManager: Mounting plugin LinuxDeviceProfileSelector
LogPluginManager: Mounting plugin LocationServicesBPLibrary
LogPluginManager: Mounting plugin MobilePatchingUtils
LogPluginManager: Mounting plugin OculusVR
LogPluginManager: Plugin shader directory ../../../Engine/Plugins/Runtime/Oculus/OculusVR/Shaders found
LogPluginManager: Mapping shader source directory ../../../Engine/Plugins/Runtime/Oculus/OculusVR/Shaders to virtual directory /Plugin/OculusVR
LogPluginManager: Mounting plugin PhysXVehicles
LogPluginManager: Mounting plugin ProceduralMeshComponent
LogPluginManager: Mounting plugin RuntimePhysXCooking
LogPluginManager: Mounting plugin SteamVR
LogPluginManager: Mounting plugin WindowsMoviePlayer
LogStreaming: Display: Took  0.116s to configure plugins.
LogInit: Using libcurl 7.55.1-DEV
LogInit:  - built for x86_64-pc-win32
LogInit:  - supports SSL with OpenSSL/1.0.2h
LogInit:  - supports HTTP deflate (compression) using libz 1.2.8
LogInit:  - other features:
LogInit:      CURL_VERSION_SSL
LogInit:      CURL_VERSION_LIBZ
LogInit:      CURL_VERSION_IPV6
LogInit:      CURL_VERSION_ASYNCHDNS
LogInit:      CURL_VERSION_LARGEFILE
LogInit:      CURL_VERSION_IDN
LogInit:  CurlRequestOptions (configurable via config and command line):
LogInit:  - bVerifyPeer = false  - Libcurl will NOT verify peer certificate
LogInit:  - bUseHttpProxy = false  - Libcurl will NOT use HTTP proxy
LogInit:  - bDontReuseConnections = false  - Libcurl will reuse connections
LogInit:  - CertBundlePath = nullptr  - Libcurl will use whatever was configured at build time.
LogInit:  - MaxHostConnections = 16  - Libcurl will limit the number of connections to a host
LogInit:  - LocalHostAddr = Default
LogInit:  - BufferSize = 65536
LogInit: WinSock: version 1.1 (2.2), MaxSocks=32767, MaxUdp=65467
LogInit: Build: ++UE4+Release-4.20-CL-4233996
LogInit: Engine Version: 4.20.1-4233996+++UE4+Release-4.20
LogInit: Compatible Engine Version: 4.20.0-4212847+++UE4+Release-4.20
LogInit: Net CL: 4212847
LogInit: OS: Windows 10 (), CPU: Intel(R) Core(TM) i7-4710HQ CPU @ 2.50GHz, GPU: Intel(R) HD Graphics 4600
LogInit: Compiled (64-bit): Jul 26 2018 10:07:30
LogInit: Compiled with Visual C++: 19.13.26129.00
LogInit: Build Configuration: Development
LogInit: Branch Name: ++UE4+Release-4.20
LogInit: Command Line: 
LogInit: Base Directory: D:/Unreal Engine/UE_4.20/Engine/Binaries/Win64/
LogInit: Installed Engine Build: 1
LogDevObjectVersion: Number of dev versions registered: 20
LogDevObjectVersion:   Dev-Blueprints (B0D832E4-1F89-4F0D-ACCF-7EB736FD4AA2): 10
LogDevObjectVersion:   Dev-Build (E1C64328-A22C-4D53-A36C-8E866417BD8C): 0
LogDevObjectVersion:   Dev-Core (375EC13C-06E4-48FB-B500-84F0262A717E): 2
LogDevObjectVersion:   Dev-Editor (E4B068ED-F494-42E9-A231-DA0B2E46BB41): 24
LogDevObjectVersion:   Dev-Framework (CFFC743F-43B0-4480-9391-14DF171D2073): 34
LogDevObjectVersion:   Dev-Mobile (B02B49B5-BB20-44E9-A304-32B752E40360): 2
LogDevObjectVersion:   Dev-Networking (A4E4105C-59A1-49B5-A7C5-40C4547EDFEE): 0
LogDevObjectVersion:   Dev-Online (39C831C9-5AE6-47DC-9A44-9C173E1C8E7C): 0
LogDevObjectVersion:   Dev-Physics (78F01B33-EBEA-4F98-B9B4-84EACCB95AA2): 0
LogDevObjectVersion:   Dev-Platform (6631380F-2D4D-43E0-8009-CF276956A95A): 0
LogDevObjectVersion:   Dev-Rendering (12F88B9F-8875-4AFC-A67C-D90C383ABD29): 26
LogDevObjectVersion:   Dev-Sequencer (7B5AE74C-D270-4C10-A958-57980B212A5A): 9
LogDevObjectVersion:   Dev-VR (D7296918-1DD6-4BDD-9DE2-64A83CC13884): 2
LogDevObjectVersion:   Dev-LoadTimes (C2A15278-BFE7-4AFE-6C17-90FF531DF755): 1
LogDevObjectVersion:   Private-Geometry (6EACA3D4-40EC-4CC1-B786-8BED09428FC5): 3
LogDevObjectVersion:   Dev-AnimPhys (29E575DD-E0A3-4627-9D10-D276232CDCEA): 17
LogDevObjectVersion:   Dev-ReflectionCapture (6B266CEC-1EC7-4B8F-A30B-E4D90942FC07): 1
LogDevObjectVersion:   Dev-Automation (0DF73D61-A23F-47EA-B727-89E90C41499A): 1
LogDevObjectVersion:   FortniteMain (601D1886-AC64-4F84-AA16-D3DE0DEAC7D6): 12
LogDevObjectVersion:   Dev-Enterprise (9DFFBCD6-494F-0158-E221-12823C92A888): 1
LogStreaming: Display: Took  0.001s to delete old logs.
LogInit: Presizing for max 8388607 objects, including 0 objects not considered by GC, pre-allocating 0 bytes for permanent pool.
LogInit: Object subsystem initialized
[2018.08.21-05.33.30:954][  0]LogInit: Selected Device Profile: [Windows]
[2018.08.21-05.33.30:954][  0]LogInit: Applying CVar settings loaded from the selected device profile: [Windows]
[2018.08.21-05.33.30:965][  0]LogHAL: Display: Platform has ~ 16 GB [17087881216 / 17179869184 / 16], which maps to Larger [LargestMinGB=32, LargerMinGB=12, DefaultMinGB=8, SmallerMinGB=6, SmallestMinGB=0)
[2018.08.21-05.33.30:965][  0]LogInit: Setting Device Profile CVar: [[r.Vulkan.UseRealUBs:1]]
[2018.08.21-05.33.30:965][  0]LogInit: Going up to parent DeviceProfile []
[2018.08.21-05.33.30:966][  0]LogInit: Computer: BEAST-23
[2018.08.21-05.33.30:966][  0]LogInit: User: angsh
[2018.08.21-05.33.30:966][  0]LogInit: CPU Page size=4096, Cores=4
[2018.08.21-05.33.30:966][  0]LogInit: High frequency timer resolution =2.435778 MHz
[2018.08.21-05.33.30:966][  0]LogMemory: Memory total: Physical=15.9GB (16GB approx)
[2018.08.21-05.33.30:966][  0]LogMemory: Platform Memory Stats for Windows
[2018.08.21-05.33.30:966][  0]LogMemory: Process Physical Memory: 99.35 MB used, 99.35 MB peak
[2018.08.21-05.33.30:966][  0]LogMemory: Process Virtual Memory: 91.21 MB used, 91.21 MB peak
[2018.08.21-05.33.30:966][  0]LogMemory: Physical Memory: 7114.53 MB used,  9181.74 MB free, 16296.27 MB total
[2018.08.21-05.33.30:966][  0]LogMemory: Virtual Memory: 4644.96 MB used,  9181.74 MB free, 134217728.00 MB total
[2018.08.21-05.33.30:999][  0]LogInit: Using OS detected language (en-US).
[2018.08.21-05.33.30:999][  0]LogInit: Using OS detected locale (en-US).
[2018.08.21-05.33.31:000][  0]LogTextLocalizationManager: No specific localization for 'en-US' exists, so the 'en' localization will be used.
[2018.08.21-05.33.31:504][  0]LogStreaming: Display: Took  0.504s to InitEngineTextLocalization.
[2018.08.21-05.33.31:504][  0]LogInit: Setting process to per monitor DPI aware
[2018.08.21-05.33.31:552][  0]LogSlate: New Slate User Created.  User Index 0, Is Virtual User: 0
[2018.08.21-05.33.31:553][  0]LogSlate: Slate User Registered.  User Index 0, Is Virtual User: 0
[2018.08.21-05.33.32:242][  0]LogHMD: Failed to initialize OpenVR with code 110
[2018.08.21-05.33.32:242][  0]LogD3D11RHI: D3D11 adapters:
[2018.08.21-05.33.32:288][  0]LogD3D11RHI:    0. 'NVIDIA GeForce GTX 860M' (Feature Level 11_0)
[2018.08.21-05.33.32:288][  0]LogD3D11RHI:       4065/0/8148 MB DedicatedVideo/DedicatedSystem/SharedSystem, Outputs:1, VendorId:0x10de
[2018.08.21-05.33.32:296][  0]LogD3D11RHI:    1. 'Intel(R) HD Graphics 4600' (Feature Level 11_0)
[2018.08.21-05.33.32:296][  0]LogD3D11RHI:       112/0/2048 MB DedicatedVideo/DedicatedSystem/SharedSystem, Outputs:0, VendorId:0x8086
[2018.08.21-05.33.32:299][  0]LogD3D11RHI:    2. 'Microsoft Basic Render Driver' (Feature Level 11_0)
[2018.08.21-05.33.32:299][  0]LogD3D11RHI:       0/0/8148 MB DedicatedVideo/DedicatedSystem/SharedSystem, Outputs:0, VendorId:0x1414
[2018.08.21-05.33.32:299][  0]LogD3D11RHI: Chosen D3D11 Adapter: 0
[2018.08.21-05.33.32:322][  0]LogD3D11RHI: Creating new Direct3DDevice
[2018.08.21-05.33.32:322][  0]LogD3D11RHI:     GPU DeviceId: 0x1392 (for the marketing name, search the web for "GPU Device Id")
[2018.08.21-05.33.32:322][  0]LogWindows: EnumDisplayDevices:
[2018.08.21-05.33.32:322][  0]LogWindows:    0. 'Intel(R) HD Graphics 4600' (P:1 D:1)
[2018.08.21-05.33.32:322][  0]LogWindows:    1. 'Intel(R) HD Graphics 4600' (P:0 D:0)
[2018.08.21-05.33.32:322][  0]LogWindows:    2. 'Intel(R) HD Graphics 4600' (P:0 D:0)
[2018.08.21-05.33.32:322][  0]LogWindows: DebugString: PrimaryIsNotTheChoosenAdapter PrimaryIsNotTheChoosenAdapter PrimaryIsNotTheChoosenAdapter FoundDriverCount:0 
[2018.08.21-05.33.32:323][  0]LogD3D11RHI:     Adapter Name: NVIDIA GeForce GTX 860M
[2018.08.21-05.33.32:323][  0]LogD3D11RHI:   Driver Version: Unknown (internal:Unknown, unified:Unknown)
[2018.08.21-05.33.32:323][  0]LogD3D11RHI:      Driver Date: Unknown
[2018.08.21-05.33.32:323][  0]LogRHI: Texture pool is 2846 MB (70% of 4065 MB)
[2018.08.21-05.33.32:352][  0]LogD3D11RHI: Async texture creation enabled
[2018.08.21-05.33.32:372][  0]LogD3D11RHI: GPU Timing Frequency: 1000.000000 (Debug: 2 1)
[2018.08.21-05.33.32:373][  0]LogShaderCompilers: Guid format shader working directory is -57 characters bigger than the processId version (E:/Media/UE4 Projects and Tutorials/_User Projects/Section_03-4_19/Building_Escape/BuildingEscape 4.20/Intermediate/Shaders/WorkingDirectory/22408/).
[2018.08.21-05.33.32:373][  0]LogShaderCompilers: Cleaned the shader compiler working directory 'C:/Users/angsh/AppData/Local/Temp/UnrealShaderWorkingDir/5CF679374787900CD87FF59DF623FCC4/'.
[2018.08.21-05.33.32:717][  0]LogTemp: Display: Loaded TP AllDesktopTargetPlatform
[2018.08.21-05.33.32:735][  0]LogTemp: Display: Loaded TP MacClientTargetPlatform
[2018.08.21-05.33.32:754][  0]LogTemp: Display: Loaded TP MacNoEditorTargetPlatform
[2018.08.21-05.33.32:773][  0]LogTemp: Display: Loaded TP MacServerTargetPlatform
[2018.08.21-05.33.32:791][  0]LogTemp: Display: Loaded TP MacTargetPlatform
[2018.08.21-05.33.32:809][  0]LogTemp: Display: Loaded TP WindowsClientTargetPlatform
[2018.08.21-05.33.32:827][  0]LogTemp: Display: Loaded TP WindowsNoEditorTargetPlatform
[2018.08.21-05.33.32:845][  0]LogTemp: Display: Loaded TP WindowsServerTargetPlatform
[2018.08.21-05.33.32:853][  0]LogTemp: Display: Loaded TP WindowsTargetPlatform
[2018.08.21-05.33.32:962][  0]LogTemp: Display: Loaded TP AndroidTargetPlatform
[2018.08.21-05.33.32:962][  0]LogTemp: Display: Loaded TP AndroidTargetPlatform
[2018.08.21-05.33.32:962][  0]LogTemp: Display: Loaded TP AndroidTargetPlatform
[2018.08.21-05.33.32:962][  0]LogTemp: Display: Loaded TP AndroidTargetPlatform
[2018.08.21-05.33.32:962][  0]LogTemp: Display: Loaded TP AndroidTargetPlatform
[2018.08.21-05.33.32:962][  0]LogTemp: Display: Loaded TP AndroidTargetPlatform
[2018.08.21-05.33.32:962][  0]LogTemp: Display: Loaded TP AndroidTargetPlatform
[2018.08.21-05.33.32:962][  0]LogTemp: Display: Loaded TP AndroidTargetPlatform
[2018.08.21-05.33.32:962][  0]LogTemp: Display: Loaded TP AndroidTargetPlatform
[2018.08.21-05.33.32:962][  0]LogTemp: Display: Loaded TP AndroidTargetPlatform
[2018.08.21-05.33.32:962][  0]LogTemp: Display: Loaded TP AndroidTargetPlatform
[2018.08.21-05.33.32:962][  0]LogTemp: Display: Loaded TP AndroidTargetPlatform
[2018.08.21-05.33.32:962][  0]LogTemp: Display: Loaded TP AndroidTargetPlatform
[2018.08.21-05.33.32:962][  0]LogTemp: Display: Loaded TP AndroidTargetPlatform
[2018.08.21-05.33.32:962][  0]LogTemp: Display: Loaded TP AndroidTargetPlatform
[2018.08.21-05.33.32:962][  0]LogTemp: Display: Loaded TP AndroidTargetPlatform
[2018.08.21-05.33.32:962][  0]LogTemp: Display: Loaded TP AndroidTargetPlatform
[2018.08.21-05.33.32:962][  0]LogTemp: Display: Loaded TP AndroidTargetPlatform
[2018.08.21-05.33.32:965][  0]LogTemp: Display: Loaded TP HTML5TargetPlatform
[2018.08.21-05.33.33:037][  0]LogTemp: Display: Loaded TP IOSTargetPlatform
[2018.08.21-05.33.33:037][  0]LogTemp: Display: Loaded TP IOSTargetPlatform
[2018.08.21-05.33.33:070][  0]LogTemp: Display: Loaded TP TVOSTargetPlatform
[2018.08.21-05.33.33:070][  0]LogTemp: Display: Loaded TP TVOSTargetPlatform
[2018.08.21-05.33.33:088][  0]LogTemp: Display: Loaded TP LinuxClientTargetPlatform
[2018.08.21-05.33.33:106][  0]LogTemp: Display: Loaded TP LinuxNoEditorTargetPlatform
[2018.08.21-05.33.33:124][  0]LogTemp: Display: Loaded TP LinuxServerTargetPlatform
[2018.08.21-05.33.33:143][  0]LogTemp: Display: Loaded TP LinuxTargetPlatform
[2018.08.21-05.33.33:156][  0]LogTemp: Display: Loaded TP LuminTargetPlatform
[2018.08.21-05.33.33:156][  0]LogTargetPlatformManager: Display: Building Assets For Windows
[2018.08.21-05.33.33:226][  0]LogXGEController: Cleaning working directory: C:/Users/angsh/AppData/Local/Temp/UnrealXGEWorkingDir/
[2018.08.21-05.33.33:226][  0]LogXGEController: Cannot use XGE Controller as Incredibuild is not installed on this machine.
[2018.08.21-05.33.33:226][  0]LogShaderCompilers: Cannot use XGE Shader Compiler as Incredibuild is not installed on this machine.
[2018.08.21-05.33.33:226][  0]LogShaderCompilers: Display: Using Local Shader Compiler.
[2018.08.21-05.33.34:224][  0]LogDerivedDataCache: Display: Max Cache Size: 512 MB
[2018.08.21-05.33.34:291][  0]LogDerivedDataCache: Loaded boot cache 0.07s 71MB C:/Users/angsh/AppData/Local/UnrealEngine/4.20/DerivedDataCache/Boot.ddc.
[2018.08.21-05.33.34:292][  0]LogDerivedDataCache: Display: Loaded Boot cache: C:/Users/angsh/AppData/Local/UnrealEngine/4.20/DerivedDataCache/Boot.ddc
[2018.08.21-05.33.34:292][  0]LogDerivedDataCache: FDerivedDataBackendGraph:  Pak pak cache file E:/Media/UE4 Projects and Tutorials/_User Projects/Section_03-4_19/Building_Escape/BuildingEscape 4.20/DerivedDataCache/DDC.ddp not found, will not use a pak cache.
[2018.08.21-05.33.34:292][  0]LogDerivedDataCache: Unable to find inner node Pak for hierarchical cache Hierarchy.
[2018.08.21-05.33.34:292][  0]LogDerivedDataCache: FDerivedDataBackendGraph:  CompressedPak pak cache file E:/Media/UE4 Projects and Tutorials/_User Projects/Section_03-4_19/Building_Escape/BuildingEscape 4.20/DerivedDataCache/Compressed.ddp not found, will not use a pak cache.
[2018.08.21-05.33.34:292][  0]LogDerivedDataCache: Unable to find inner node CompressedPak for hierarchical cache Hierarchy.
[2018.08.21-05.33.34:312][  0]LogDerivedDataCache: Display: Pak cache opened for reading ../../../Engine/DerivedDataCache/Compressed.ddp.
[2018.08.21-05.33.34:326][  0]LogDerivedDataCache: Using Local data cache path C:/Users/angsh/AppData/Local/UnrealEngine/Common/DerivedDataCache: Writable
[2018.08.21-05.33.34:326][  0]LogDerivedDataCache: Shared data cache path not found in *engine.ini, will not use an Shared cache.
[2018.08.21-05.33.34:326][  0]LogDerivedDataCache: Unable to find inner node Shared for hierarchical cache Hierarchy.
[2018.08.21-05.33.34:350][  0]LogMaterial: Verifying Global Shaders for PCD3D_SM5
[2018.08.21-05.33.34:352][  0]LogSlate: Using FreeType 2.6.0
[2018.08.21-05.33.34:355][  0]LogSlate: SlateFontServices - WITH_FREETYPE: 1, WITH_HARFBUZZ: 1
[2018.08.21-05.33.34:547][  0]LogAssetRegistry: FAssetRegistry took 0.0304 seconds to start up
[2018.08.21-05.33.35:013][  0]LogInit: Selected Device Profile: [Windows]
[2018.08.21-05.33.35:195][  0]LogSimplygon: Simplygon DLL not present - disabling.
[2018.08.21-05.33.35:201][  0]LogMeshReduction: Using SimplygonSwarm for distributed automatic mesh merging
[2018.08.21-05.33.35:201][  0]LogMeshReduction: Using ProxyLODMeshReduction for automatic mesh merging
[2018.08.21-05.33.35:201][  0]LogMeshReduction: Using QuadricMeshReduction for automatic static mesh reduction
[2018.08.21-05.33.35:201][  0]LogMeshReduction: No automatic skeletal mesh reduction module available
[2018.08.21-05.33.35:221][  0]LogNetVersion: BuildingEscape 1.0.0, NetCL: 4212847, EngineNetVer: 5, GameNetVer: 0 (Checksum: 3323102585)
[2018.08.21-05.33.35:909][  0]LogPackageLocalizationCache: Processed 11 localized package path(s) for 2 prioritized culture(s) in 0.109280 seconds
[2018.08.21-05.33.35:917][  0]LogUObjectArray: 38425 objects as part of root set at end of initial load.
[2018.08.21-05.33.35:917][  0]LogUObjectAllocator: 6690872 out of 0 bytes used by permanent object pool.
[2018.08.21-05.33.35:917][  0]LogUObjectArray: CloseDisregardForGC: 0/0 objects in disregard for GC pool
[2018.08.21-05.33.38:099][  0]LogSubstanceCoreModule: Substance [CPU] Engine Loaded, Max Texture Size = 2048
[2018.08.21-05.33.38:105][  0]LogTcpMessaging: Initializing TcpMessaging bridge
[2018.08.21-05.33.38:119][  0]LogUdpMessaging: Initializing bridge on interface 0.0.0.0:0 to multicast group 230.0.0.1:6666.
[2018.08.21-05.33.38:308][  0]SourceControl: Source control is disabled
[2018.08.21-05.33.38:308][  0]SourceControl: Source control is disabled
[2018.08.21-05.33.38:311][  0]SourceControl: Source control is disabled
[2018.08.21-05.33.38:312][  0]SourceControl: Source control is disabled
[2018.08.21-05.33.38:510][  0]LogAndroidPermission: UAndroidPermissionCallbackProxy::GetInstance
[2018.08.21-05.33.38:577][  0]LogOcInput: OculusInput pre-init called
[2018.08.21-05.33.38:746][  0]LogEngine: Initializing Engine...
[2018.08.21-05.33.38:748][  0]LogHMD: Failed to initialize OpenVR with code 110
[2018.08.21-05.33.38:749][  0]LogStats: UGameplayTagsManager::ConstructGameplayTagTree: ImportINI prefixes -  0.000 s
[2018.08.21-05.33.38:749][  0]LogStats: UGameplayTagsManager::ConstructGameplayTagTree: Construct from data asset -  0.000 s
[2018.08.21-05.33.38:750][  0]LogStats: UGameplayTagsManager::ConstructGameplayTagTree: ImportINI -  0.000 s
[2018.08.21-05.33.38:750][  0]LogStats: UGameplayTagsManager::ConstructGameplayTagTree: GameplayTagTreeChangedEvent.Broadcast -  0.000 s
[2018.08.21-05.33.39:025][  0]LogInit: Initializing FReadOnlyCVARCache
[2018.08.21-05.33.39:038][  0]LogAIModule: Creating AISystem for world Untitled
[2018.08.21-05.33.39:050][  0]LogInit: XAudio2 using 'Speakers (Realtek High Definition Audio)' : 2 channels at 48 kHz using 32 bits per sample (channel mask 0x3)
[2018.08.21-05.33.39:073][  0]LogInit: FAudioDevice initialized.
[2018.08.21-05.33.39:073][  0]LogNetVersion: Set ProjectVersion to 1.0.0.0. Version Checksum will be recalculated on next use.
[2018.08.21-05.33.39:257][  0]LogDerivedDataCache: Saved boot cache 0.18s 71MB C:/Users/angsh/AppData/Local/UnrealEngine/4.20/DerivedDataCache/Boot.ddc.
[2018.08.21-05.33.39:264][  0]LogInit: Texture streaming: Enabled
[2018.08.21-05.33.39:284][  0]LogEngineSessionManager: EngineSessionManager initialized
[2018.08.21-05.33.39:284][  0]LogEngineSessionManager: EngineSessionManager sent abnormal shutdown report. Type=Crashed, SessionId={17C90136-4603-28A1-8DDB-2E9865A13159}
[2018.08.21-05.33.39:298][  0]LogInit: Transaction tracking system initialized
[2018.08.21-05.33.39:323][  0]BlueprintLog: New page: Editor Load
[2018.08.21-05.33.39:402][  0]LocalizationService: Localization service is disabled
[2018.08.21-05.33.39:731][  0]LogCook: Display: Max memory allowance for cook 16384mb min free memory 0mb
[2018.08.21-05.33.39:731][  0]LogCook: Display: Mobile HDR setting 1
[2018.08.21-05.33.39:731][  0]LogGameplayTags: Display: UGameplayTagsManager::DoneAddingNativeTags. DelegateIsBound: 0
[2018.08.21-05.33.39:731][  0]LogStats: UGameplayTagsManager::ConstructGameplayTagTree: ImportINI prefixes -  0.000 s
[2018.08.21-05.33.39:731][  0]LogStats: UGameplayTagsManager::ConstructGameplayTagTree: Construct from data asset -  0.000 s
[2018.08.21-05.33.39:731][  0]LogStats: UGameplayTagsManager::ConstructGameplayTagTree: ImportINI -  0.000 s
[2018.08.21-05.33.39:731][  0]LogStats: UGameplayTagsManager::ConstructGameplayTagTree: GameplayTagTreeChangedEvent.Broadcast -  0.000 s
[2018.08.21-05.33.39:884][  0]LogFileCache: Scanning file cache for directory 'E:/Media/UE4 Projects and Tutorials/_User Projects/Section_03-4_19/Building_Escape/BuildingEscape 4.20/Content/' took 0.01s
[2018.08.21-05.33.39:884][  0]SourceControl: Source control is disabled
[2018.08.21-05.33.39:884][  0]Cmd: MAP LOAD FILE="E:/Media/UE4 Projects and Tutorials/_User Projects/Section_03-4_19/Building_Escape/BuildingEscape 4.20/Content/NewMap1.umap" TEMPLATE=0 SHOWPROGRESS=1 FEATURELEVEL=3
[2018.08.21-05.33.39:885][  0]LightingResults: New page: Lighting Build
[2018.08.21-05.33.39:888][  0]MapCheck: New page: Map Check
[2018.08.21-05.33.39:888][  0]LightingResults: New page: Lighting Build
[2018.08.21-05.33.40:303][  0]LogAIModule: Creating AISystem for world NewMap1
[2018.08.21-05.33.40:312][  0]LogEditorServer: Finished looking for orphan Actors (0.000 secs)
[2018.08.21-05.33.40:342][  0]Cmd: MAP CHECKDEP NOCLEARLOG
[2018.08.21-05.33.40:494][  0]MapCheck: Map check complete: 0 Error(s), 0 Warning(s), took 151.708ms to complete.
[2018.08.21-05.33.40:494][  0]LogFileHelpers: Loading map 'NewMap1' took 0.609
[2018.08.21-05.33.40:603][  0]LogCollectionManager: Loaded 0 collections in 0.000983 seconds
[2018.08.21-05.33.40:644][  0]LogFileCache: Scanning file cache for directory 'E:/Media/UE4 Projects and Tutorials/_User Projects/Section_03-4_19/Building_Escape/BuildingEscape 4.20/Saved/Collections/' took 0.01s
[2018.08.21-05.33.40:645][  0]LogFileCache: Scanning file cache for directory 'E:/Media/UE4 Projects and Tutorials/_User Projects/Section_03-4_19/Building_Escape/BuildingEscape 4.20/Content/Developers/angsh/Collections/' took 0.01s
[2018.08.21-05.33.40:645][  0]LogFileCache: Scanning file cache for directory 'E:/Media/UE4 Projects and Tutorials/_User Projects/Section_03-4_19/Building_Escape/BuildingEscape 4.20/Content/Collections/' took 0.01s
[2018.08.21-05.33.40:645][  0]LogCollectionManager: Rebuilt the GUID cache for 0 collections in 0.000000 seconds
[2018.08.21-05.33.40:657][  0]LogContentBrowser: Native class hierarchy populated in 0.0125 seconds. Added 2591 classes and 613 folders.
[2018.08.21-05.33.40:664][  0]LogContentBrowser: Native class hierarchy updated for 'WidgetCarousel' in 0.0004 seconds. Added 0 classes and 0 folders.
[2018.08.21-05.33.40:736][  0]LogContentBrowser: Native class hierarchy updated for 'AddContentDialog' in 0.0004 seconds. Added 0 classes and 0 folders.
[2018.08.21-05.33.40:760][  0]LogSlate: Updating window title bar state: overlay mode, drag disabled, window buttons hidden, title bar hidden
[2018.08.21-05.33.40:769][  0]LogSlate: Updating window title bar state: overlay mode, drag disabled, window buttons hidden, title bar hidden
[2018.08.21-05.33.40:778][  0]LogSlate: Updating window title bar state: overlay mode, drag disabled, window buttons hidden, title bar hidden
[2018.08.21-05.33.40:787][  0]LogSlate: Updating window title bar state: overlay mode, drag disabled, window buttons hidden, title bar hidden
[2018.08.21-05.33.40:870][  0]LogSlate: Took 0.001006 seconds to synchronously load lazily loaded font '../../../Engine/Content/Slate/Fonts/Roboto-Regular.ttf' (155K)
[2018.08.21-05.33.40:874][  0]LogSlate: Took 0.000993 seconds to synchronously load lazily loaded font '../../../Engine/Content/Editor/Slate/Fonts/FontAwesome.ttf' (139K)
[2018.08.21-05.33.40:877][  0]LogSlate: Took 0.002310 seconds to synchronously load lazily loaded font '../../../Engine/Content/Slate/Fonts/Roboto-Bold.ttf' (160K)
[2018.08.21-05.33.40:886][  0]LogSlate: Took 0.000896 seconds to synchronously load lazily loaded font '../../../Engine/Content/Slate/Fonts/DroidSansMono.ttf' (77K)
[2018.08.21-05.33.41:015][  0]LogRenderer: Reallocating scene render targets to support 1080x584 Format 10 NumSamples 1 (Frame:1).
[2018.08.21-05.33.41:156][  0]LogContentBrowser: Native class hierarchy updated for 'HierarchicalLODOutliner' in 0.0004 seconds. Added 0 classes and 0 folders.
[2018.08.21-05.33.41:156][  0]LogLoad: (Engine Initialization) Total time: 11.81 seconds
[2018.08.21-05.33.41:156][  0]LogLoad: (Engine Initialization) Total Blueprint compile time: 0.00 seconds
[2018.08.21-05.33.41:175][  0]LogWindowsTextInputMethodSystem: Display: IME system now deactivated.
[2018.08.21-05.33.41:198][  0]LogContentStreaming: Texture pool size now 3000 MB
[2018.08.21-05.33.41:216][  1]LogSubstanceLiveLink: Warning: Unable to send data along socket, closing connection
[2018.08.21-05.33.41:232][  1]LogAssetRegistry: Asset discovery search completed in 6.7075 seconds
[2018.08.21-05.33.41:234][  1]LogCollectionManager: Rebuilt the object cache for 0 collections in 0.000000 seconds (found 0 objects)
[2018.08.21-05.33.41:235][  1]LogCollectionManager: Fixed up redirectors for 0 collections in 0.000374 seconds (updated 0 objects)
[2018.08.21-05.33.43:565][137]LogSlate: FSceneViewport::OnFocusLost() reason 2
[2018.08.21-05.33.45:260][239]LogSlate: FSceneViewport::OnFocusLost() reason 0
[2018.08.21-05.34.00:545][354]LogEditorViewport: Clicking on Actor (LMB): StaticMeshActor (Floor)
[2018.08.21-05.34.06:839][726]LogSlate: Took 0.000883 seconds to synchronously load lazily loaded font '../../../Engine/Content/Slate/Fonts/Roboto-Italic.ttf' (157K)
[2018.08.21-05.34.07:140][744]LogSlate: FSceneViewport::OnFocusLost() reason 0
[2018.08.21-05.34.10:200][927]LogEditorViewport: Clicking on Actor (LMB): StaticMeshActor (Wall_400x314)
[2018.08.21-05.34.10:911][966]LogEditorViewport: Clicking on Actor (LMB): TriggerVolume (TriggerVolume2)
[2018.08.21-05.34.20:722][552]LogEditorViewport: Clicking on Actor (LMB): StaticMeshActor (SM_Door2)
[2018.08.21-05.34.24:832][794]LogSlate: FSceneViewport::OnFocusLost() reason 0
[2018.08.21-05.34.30:570][138]LogEditorViewport: Clicking on Actor (LMB): TriggerVolume (TriggerVolume2)
[2018.08.21-05.34.38:183][591]LogEditorViewport: Clicking on Actor (LMB): TriggerVolume (TriggerVolume)
[2018.08.21-05.34.44:790][985]LogSlate: FSceneViewport::OnFocusLost() reason 0
[2018.08.21-05.34.51:586][392]LogEditorViewport: Clicking on Actor (LMB): StaticMeshActor (SM_Door)
[2018.08.21-05.34.52:977][471]LogSlate: FSceneViewport::OnFocusLost() reason 0
[2018.08.21-05.35.00:657][931]LogEditorViewport: Clicking on Actor (LMB): TriggerVolume (TriggerVolume2)
[2018.08.21-05.35.01:762][994]LogSlate: FSceneViewport::OnFocusLost() reason 0
[2018.08.21-05.35.11:961][606]LogEditorViewport: Clicking on Actor (LMB): StaticMeshActor (SM_Door2)
[2018.08.21-05.35.13:419][690]LogSlate: FSceneViewport::OnFocusLost() reason 0
[2018.08.21-05.35.19:922][ 77]LogSlate: Took 0.000956 seconds to synchronously load lazily loaded font '../../../Engine/Content/Slate/Fonts/Roboto-Light.ttf' (167K)
[2018.08.21-05.35.20:154][ 77]LogSavePackage: Moving 'E:/Media/UE4 Projects and Tutorials/_User Projects/Section_03-4_19/Building_Escape/BuildingEscape 4.20/Saved/NewMap1D45B8F2543688FBD76152BB8BCF74F6E.tmp' to 'E:/Media/UE4 Projects and Tutorials/_User Projects/Section_03-4_19/Building_Escape/BuildingEscape 4.20/Content/NewMap1.umap'
[2018.08.21-05.35.20:167][ 77]LogFileHelpers: Saving map 'NewMap1' took 0.224
[2018.08.21-05.35.20:862][118]Candidate modules for hot reload:
[2018.08.21-05.35.20:863][118]  BuildingEscape
[2018.08.21-05.35.20:863][118]Launching UnrealBuildTool... [D:/Unreal Engine/UE_4.20/Engine/Binaries/DotNET/UnrealBuildTool.exe  -ModuleWithSuffix=BuildingEscape,4635 Win64 Development -TargetType=Editor -Project="E:/Media/UE4 Projects and Tutorials/_User Projects/Section_03-4_19/Building_Escape/BuildingEscape 4.20/BuildingEscape.uproject" -canskiplink "E:/Media/UE4 Projects and Tutorials/_User Projects/Section_03-4_19/Building_Escape/BuildingEscape 4.20/BuildingEscape.uproject" ]
[2018.08.21-05.35.20:865][118]Warning: Starting HotReload took  0.0s.
[2018.08.21-05.35.23:083][252]CompilerResultsLog: New page: Compilation - Aug 21, 2018, 4:35:23 PM
[2018.08.21-05.35.23:084][252]CompilerResultsLog: Using 'git status' to determine working set for adaptive non-unity build.
[2018.08.21-05.35.23:084][252]CompilerResultsLog: Compiling game modules for hot reload
[2018.08.21-05.35.23:085][252]CompilerResultsLog: Target is up to date
[2018.08.21-05.35.23:085][252]CompilerResultsLog: Total build time: 1.85 seconds (NoActionsToExecute executor: 0.00 seconds)
[2018.08.21-05.35.23:085][252]LogMainFrame: MainFrame: Module compiling took 2.227 seconds
[2018.08.21-05.35.23:133][252]LogContentBrowser: Native class hierarchy populated in 0.0127 seconds. Added 2591 classes and 613 folders.
[2018.08.21-05.35.23:133][252]Display: HotReload took  2.3s.
[2018.08.21-05.35.24:367][326]LogTemp: Repeating last play command: Selected Viewport
[2018.08.21-05.35.24:375][326]LogPlayLevel: PlayLevel: No blueprints needed recompiling
[2018.08.21-05.35.24:388][326]PIE: New page: PIE session: NewMap1 (Aug 21, 2018, 4:35:24 PM)
[2018.08.21-05.35.24:388][326]LogPlayLevel: Creating play world package: /Game/UEDPIE_0_NewMap1
[2018.08.21-05.35.24:394][326]LogPlayLevel: PIE: StaticDuplicateObject took: (0.005152s)
[2018.08.21-05.35.24:395][326]LogAIModule: Creating AISystem for world NewMap1
[2018.08.21-05.35.24:395][326]LogPlayLevel: PIE: World Init took: (0.001457s)
[2018.08.21-05.35.24:395][326]LogPlayLevel: PIE: Created PIE world by copying editor world from /Game/NewMap1.NewMap1 to /Game/UEDPIE_0_NewMap1.NewMap1 (0.007327s)
[2018.08.21-05.35.24:427][326]LogInit: XAudio2 using 'Speakers (Realtek High Definition Audio)' : 2 channels at 48 kHz using 32 bits per sample (channel mask 0x3)
[2018.08.21-05.35.24:445][326]LogInit: FAudioDevice initialized.
[2018.08.21-05.35.24:500][326]LogLoad: Game class is 'BuildingEscape_BP_C'
[2018.08.21-05.35.24:503][326]LogWorld: Bringing World /Game/UEDPIE_0_NewMap1.NewMap1 up for play (max tick rate 60) at 2018.08.21-11.05.24
[2018.08.21-05.35.24:504][326]LogWorld: Bringing up level for play took: 0.002068
[2018.08.21-05.35.24:549][326]LogContentBrowser: Native class hierarchy updated for 'MovieSceneCapture' in 0.0005 seconds. Added 10 classes and 0 folders.
[2018.08.21-05.35.24:550][326]LogTemp: Warning: SM_Chair_2 found on X=383.387 Y=-413.742 Z=19.821
[2018.08.21-05.35.24:551][326]LogTemp: Warning: SM_Chair2 found on X=223.387 Y=-413.742 Z=19.821
[2018.08.21-05.35.24:551][326]LogTemp: Warning: DefaultPawn_BP_C_0 input component found
[2018.08.21-05.35.24:551][326]PIE: Play in editor start time for /Game/UEDPIE_0_NewMap1 0.53
[2018.08.21-05.35.28:606][569]LogTemp: Error:  36322516740n pressure plate!
[2018.08.21-05.35.28:623][570]LogTemp: Error:  36322514020n pressure plate!
[2018.08.21-05.35.28:639][571]LogTemp: Error:  36322533100n pressure plate!
[2018.08.21-05.35.28:656][572]LogTemp: Error:  36322536620n pressure plate!
[2018.08.21-05.35.28:672][573]LogTemp: Error:  36322503620n pressure plate!
[2018.08.21-05.35.28:689][574]LogTemp: Error:  36322505000n pressure plate!
[2018.08.21-05.35.28:706][575]LogTemp: Error:  36322505060n pressure plate!
[2018.08.21-05.35.28:722][576]LogTemp: Error:  36322512560n pressure plate!
[2018.08.21-05.35.28:739][577]LogTemp: Error:  36322536700n pressure plate!
[2018.08.21-05.35.28:755][578]LogTemp: Error:  36322523120n pressure plate!
[2018.08.21-05.35.28:772][579]LogTemp: Error:  36322532600n pressure plate!
[2018.08.21-05.35.28:789][580]LogTemp: Error:  36322502660n pressure plate!
[2018.08.21-05.35.28:806][581]LogTemp: Error:  36322507200n pressure plate!
[2018.08.21-05.35.28:822][582]LogTemp: Error:  36322501260n pressure plate!
[2018.08.21-05.35.28:839][583]LogTemp: Error:  36322523260n pressure plate!
[2018.08.21-05.35.28:855][584]LogTemp: Error:  36322525700n pressure plate!
[2018.08.21-05.35.28:872][585]LogTemp: Error:  36322533020n pressure plate!
[2018.08.21-05.35.28:889][586]LogTemp: Error:  36322505360n pressure plate!
[2018.08.21-05.35.28:906][587]LogTemp: Error:  36322506620n pressure plate!
[2018.08.21-05.35.28:923][588]LogTemp: Error:  36322501420n pressure plate!
[2018.08.21-05.35.28:940][589]LogTemp: Error:  36322533760n pressure plate!
[2018.08.21-05.35.28:956][590]LogTemp: Error:  36322517320n pressure plate!
[2018.08.21-05.35.28:973][591]LogTemp: Error:  36322517620n pressure plate!
[2018.08.21-05.35.28:990][592]LogTemp: Error:  36322535060n pressure plate!
[2018.08.21-05.35.29:006][593]LogTemp: Error:  36322520500n pressure plate!
[2018.08.21-05.35.29:023][594]LogTemp: Error:  36322520120n pressure plate!
[2018.08.21-05.35.29:040][595]LogTemp: Error:  36322515420n pressure plate!
[2018.08.21-05.35.29:056][596]LogTemp: Error:  36322523200n pressure plate!
[2018.08.21-05.35.29:073][597]LogTemp: Error:  36322505740n pressure plate!
[2018.08.21-05.35.29:090][598]LogTemp: Error:  36322521740n pressure plate!
[2018.08.21-05.35.29:106][599]LogTemp: Error:  36322504720n pressure plate!
[2018.08.21-05.35.29:123][600]LogTemp: Error:  36322515560n pressure plate!
[2018.08.21-05.35.29:139][601]LogTemp: Error:  36322531200n pressure plate!
[2018.08.21-05.35.29:156][602]LogTemp: Error:  36322524060n pressure plate!
[2018.08.21-05.35.29:173][603]LogTemp: Error:  36322515340n pressure plate!
[2018.08.21-05.35.29:190][604]LogTemp: Error:  36322534560n pressure plate!
[2018.08.21-05.35.29:206][605]LogTemp: Error:  36322534340n pressure plate!
[2018.08.21-05.35.29:223][606]LogTemp: Error:  36322537040n pressure plate!
[2018.08.21-05.35.29:239][607]LogTemp: Error:  36322532440n pressure plate!
[2018.08.21-05.35.29:256][608]LogTemp: Error:  36322517100n pressure plate!
[2018.08.21-05.35.29:273][609]LogTemp: Error:  36322537120n pressure plate!
[2018.08.21-05.35.29:289][610]LogTemp: Error:  36322511100n pressure plate!
[2018.08.21-05.35.29:306][611]LogTemp: Error:  36322521060n pressure plate!
[2018.08.21-05.35.29:323][612]LogTemp: Error:  36322501040n pressure plate!
[2018.08.21-05.35.29:339][613]LogTemp: Error:  36322501560n pressure plate!
[2018.08.21-05.35.29:356][614]LogTemp: Error:  36322516220n pressure plate!
[2018.08.21-05.35.29:372][615]LogTemp: Error:  36322503460n pressure plate!
[2018.08.21-05.35.29:389][616]LogTemp: Error:  36322520200n pressure plate!
[2018.08.21-05.35.29:405][617]LogTemp: Error:  36322530760n pressure plate!
[2018.08.21-05.35.29:422][618]LogTemp: Error:  36322503020n pressure plate!
[2018.08.21-05.35.29:439][619]LogTemp: Error:  36322513600n pressure plate!
[2018.08.21-05.35.29:456][620]LogTemp: Error:  36322524000n pressure plate!
[2018.08.21-05.35.29:472][621]LogTemp: Error:  36322536100n pressure plate!
[2018.08.21-05.35.29:489][622]LogTemp: Error:  36322506240n pressure plate!
[2018.08.21-05.35.29:506][623]LogTemp: Error:  36322505300n pressure plate!
[2018.08.21-05.35.29:523][624]LogTemp: Error:  36322526720n pressure plate!
[2018.08.21-05.35.29:539][625]LogTemp: Error:  36322537420n pressure plate!
[2018.08.21-05.35.29:556][626]LogTemp: Error:  36322534200n pressure plate!
[2018.08.21-05.35.29:572][627]LogTemp: Error:  36322521300n pressure plate!
[2018.08.21-05.35.29:589][628]LogTemp: Error:  36322523640n pressure plate!
[2018.08.21-05.35.29:606][629]LogTemp: Error:  36322506160n pressure plate!
[2018.08.21-05.35.29:623][630]LogTemp: Error:  33020131560n pressure plate!
[2018.08.21-05.35.29:639][631]LogTemp: Error:  33020131120n pressure plate!
[2018.08.21-05.35.29:656][632]LogTemp: Error:  33020112260n pressure plate!
[2018.08.21-05.35.29:672][633]LogTemp: Error:  33020105220n pressure plate!
[2018.08.21-05.35.29:689][634]LogTemp: Error:  33020125240n pressure plate!
[2018.08.21-05.35.29:705][635]LogTemp: Error:  33020112560n pressure plate!
[2018.08.21-05.35.29:722][636]LogTemp: Error:  33020105740n pressure plate!
[2018.08.21-05.35.29:738][637]LogTemp: Error:  33020127600n pressure plate!
[2018.08.21-05.35.29:756][638]LogTemp: Error:  33020107560n pressure plate!
[2018.08.21-05.35.29:772][639]LogTemp: Error:  33020111540n pressure plate!
[2018.08.21-05.35.29:789][640]LogTemp: Error:  33020126420n pressure plate!
[2018.08.21-05.35.29:805][641]LogTemp: Error:  33020133160n pressure plate!
[2018.08.21-05.35.29:822][642]LogTemp: Error:  33020132220n pressure plate!
[2018.08.21-05.35.29:839][643]LogTemp: Error:  33020130760n pressure plate!
[2018.08.21-05.35.29:855][644]LogTemp: Error:  33020131340n pressure plate!
[2018.08.21-05.35.29:872][645]LogTemp: Error:  33020132060n pressure plate!
[2018.08.21-05.35.29:889][646]LogTemp: Error:  33020127440n pressure plate!
[2018.08.21-05.35.29:905][647]LogTemp: Error:  33020113060n pressure plate!
[2018.08.21-05.35.29:922][648]LogTemp: Error:  33020125320n pressure plate!
[2018.08.21-05.35.29:939][649]LogTemp: Error:  33020125400n pressure plate!
[2018.08.21-05.35.29:955][650]LogTemp: Error:  33020125160n pressure plate!
[2018.08.21-05.35.29:972][651]LogTemp: Error:  33020126200n pressure plate!
[2018.08.21-05.35.29:989][652]LogTemp: Error:  33020116300n pressure plate!
[2018.08.21-05.35.30:005][653]LogTemp: Error:  33020113660n pressure plate!
[2018.08.21-05.35.30:022][654]LogTemp: Error:  33020120640n pressure plate!
[2018.08.21-05.35.30:039][655]LogTemp: Error:  33020114320n pressure plate!
[2018.08.21-05.35.30:056][656]LogTemp: Error:  33020121220n pressure plate!
[2018.08.21-05.35.30:073][657]LogTemp: Error:  33020125620n pressure plate!
[2018.08.21-05.35.30:089][658]LogTemp: Error:  33020122460n pressure plate!
[2018.08.21-05.35.30:105][659]LogTemp: Error:  33020126120n pressure plate!
[2018.08.21-05.35.30:122][660]LogTemp: Error:  33020122620n pressure plate!
[2018.08.21-05.35.30:139][661]LogTemp: Error:  33020114540n pressure plate!
[2018.08.21-05.35.30:155][662]LogTemp: Error:  33020127660n pressure plate!
[2018.08.21-05.35.30:172][663]LogTemp: Error:  33020114400n pressure plate!
[2018.08.21-05.35.30:189][664]LogTemp: Error:  33020115720n pressure plate!
[2018.08.21-05.35.30:206][665]LogTemp: Error:  33020127060n pressure plate!
[2018.08.21-05.35.30:223][666]LogTemp: Error:  33020113140n pressure plate!
[2018.08.21-05.35.30:239][667]LogTemp: Error:  33020131640n pressure plate!
[2018.08.21-05.35.30:256][668]LogTemp: Error:  33020112500n pressure plate!
[2018.08.21-05.35.30:273][669]LogTemp: Error:  33020111020n pressure plate!
[2018.08.21-05.35.30:289][670]LogTemp: Error:  33020105660n pressure plate!
[2018.08.21-05.35.30:305][671]LogTemp: Error:  33020127360n pressure plate!
[2018.08.21-05.35.30:322][672]LogTemp: Error:  20305124600n pressure plate!
[2018.08.21-05.35.30:338][673]LogTemp: Error:  20305100700n pressure plate!
[2018.08.21-05.35.30:356][674]LogTemp: Error:  20305133240n pressure plate!
[2018.08.21-05.35.30:373][675]LogTemp: Error:  20305122400n pressure plate!
[2018.08.21-05.35.30:390][676]LogTemp: Error:  20305101560n pressure plate!
[2018.08.21-05.35.30:406][677]LogTemp: Error:  20305136760n pressure plate!
[2018.08.21-05.35.30:423][678]LogTemp: Error:  20305133320n pressure plate!
[2018.08.21-05.35.30:440][679]LogTemp: Error:  20305101640n pressure plate!
[2018.08.21-05.35.32:623][810]LogTemp: Warning: Grab pressed!
[2018.08.21-05.35.33:934][810]LogWindows: Error: === Critical error: ===
[2018.08.21-05.35.33:934][810]LogWindows: Error: 
[2018.08.21-05.35.33:934][810]LogWindows: Error: Fatal error!
[2018.08.21-05.35.33:934][810]LogWindows: Error: 
[2018.08.21-05.35.33:934][810]LogWindows: Error: Unhandled Exception: EXCEPTION_ACCESS_VIOLATION reading address 0x00000170
[2018.08.21-05.35.33:934][810]LogWindows: Error: 
[2018.08.21-05.35.33:934][810]LogWindows: Error: [Callstack] 0x00007ffc52382ace UE4Editor-BuildingEscape-9507.dll!UGrabber::Grab() [e:\media\ue4 projects and tutorials\_user projects\section_03-4_19\building_escape\buildingescape 4.20\source\buildingescape\grabber.cpp:70]
[2018.08.21-05.35.33:935][810]LogWindows: Error: [Callstack] 0x00007ffc66930b59 UE4Editor-Engine.dll!UnknownFunction []
[2018.08.21-05.35.33:935][810]LogWindows: Error: [Callstack] 0x00007ffc66962642 UE4Editor-Engine.dll!UnknownFunction []
[2018.08.21-05.35.33:935][810]LogWindows: Error: [Callstack] 0x00007ffc6642f45c UE4Editor-Engine.dll!UnknownFunction []
[2018.08.21-05.35.33:935][810]LogWindows: Error: [Callstack] 0x00007ffc664438e8 UE4Editor-Engine.dll!UnknownFunction []
[2018.08.21-05.35.33:935][810]LogWindows: Error: [Callstack] 0x00007ffc6642ceab UE4Editor-Engine.dll!UnknownFunction []
[2018.08.21-05.35.33:935][810]LogWindows: Error: [Callstack] 0x00007ffc664427a3 UE4Editor-Engine.dll!UnknownFunction []
[2018.08.21-05.35.33:935][810]LogWindows: Error: [Callstack] 0x00007ffc656655e0 UE4Editor-Engine.dll!UnknownFunction []
[2018.08.21-05.35.33:935][810]LogWindows: Error: [Callstack] 0x00007ffc6685fdad UE4Editor-Engine.dll!UnknownFunction []
[2018.08.21-05.35.33:935][810]LogWindows: Error: [Callstack] 0x00007ffc7eba1f92 UE4Editor-Core.dll!UnknownFunction []
[2018.08.21-05.35.33:935][810]LogWindows: Error: [Callstack] 0x00007ffc7eba2456 UE4Editor-Core.dll!UnknownFunction []
[2018.08.21-05.35.33:935][810]LogWindows: Error: [Callstack] 0x00007ffc7ebb6d25 UE4Editor-Core.dll!UnknownFunction []
[2018.08.21-05.35.33:935][810]LogWindows: Error: [Callstack] 0x00007ffc668b41f4 UE4Editor-Engine.dll!UnknownFunction []
[2018.08.21-05.35.33:935][810]LogWindows: Error: [Callstack] 0x00007ffc668c3482 UE4Editor-Engine.dll!UnknownFunction []
[2018.08.21-05.35.33:935][810]LogWindows: Error: [Callstack] 0x00007ffc65fc8654 UE4Editor-Engine.dll!UnknownFunction []
[2018.08.21-05.35.33:935][810]LogWindows: Error: [Callstack] 0x00007ffc65fd3e73 UE4Editor-Engine.dll!UnknownFunction []
[2018.08.21-05.35.33:935][810]LogWindows: Error: [Callstack] 0x00007ffc6b7f7295 UE4Editor-UnrealEd.dll!UnknownFunction []
[2018.08.21-05.35.33:935][810]LogWindows: Error: [Callstack] 0x00007ffc6c0ef0d6 UE4Editor-UnrealEd.dll!UnknownFunction []
[2018.08.21-05.35.33:935][810]LogWindows: Error: [Callstack] 0x00007ff6e23a5cbd UE4Editor.exe!UnknownFunction []
[2018.08.21-05.35.33:935][810]LogWindows: Error: [Callstack] 0x00007ff6e23b5b3c UE4Editor.exe!UnknownFunction []
[2018.08.21-05.35.33:935][810]LogWindows: Error: [Callstack] 0x00007ff6e23b5bba UE4Editor.exe!UnknownFunction []
[2018.08.21-05.35.33:935][810]LogWindows: Error: [Callstack] 0x00007ff6e23c3dac UE4Editor.exe!UnknownFunction []
[2018.08.21-05.35.33:935][810]LogWindows: Error: [Callstack] 0x00007ff6e23c5aaa UE4Editor.exe!UnknownFunction []
[2018.08.21-05.35.33:935][810]LogWindows: Error: [Callstack] 0x00007ffcc2b63034 KERNEL32.DLL!UnknownFunction []
[2018.08.21-05.35.33:935][810]LogWindows: Error: [Callstack] 0x00007ffcc2d81431 ntdll.dll!UnknownFunction []
[2018.08.21-05.35.33:935][810]LogWindows: Error: 
[2018.08.21-05.35.33:947][810]LogExit: Executing StaticShutdownAfterError
[2018.08.21-05.35.33:950][810]LogWindows: FPlatformMisc::RequestExit(1)
[2018.08.21-05.35.33:960][810]Log file closed, 08/21/18 11:05:33
