Log file open, 08/21/18 10:29:10
LogWindows: Failed to load 'aqProf.dll' (GetLastError=126)
LogWindows: File 'aqProf.dll' does not exist
LogWindows: Failed to load 'VSPerf140.dll' (GetLastError=126)
LogWindows: File 'VSPerf140.dll' does not exist
LogWindows: Failed to load 'VtuneApi.dll' (GetLastError=126)
LogWindows: File 'VtuneApi.dll' does not exist
LogWindows: Failed to load 'VtuneApi32e.dll' (GetLastError=126)
LogWindows: File 'VtuneApi32e.dll' does not exist
LogInit: Display: Running engine for game: BuildingEscape
LogPlatformFile: Not using cached read wrapper
LogTaskGraph: Started task graph with 5 named threads and 23 total threads with 3 sets of task threads.
LogStats: Stats thread started at 0.304429
LogD3D11RHI: Loaded GFSDK_Aftermath_Lib.x64.dll
LogICUInternationalization: Display: ICU TimeZone Detection - Raw Offset: +5:30, Platform Override: ''
LogPluginManager: Mounting plugin Paper2D
LogPluginManager: Mounting plugin AISupport
LogPluginManager: Mounting plugin LightPropagationVolume
LogPluginManager: Mounting plugin CLionSourceCodeAccess
LogPluginManager: Mounting plugin CodeLiteSourceCodeAccess
LogPluginManager: Mounting plugin GitSourceControl
LogPluginManager: Mounting plugin KDevelopSourceCodeAccess
LogPluginManager: Mounting plugin NullSourceCodeAccess
LogPluginManager: Mounting plugin PerforceSourceControl
LogPluginManager: Mounting plugin SubversionSourceControl
LogPluginManager: Mounting plugin UObjectPlugin
LogPluginManager: Mounting plugin VisualStudioCodeSourceCodeAccess
LogPluginManager: Mounting plugin VisualStudioSourceCodeAccess
LogPluginManager: Mounting plugin XCodeSourceCodeAccess
LogPluginManager: Mounting plugin AssetManagerEditor
LogPluginManager: Mounting plugin CryptoKeys
LogPluginManager: Mounting plugin DataValidation
LogPluginManager: Mounting plugin FacialAnimation
LogPluginManager: Mounting plugin GameplayTagsEditor
LogPluginManager: Mounting plugin MacGraphicsSwitching
LogPluginManager: Mounting plugin MeshEditor
LogPluginManager: Mounting plugin MobileLauncherProfileWizard
LogPluginManager: Mounting plugin PluginBrowser
LogPluginManager: Mounting plugin SpeedTreeImporter
LogPluginManager: Mounting plugin DatasmithContent
LogPluginManager: Mounting plugin AlembicImporter
LogPluginManager: Mounting plugin AppleImageUtils
LogPluginManager: Mounting plugin AppleVision
LogPluginManager: Mounting plugin BackChannel
LogPluginManager: Mounting plugin CharacterAI
LogPluginManager: Mounting plugin GeometryCache
LogPluginManager: Mounting plugin HTML5Networking
LogPluginManager: Mounting plugin ProxyLODPlugin
LogPluginManager: Mounting plugin MagicLeap
LogPluginManager: Mounting plugin MagicLeapEmulator
LogPluginManager: Mounting plugin MagicLeapMedia
LogPluginManager: Mounting plugin Substance
LogPluginManager: Mounting plugin AndroidMedia
LogPluginManager: Mounting plugin AvfMedia
LogPluginManager: Mounting plugin ImgMedia
LogPluginManager: Mounting plugin LinearTimecode
LogPluginManager: Mounting plugin MediaCompositing
LogPluginManager: Mounting plugin MediaPlayerEditor
LogPluginManager: Mounting plugin WmfMedia
LogPluginManager: Mounting plugin TcpMessaging
LogPluginManager: Mounting plugin UdpMessaging
LogPluginManager: Mounting plugin ActorSequence
LogPluginManager: Mounting plugin LevelSequenceEditor
LogPluginManager: Mounting plugin MatineeToLevelSequence
LogPluginManager: Mounting plugin NetcodeUnitTest
LogPluginManager: Mounting plugin NUTUnrealEngine4
LogPluginManager: Mounting plugin OnlineSubsystemGooglePlay
LogPluginManager: Mounting plugin OnlineSubsystemIOS
LogPluginManager: Mounting plugin OnlineSubsystem
LogPluginManager: Mounting plugin OnlineSubsystemNull
LogPluginManager: Mounting plugin OnlineSubsystemUtils
LogPluginManager: Mounting plugin LauncherChunkInstaller
LogPluginManager: Mounting plugin AndroidDeviceProfileSelector
LogPluginManager: Mounting plugin AndroidMoviePlayer
LogPluginManager: Mounting plugin AndroidPermission
LogPluginManager: Mounting plugin AppleMoviePlayer
LogPluginManager: Mounting plugin ArchVisCharacter
LogPluginManager: Mounting plugin AudioCapture
LogPluginManager: Mounting plugin CableComponent
LogPluginManager: Mounting plugin CustomMeshComponent
LogPluginManager: Mounting plugin EditableMesh
LogPluginManager: Mounting plugin ExampleDeviceProfileSelector
LogPluginManager: Mounting plugin GoogleCloudMessaging
LogPluginManager: Mounting plugin ImmediatePhysics
LogPluginManager: Mounting plugin IOSDeviceProfileSelector
LogPluginManager: Mounting plugin LinuxDeviceProfileSelector
LogPluginManager: Mounting plugin LocationServicesBPLibrary
LogPluginManager: Mounting plugin MobilePatchingUtils
LogPluginManager: Mounting plugin OculusVR
LogPluginManager: Plugin shader directory ../../../Engine/Plugins/Runtime/Oculus/OculusVR/Shaders found
LogPluginManager: Mapping shader source directory ../../../Engine/Plugins/Runtime/Oculus/OculusVR/Shaders to virtual directory /Plugin/OculusVR
LogPluginManager: Mounting plugin PhysXVehicles
LogPluginManager: Mounting plugin ProceduralMeshComponent
LogPluginManager: Mounting plugin RuntimePhysXCooking
LogPluginManager: Mounting plugin SteamVR
LogPluginManager: Mounting plugin WindowsMoviePlayer
LogStreaming: Display: Took  0.117s to configure plugins.
LogInit: Using libcurl 7.55.1-DEV
LogInit:  - built for x86_64-pc-win32
LogInit:  - supports SSL with OpenSSL/1.0.2h
LogInit:  - supports HTTP deflate (compression) using libz 1.2.8
LogInit:  - other features:
LogInit:      CURL_VERSION_SSL
LogInit:      CURL_VERSION_LIBZ
LogInit:      CURL_VERSION_IPV6
LogInit:      CURL_VERSION_ASYNCHDNS
LogInit:      CURL_VERSION_LARGEFILE
LogInit:      CURL_VERSION_IDN
LogInit:  CurlRequestOptions (configurable via config and command line):
LogInit:  - bVerifyPeer = false  - Libcurl will NOT verify peer certificate
LogInit:  - bUseHttpProxy = false  - Libcurl will NOT use HTTP proxy
LogInit:  - bDontReuseConnections = false  - Libcurl will reuse connections
LogInit:  - CertBundlePath = nullptr  - Libcurl will use whatever was configured at build time.
LogInit:  - MaxHostConnections = 16  - Libcurl will limit the number of connections to a host
LogInit:  - LocalHostAddr = Default
LogInit:  - BufferSize = 65536
LogInit: WinSock: version 1.1 (2.2), MaxSocks=32767, MaxUdp=65467
LogInit: Build: ++UE4+Release-4.20-CL-4233996
LogInit: Engine Version: 4.20.1-4233996+++UE4+Release-4.20
LogInit: Compatible Engine Version: 4.20.0-4212847+++UE4+Release-4.20
LogInit: Net CL: 4212847
LogInit: OS: Windows 10 (), CPU: Intel(R) Core(TM) i7-4710HQ CPU @ 2.50GHz, GPU: Intel(R) HD Graphics 4600
LogInit: Compiled (64-bit): Jul 26 2018 10:07:30
LogInit: Compiled with Visual C++: 19.13.26129.00
LogInit: Build Configuration: Development
LogInit: Branch Name: ++UE4+Release-4.20
LogInit: Command Line: 
LogInit: Base Directory: D:/Unreal Engine/UE_4.20/Engine/Binaries/Win64/
LogInit: Installed Engine Build: 1
LogDevObjectVersion: Number of dev versions registered: 20
LogDevObjectVersion:   Dev-Blueprints (B0D832E4-1F89-4F0D-ACCF-7EB736FD4AA2): 10
LogDevObjectVersion:   Dev-Build (E1C64328-A22C-4D53-A36C-8E866417BD8C): 0
LogDevObjectVersion:   Dev-Core (375EC13C-06E4-48FB-B500-84F0262A717E): 2
LogDevObjectVersion:   Dev-Editor (E4B068ED-F494-42E9-A231-DA0B2E46BB41): 24
LogDevObjectVersion:   Dev-Framework (CFFC743F-43B0-4480-9391-14DF171D2073): 34
LogDevObjectVersion:   Dev-Mobile (B02B49B5-BB20-44E9-A304-32B752E40360): 2
LogDevObjectVersion:   Dev-Networking (A4E4105C-59A1-49B5-A7C5-40C4547EDFEE): 0
LogDevObjectVersion:   Dev-Online (39C831C9-5AE6-47DC-9A44-9C173E1C8E7C): 0
LogDevObjectVersion:   Dev-Physics (78F01B33-EBEA-4F98-B9B4-84EACCB95AA2): 0
LogDevObjectVersion:   Dev-Platform (6631380F-2D4D-43E0-8009-CF276956A95A): 0
LogDevObjectVersion:   Dev-Rendering (12F88B9F-8875-4AFC-A67C-D90C383ABD29): 26
LogDevObjectVersion:   Dev-Sequencer (7B5AE74C-D270-4C10-A958-57980B212A5A): 9
LogDevObjectVersion:   Dev-VR (D7296918-1DD6-4BDD-9DE2-64A83CC13884): 2
LogDevObjectVersion:   Dev-LoadTimes (C2A15278-BFE7-4AFE-6C17-90FF531DF755): 1
LogDevObjectVersion:   Private-Geometry (6EACA3D4-40EC-4CC1-B786-8BED09428FC5): 3
LogDevObjectVersion:   Dev-AnimPhys (29E575DD-E0A3-4627-9D10-D276232CDCEA): 17
LogDevObjectVersion:   Dev-ReflectionCapture (6B266CEC-1EC7-4B8F-A30B-E4D90942FC07): 1
LogDevObjectVersion:   Dev-Automation (0DF73D61-A23F-47EA-B727-89E90C41499A): 1
LogDevObjectVersion:   FortniteMain (601D1886-AC64-4F84-AA16-D3DE0DEAC7D6): 12
LogDevObjectVersion:   Dev-Enterprise (9DFFBCD6-494F-0158-E221-12823C92A888): 1
LogStreaming: Display: Took  0.000s to delete old logs.
LogInit: Presizing for max 8388607 objects, including 0 objects not considered by GC, pre-allocating 0 bytes for permanent pool.
LogInit: Object subsystem initialized
[2018.08.21-04.59.10:618][  0]LogInit: Selected Device Profile: [Windows]
[2018.08.21-04.59.10:619][  0]LogInit: Applying CVar settings loaded from the selected device profile: [Windows]
[2018.08.21-04.59.10:630][  0]LogHAL: Display: Platform has ~ 16 GB [17087881216 / 17179869184 / 16], which maps to Larger [LargestMinGB=32, LargerMinGB=12, DefaultMinGB=8, SmallerMinGB=6, SmallestMinGB=0)
[2018.08.21-04.59.10:630][  0]LogInit: Setting Device Profile CVar: [[r.Vulkan.UseRealUBs:1]]
[2018.08.21-04.59.10:630][  0]LogInit: Going up to parent DeviceProfile []
[2018.08.21-04.59.10:630][  0]LogInit: Computer: BEAST-23
[2018.08.21-04.59.10:630][  0]LogInit: User: angsh
[2018.08.21-04.59.10:630][  0]LogInit: CPU Page size=4096, Cores=4
[2018.08.21-04.59.10:630][  0]LogInit: High frequency timer resolution =2.435778 MHz
[2018.08.21-04.59.10:631][  0]LogMemory: Memory total: Physical=15.9GB (16GB approx)
[2018.08.21-04.59.10:631][  0]LogMemory: Platform Memory Stats for Windows
[2018.08.21-04.59.10:631][  0]LogMemory: Process Physical Memory: 99.38 MB used, 99.38 MB peak
[2018.08.21-04.59.10:631][  0]LogMemory: Process Virtual Memory: 91.13 MB used, 91.13 MB peak
[2018.08.21-04.59.10:631][  0]LogMemory: Physical Memory: 7096.95 MB used,  9199.33 MB free, 16296.27 MB total
[2018.08.21-04.59.10:631][  0]LogMemory: Virtual Memory: 4644.96 MB used,  9199.33 MB free, 134217728.00 MB total
[2018.08.21-04.59.10:663][  0]LogInit: Using OS detected language (en-US).
[2018.08.21-04.59.10:663][  0]LogInit: Using OS detected locale (en-US).
[2018.08.21-04.59.10:663][  0]LogTextLocalizationManager: No specific localization for 'en-US' exists, so the 'en' localization will be used.
[2018.08.21-04.59.11:162][  0]LogStreaming: Display: Took  0.500s to InitEngineTextLocalization.
[2018.08.21-04.59.11:163][  0]LogInit: Setting process to per monitor DPI aware
[2018.08.21-04.59.11:210][  0]LogSlate: New Slate User Created.  User Index 0, Is Virtual User: 0
[2018.08.21-04.59.11:210][  0]LogSlate: Slate User Registered.  User Index 0, Is Virtual User: 0
[2018.08.21-04.59.11:820][  0]LogHMD: Failed to initialize OpenVR with code 110
[2018.08.21-04.59.11:820][  0]LogD3D11RHI: D3D11 adapters:
[2018.08.21-04.59.11:868][  0]LogD3D11RHI:    0. 'NVIDIA GeForce GTX 860M' (Feature Level 11_0)
[2018.08.21-04.59.11:868][  0]LogD3D11RHI:       4065/0/8148 MB DedicatedVideo/DedicatedSystem/SharedSystem, Outputs:1, VendorId:0x10de
[2018.08.21-04.59.11:878][  0]LogD3D11RHI:    1. 'Intel(R) HD Graphics 4600' (Feature Level 11_0)
[2018.08.21-04.59.11:878][  0]LogD3D11RHI:       112/0/2048 MB DedicatedVideo/DedicatedSystem/SharedSystem, Outputs:0, VendorId:0x8086
[2018.08.21-04.59.11:881][  0]LogD3D11RHI:    2. 'Microsoft Basic Render Driver' (Feature Level 11_0)
[2018.08.21-04.59.11:881][  0]LogD3D11RHI:       0/0/8148 MB DedicatedVideo/DedicatedSystem/SharedSystem, Outputs:0, VendorId:0x1414
[2018.08.21-04.59.11:881][  0]LogD3D11RHI: Chosen D3D11 Adapter: 0
[2018.08.21-04.59.11:905][  0]LogD3D11RHI: Creating new Direct3DDevice
[2018.08.21-04.59.11:905][  0]LogD3D11RHI:     GPU DeviceId: 0x1392 (for the marketing name, search the web for "GPU Device Id")
[2018.08.21-04.59.11:905][  0]LogWindows: EnumDisplayDevices:
[2018.08.21-04.59.11:905][  0]LogWindows:    0. 'Intel(R) HD Graphics 4600' (P:1 D:1)
[2018.08.21-04.59.11:905][  0]LogWindows:    1. 'Intel(R) HD Graphics 4600' (P:0 D:0)
[2018.08.21-04.59.11:906][  0]LogWindows:    2. 'Intel(R) HD Graphics 4600' (P:0 D:0)
[2018.08.21-04.59.11:906][  0]LogWindows: DebugString: PrimaryIsNotTheChoosenAdapter PrimaryIsNotTheChoosenAdapter PrimaryIsNotTheChoosenAdapter FoundDriverCount:0 
[2018.08.21-04.59.11:906][  0]LogD3D11RHI:     Adapter Name: NVIDIA GeForce GTX 860M
[2018.08.21-04.59.11:906][  0]LogD3D11RHI:   Driver Version: Unknown (internal:Unknown, unified:Unknown)
[2018.08.21-04.59.11:906][  0]LogD3D11RHI:      Driver Date: Unknown
[2018.08.21-04.59.11:906][  0]LogRHI: Texture pool is 2846 MB (70% of 4065 MB)
[2018.08.21-04.59.11:937][  0]LogD3D11RHI: Async texture creation enabled
[2018.08.21-04.59.11:956][  0]LogD3D11RHI: GPU Timing Frequency: 1000.000000 (Debug: 2 1)
[2018.08.21-04.59.11:957][  0]LogShaderCompilers: Guid format shader working directory is -57 characters bigger than the processId version (E:/Media/UE4 Projects and Tutorials/_User Projects/Section_03-4_19/Building_Escape/BuildingEscape 4.20/Intermediate/Shaders/WorkingDirectory/19148/).
[2018.08.21-04.59.11:957][  0]LogShaderCompilers: Cleaned the shader compiler working directory 'C:/Users/angsh/AppData/Local/Temp/UnrealShaderWorkingDir/84F427DC402BF156BD5995A762EB19FD/'.
[2018.08.21-04.59.12:311][  0]LogTemp: Display: Loaded TP AllDesktopTargetPlatform
[2018.08.21-04.59.12:329][  0]LogTemp: Display: Loaded TP MacClientTargetPlatform
[2018.08.21-04.59.12:347][  0]LogTemp: Display: Loaded TP MacNoEditorTargetPlatform
[2018.08.21-04.59.12:365][  0]LogTemp: Display: Loaded TP MacServerTargetPlatform
[2018.08.21-04.59.12:383][  0]LogTemp: Display: Loaded TP MacTargetPlatform
[2018.08.21-04.59.12:400][  0]LogTemp: Display: Loaded TP WindowsClientTargetPlatform
[2018.08.21-04.59.12:418][  0]LogTemp: Display: Loaded TP WindowsNoEditorTargetPlatform
[2018.08.21-04.59.12:435][  0]LogTemp: Display: Loaded TP WindowsServerTargetPlatform
[2018.08.21-04.59.12:443][  0]LogTemp: Display: Loaded TP WindowsTargetPlatform
[2018.08.21-04.59.12:550][  0]LogTemp: Display: Loaded TP AndroidTargetPlatform
[2018.08.21-04.59.12:550][  0]LogTemp: Display: Loaded TP AndroidTargetPlatform
[2018.08.21-04.59.12:550][  0]LogTemp: Display: Loaded TP AndroidTargetPlatform
[2018.08.21-04.59.12:550][  0]LogTemp: Display: Loaded TP AndroidTargetPlatform
[2018.08.21-04.59.12:550][  0]LogTemp: Display: Loaded TP AndroidTargetPlatform
[2018.08.21-04.59.12:550][  0]LogTemp: Display: Loaded TP AndroidTargetPlatform
[2018.08.21-04.59.12:550][  0]LogTemp: Display: Loaded TP AndroidTargetPlatform
[2018.08.21-04.59.12:550][  0]LogTemp: Display: Loaded TP AndroidTargetPlatform
[2018.08.21-04.59.12:550][  0]LogTemp: Display: Loaded TP AndroidTargetPlatform
[2018.08.21-04.59.12:550][  0]LogTemp: Display: Loaded TP AndroidTargetPlatform
[2018.08.21-04.59.12:550][  0]LogTemp: Display: Loaded TP AndroidTargetPlatform
[2018.08.21-04.59.12:550][  0]LogTemp: Display: Loaded TP AndroidTargetPlatform
[2018.08.21-04.59.12:550][  0]LogTemp: Display: Loaded TP AndroidTargetPlatform
[2018.08.21-04.59.12:550][  0]LogTemp: Display: Loaded TP AndroidTargetPlatform
[2018.08.21-04.59.12:550][  0]LogTemp: Display: Loaded TP AndroidTargetPlatform
[2018.08.21-04.59.12:550][  0]LogTemp: Display: Loaded TP AndroidTargetPlatform
[2018.08.21-04.59.12:550][  0]LogTemp: Display: Loaded TP AndroidTargetPlatform
[2018.08.21-04.59.12:550][  0]LogTemp: Display: Loaded TP AndroidTargetPlatform
[2018.08.21-04.59.12:553][  0]LogTemp: Display: Loaded TP HTML5TargetPlatform
[2018.08.21-04.59.12:626][  0]LogTemp: Display: Loaded TP IOSTargetPlatform
[2018.08.21-04.59.12:626][  0]LogTemp: Display: Loaded TP IOSTargetPlatform
[2018.08.21-04.59.12:659][  0]LogTemp: Display: Loaded TP TVOSTargetPlatform
[2018.08.21-04.59.12:659][  0]LogTemp: Display: Loaded TP TVOSTargetPlatform
[2018.08.21-04.59.12:676][  0]LogTemp: Display: Loaded TP LinuxClientTargetPlatform
[2018.08.21-04.59.12:694][  0]LogTemp: Display: Loaded TP LinuxNoEditorTargetPlatform
[2018.08.21-04.59.12:712][  0]LogTemp: Display: Loaded TP LinuxServerTargetPlatform
[2018.08.21-04.59.12:730][  0]LogTemp: Display: Loaded TP LinuxTargetPlatform
[2018.08.21-04.59.12:742][  0]LogTemp: Display: Loaded TP LuminTargetPlatform
[2018.08.21-04.59.12:742][  0]LogTargetPlatformManager: Display: Building Assets For Windows
[2018.08.21-04.59.12:810][  0]LogXGEController: Cleaning working directory: C:/Users/angsh/AppData/Local/Temp/UnrealXGEWorkingDir/
[2018.08.21-04.59.12:811][  0]LogXGEController: Cannot use XGE Controller as Incredibuild is not installed on this machine.
[2018.08.21-04.59.12:811][  0]LogShaderCompilers: Cannot use XGE Shader Compiler as Incredibuild is not installed on this machine.
[2018.08.21-04.59.12:811][  0]LogShaderCompilers: Display: Using Local Shader Compiler.
[2018.08.21-04.59.13:821][  0]LogDerivedDataCache: Display: Max Cache Size: 512 MB
[2018.08.21-04.59.13:928][  0]LogDerivedDataCache: Loaded boot cache 0.11s 71MB C:/Users/angsh/AppData/Local/UnrealEngine/4.20/DerivedDataCache/Boot.ddc.
[2018.08.21-04.59.13:928][  0]LogDerivedDataCache: Display: Loaded Boot cache: C:/Users/angsh/AppData/Local/UnrealEngine/4.20/DerivedDataCache/Boot.ddc
[2018.08.21-04.59.13:928][  0]LogDerivedDataCache: FDerivedDataBackendGraph:  Pak pak cache file E:/Media/UE4 Projects and Tutorials/_User Projects/Section_03-4_19/Building_Escape/BuildingEscape 4.20/DerivedDataCache/DDC.ddp not found, will not use a pak cache.
[2018.08.21-04.59.13:928][  0]LogDerivedDataCache: Unable to find inner node Pak for hierarchical cache Hierarchy.
[2018.08.21-04.59.13:929][  0]LogDerivedDataCache: FDerivedDataBackendGraph:  CompressedPak pak cache file E:/Media/UE4 Projects and Tutorials/_User Projects/Section_03-4_19/Building_Escape/BuildingEscape 4.20/DerivedDataCache/Compressed.ddp not found, will not use a pak cache.
[2018.08.21-04.59.13:929][  0]LogDerivedDataCache: Unable to find inner node CompressedPak for hierarchical cache Hierarchy.
[2018.08.21-04.59.13:952][  0]LogDerivedDataCache: Display: Pak cache opened for reading ../../../Engine/DerivedDataCache/Compressed.ddp.
[2018.08.21-04.59.13:966][  0]LogDerivedDataCache: Using Local data cache path C:/Users/angsh/AppData/Local/UnrealEngine/Common/DerivedDataCache: Writable
[2018.08.21-04.59.13:966][  0]LogDerivedDataCache: Shared data cache path not found in *engine.ini, will not use an Shared cache.
[2018.08.21-04.59.13:966][  0]LogDerivedDataCache: Unable to find inner node Shared for hierarchical cache Hierarchy.
[2018.08.21-04.59.14:003][  0]LogMaterial: Verifying Global Shaders for PCD3D_SM5
[2018.08.21-04.59.14:005][  0]LogSlate: Using FreeType 2.6.0
[2018.08.21-04.59.14:008][  0]LogSlate: SlateFontServices - WITH_FREETYPE: 1, WITH_HARFBUZZ: 1
[2018.08.21-04.59.14:265][  0]LogAssetRegistry: FAssetRegistry took 0.0330 seconds to start up
[2018.08.21-04.59.14:717][  0]LogInit: Selected Device Profile: [Windows]
[2018.08.21-04.59.14:909][  0]LogSimplygon: Simplygon DLL not present - disabling.
[2018.08.21-04.59.14:914][  0]LogMeshReduction: Using SimplygonSwarm for distributed automatic mesh merging
[2018.08.21-04.59.14:914][  0]LogMeshReduction: Using ProxyLODMeshReduction for automatic mesh merging
[2018.08.21-04.59.14:914][  0]LogMeshReduction: Using QuadricMeshReduction for automatic static mesh reduction
[2018.08.21-04.59.14:914][  0]LogMeshReduction: No automatic skeletal mesh reduction module available
[2018.08.21-04.59.14:940][  0]LogNetVersion: BuildingEscape 1.0.0, NetCL: 4212847, EngineNetVer: 5, GameNetVer: 0 (Checksum: 3323102585)
[2018.08.21-04.59.15:655][  0]LogPackageLocalizationCache: Processed 11 localized package path(s) for 2 prioritized culture(s) in 0.126922 seconds
[2018.08.21-04.59.15:663][  0]LogUObjectArray: 38425 objects as part of root set at end of initial load.
[2018.08.21-04.59.15:663][  0]LogUObjectAllocator: 6690864 out of 0 bytes used by permanent object pool.
[2018.08.21-04.59.15:663][  0]LogUObjectArray: CloseDisregardForGC: 0/0 objects in disregard for GC pool
[2018.08.21-04.59.17:804][  0]LogSubstanceCoreModule: Substance [CPU] Engine Loaded, Max Texture Size = 2048
[2018.08.21-04.59.17:809][  0]LogTcpMessaging: Initializing TcpMessaging bridge
[2018.08.21-04.59.17:823][  0]LogUdpMessaging: Initializing bridge on interface 0.0.0.0:0 to multicast group 230.0.0.1:6666.
[2018.08.21-04.59.18:004][  0]SourceControl: Source control is disabled
[2018.08.21-04.59.18:005][  0]SourceControl: Source control is disabled
[2018.08.21-04.59.18:007][  0]SourceControl: Source control is disabled
[2018.08.21-04.59.18:008][  0]SourceControl: Source control is disabled
[2018.08.21-04.59.18:202][  0]LogAndroidPermission: UAndroidPermissionCallbackProxy::GetInstance
[2018.08.21-04.59.18:265][  0]LogOcInput: OculusInput pre-init called
[2018.08.21-04.59.18:435][  0]LogEngine: Initializing Engine...
[2018.08.21-04.59.18:436][  0]LogHMD: Failed to initialize OpenVR with code 110
[2018.08.21-04.59.18:438][  0]LogStats: UGameplayTagsManager::ConstructGameplayTagTree: ImportINI prefixes -  0.000 s
[2018.08.21-04.59.18:438][  0]LogStats: UGameplayTagsManager::ConstructGameplayTagTree: Construct from data asset -  0.000 s
[2018.08.21-04.59.18:438][  0]LogStats: UGameplayTagsManager::ConstructGameplayTagTree: ImportINI -  0.000 s
[2018.08.21-04.59.18:438][  0]LogStats: UGameplayTagsManager::ConstructGameplayTagTree: GameplayTagTreeChangedEvent.Broadcast -  0.000 s
[2018.08.21-04.59.18:715][  0]LogInit: Initializing FReadOnlyCVARCache
[2018.08.21-04.59.18:727][  0]LogAIModule: Creating AISystem for world Untitled
[2018.08.21-04.59.18:740][  0]LogInit: XAudio2 using 'Speakers (Realtek High Definition Audio)' : 2 channels at 48 kHz using 32 bits per sample (channel mask 0x3)
[2018.08.21-04.59.18:762][  0]LogInit: FAudioDevice initialized.
[2018.08.21-04.59.18:763][  0]LogNetVersion: Set ProjectVersion to 1.0.0.0. Version Checksum will be recalculated on next use.
[2018.08.21-04.59.18:845][  0]LogDerivedDataCache: Saved boot cache 0.08s 71MB C:/Users/angsh/AppData/Local/UnrealEngine/4.20/DerivedDataCache/Boot.ddc.
[2018.08.21-04.59.18:853][  0]LogInit: Texture streaming: Enabled
[2018.08.21-04.59.18:872][  0]LogEngineSessionManager: EngineSessionManager initialized
[2018.08.21-04.59.18:872][  0]LogEngineSessionManager: EngineSessionManager sent abnormal shutdown report. Type=Crashed, SessionId={74F93C08-43C6-7A66-594A-D5B3545DDB06}
[2018.08.21-04.59.18:885][  0]LogInit: Transaction tracking system initialized
[2018.08.21-04.59.18:911][  0]BlueprintLog: New page: Editor Load
[2018.08.21-04.59.18:993][  0]LocalizationService: Localization service is disabled
[2018.08.21-04.59.19:335][  0]LogCook: Display: Max memory allowance for cook 16384mb min free memory 0mb
[2018.08.21-04.59.19:335][  0]LogCook: Display: Mobile HDR setting 1
[2018.08.21-04.59.19:335][  0]LogGameplayTags: Display: UGameplayTagsManager::DoneAddingNativeTags. DelegateIsBound: 0
[2018.08.21-04.59.19:335][  0]LogStats: UGameplayTagsManager::ConstructGameplayTagTree: ImportINI prefixes -  0.000 s
[2018.08.21-04.59.19:335][  0]LogStats: UGameplayTagsManager::ConstructGameplayTagTree: Construct from data asset -  0.000 s
[2018.08.21-04.59.19:335][  0]LogStats: UGameplayTagsManager::ConstructGameplayTagTree: ImportINI -  0.000 s
[2018.08.21-04.59.19:335][  0]LogStats: UGameplayTagsManager::ConstructGameplayTagTree: GameplayTagTreeChangedEvent.Broadcast -  0.000 s
[2018.08.21-04.59.19:489][  0]LogFileCache: Scanning file cache for directory 'E:/Media/UE4 Projects and Tutorials/_User Projects/Section_03-4_19/Building_Escape/BuildingEscape 4.20/Content/' took 0.01s
[2018.08.21-04.59.19:489][  0]SourceControl: Source control is disabled
[2018.08.21-04.59.19:489][  0]Cmd: MAP LOAD FILE="E:/Media/UE4 Projects and Tutorials/_User Projects/Section_03-4_19/Building_Escape/BuildingEscape 4.20/Content/NewMap1.umap" TEMPLATE=0 SHOWPROGRESS=1 FEATURELEVEL=3
[2018.08.21-04.59.19:490][  0]LightingResults: New page: Lighting Build
[2018.08.21-04.59.19:493][  0]MapCheck: New page: Map Check
[2018.08.21-04.59.19:493][  0]LightingResults: New page: Lighting Build
[2018.08.21-04.59.19:897][  0]LogAIModule: Creating AISystem for world NewMap1
[2018.08.21-04.59.19:906][  0]LogEditorServer: Finished looking for orphan Actors (0.000 secs)
[2018.08.21-04.59.19:934][  0]Cmd: MAP CHECKDEP NOCLEARLOG
[2018.08.21-04.59.20:086][  0]MapCheck: Map check complete: 0 Error(s), 0 Warning(s), took 151.529ms to complete.
[2018.08.21-04.59.20:086][  0]LogFileHelpers: Loading map 'NewMap1' took 0.596
[2018.08.21-04.59.20:189][  0]LogCollectionManager: Loaded 0 collections in 0.000962 seconds
[2018.08.21-04.59.20:229][  0]LogFileCache: Scanning file cache for directory 'E:/Media/UE4 Projects and Tutorials/_User Projects/Section_03-4_19/Building_Escape/BuildingEscape 4.20/Saved/Collections/' took 0.01s
[2018.08.21-04.59.20:229][  0]LogFileCache: Scanning file cache for directory 'E:/Media/UE4 Projects and Tutorials/_User Projects/Section_03-4_19/Building_Escape/BuildingEscape 4.20/Content/Developers/angsh/Collections/' took 0.01s
[2018.08.21-04.59.20:229][  0]LogFileCache: Scanning file cache for directory 'E:/Media/UE4 Projects and Tutorials/_User Projects/Section_03-4_19/Building_Escape/BuildingEscape 4.20/Content/Collections/' took 0.01s
[2018.08.21-04.59.20:229][  0]LogCollectionManager: Rebuilt the GUID cache for 0 collections in 0.000000 seconds
[2018.08.21-04.59.20:242][  0]LogContentBrowser: Native class hierarchy populated in 0.0121 seconds. Added 2591 classes and 613 folders.
[2018.08.21-04.59.20:248][  0]LogContentBrowser: Native class hierarchy updated for 'WidgetCarousel' in 0.0004 seconds. Added 0 classes and 0 folders.
[2018.08.21-04.59.20:322][  0]LogContentBrowser: Native class hierarchy updated for 'AddContentDialog' in 0.0004 seconds. Added 0 classes and 0 folders.
[2018.08.21-04.59.20:345][  0]LogSlate: Updating window title bar state: overlay mode, drag disabled, window buttons hidden, title bar hidden
[2018.08.21-04.59.20:354][  0]LogSlate: Updating window title bar state: overlay mode, drag disabled, window buttons hidden, title bar hidden
[2018.08.21-04.59.20:363][  0]LogSlate: Updating window title bar state: overlay mode, drag disabled, window buttons hidden, title bar hidden
[2018.08.21-04.59.20:372][  0]LogSlate: Updating window title bar state: overlay mode, drag disabled, window buttons hidden, title bar hidden
[2018.08.21-04.59.20:449][  0]LogSlate: Took 0.000844 seconds to synchronously load lazily loaded font '../../../Engine/Content/Slate/Fonts/Roboto-Regular.ttf' (155K)
[2018.08.21-04.59.20:453][  0]LogSlate: Took 0.001023 seconds to synchronously load lazily loaded font '../../../Engine/Content/Editor/Slate/Fonts/FontAwesome.ttf' (139K)
[2018.08.21-04.59.20:454][  0]LogSlate: Took 0.001054 seconds to synchronously load lazily loaded font '../../../Engine/Content/Slate/Fonts/Roboto-Bold.ttf' (160K)
[2018.08.21-04.59.20:463][  0]LogSlate: Took 0.000796 seconds to synchronously load lazily loaded font '../../../Engine/Content/Slate/Fonts/DroidSansMono.ttf' (77K)
[2018.08.21-04.59.20:588][  0]LogRenderer: Reallocating scene render targets to support 1080x584 Format 10 NumSamples 1 (Frame:1).
[2018.08.21-04.59.20:734][  0]LogContentBrowser: Native class hierarchy updated for 'HierarchicalLODOutliner' in 0.0004 seconds. Added 0 classes and 0 folders.
[2018.08.21-04.59.20:735][  0]LogLoad: (Engine Initialization) Total time: 11.71 seconds
[2018.08.21-04.59.20:735][  0]LogLoad: (Engine Initialization) Total Blueprint compile time: 0.00 seconds
[2018.08.21-04.59.20:776][  0]LogContentStreaming: Texture pool size now 3000 MB
[2018.08.21-04.59.20:794][  1]LogSubstanceLiveLink: Warning: Unable to send data along socket, closing connection
[2018.08.21-04.59.20:808][  1]LogAssetRegistry: Asset discovery search completed in 6.5661 seconds
[2018.08.21-04.59.20:810][  1]LogCollectionManager: Rebuilt the object cache for 0 collections in 0.000000 seconds (found 0 objects)
[2018.08.21-04.59.20:810][  1]LogCollectionManager: Fixed up redirectors for 0 collections in 0.000259 seconds (updated 0 objects)
[2018.08.21-04.59.21:766][ 56]LogSlate: Took 0.000946 seconds to synchronously load lazily loaded font '../../../Engine/Content/Slate/Fonts/Roboto-Light.ttf' (167K)
[2018.08.21-04.59.23:481][159]LogSlate: FSceneViewport::OnFocusLost() reason 0
[2018.08.21-04.59.23:602][165]LogAssetEditorManager: Opening Asset editor for Blueprint /Game/Blueprints/DefaultPawn_BP.DefaultPawn_BP
[2018.08.21-04.59.24:178][165]LogContentBrowser: Native class hierarchy updated for 'BlueprintGraph' in 0.0009 seconds. Added 116 classes and 0 folders.
[2018.08.21-04.59.25:179][165]LogSlate: Took 0.000819 seconds to synchronously load lazily loaded font '../../../Engine/Content/Slate/Fonts/Roboto-BoldCondensed.ttf' (158K)
[2018.08.21-04.59.27:264][285]LogSlate: Window 'DefaultPawn_BP' being destroyed
[2018.08.21-04.59.30:050][452]LogSlate: Took 0.000902 seconds to synchronously load lazily loaded font '../../../Engine/Content/Slate/Fonts/Roboto-Italic.ttf' (157K)
[2018.08.21-04.59.30:785][496]LogSlate: FSceneViewport::OnFocusLost() reason 0
[2018.08.21-04.59.53:463][994]LogSlate: FSceneViewport::OnFocusLost() reason 2
[2018.08.21-04.59.53:590][994]LogSavePackage: Moving 'E:/Media/UE4 Projects and Tutorials/_User Projects/Section_03-4_19/Building_Escape/BuildingEscape 4.20/Saved/NewMap165BFAF214FE5D91F93B144BBB622327E.tmp' to 'E:/Media/UE4 Projects and Tutorials/_User Projects/Section_03-4_19/Building_Escape/BuildingEscape 4.20/Content/NewMap1.umap'
[2018.08.21-04.59.53:773][994]LogSavePackage: Moving 'E:/Media/UE4 Projects and Tutorials/_User Projects/Section_03-4_19/Building_Escape/BuildingEscape 4.20/Saved/NewMap1_BuiltDataCE33794249CEA2BEEA4BC684E7DA3F84.tmp' to 'E:/Media/UE4 Projects and Tutorials/_User Projects/Section_03-4_19/Building_Escape/BuildingEscape 4.20/Content/NewMap1_BuiltData.uasset'
[2018.08.21-05.10.03:406][  6]Candidate modules for hot reload:
[2018.08.21-05.10.03:406][  6]  BuildingEscape
[2018.08.21-05.10.03:406][  6]Launching UnrealBuildTool... [D:/Unreal Engine/UE_4.20/Engine/Binaries/DotNET/UnrealBuildTool.exe  -ModuleWithSuffix=BuildingEscape,560 Win64 Development -TargetType=Editor -Project="E:/Media/UE4 Projects and Tutorials/_User Projects/Section_03-4_19/Building_Escape/BuildingEscape 4.20/BuildingEscape.uproject" -canskiplink "E:/Media/UE4 Projects and Tutorials/_User Projects/Section_03-4_19/Building_Escape/BuildingEscape 4.20/BuildingEscape.uproject" ]
[2018.08.21-05.10.03:409][  6]Warning: Starting HotReload took  0.0s.
[2018.08.21-05.10.23:381][957]CompilerResultsLog: New page: Compilation - Aug 21, 2018, 4:10:23 PM
[2018.08.21-05.10.23:382][957]CompilerResultsLog: Using 'git status' to determine working set for adaptive non-unity build.
[2018.08.21-05.10.23:382][957]CompilerResultsLog: Compiling game modules for hot reload
[2018.08.21-05.10.23:382][957]CompilerResultsLog: Parsing headers for BuildingEscapeEditor
[2018.08.21-05.10.23:382][957]CompilerResultsLog:   Running UnrealHeaderTool "E:\Media\UE4 Projects and Tutorials\_User Projects\Section_03-4_19\Building_Escape\BuildingEscape 4.20\BuildingEscape.uproject" "E:\Media\UE4 Projects and Tutorials\_User Projects\Section_03-4_19\Building_Escape\BuildingEscape 4.20\Intermediate\Build\Win64\BuildingEscapeEditor\Development\BuildingEscapeEditor.uhtmanifest" -LogCmds="loginit warning, logexit warning, logdatabase error" -Unattended -WarningsAsErrors -installed
[2018.08.21-05.10.23:383][957]CompilerResultsLog: Reflection code generated for BuildingEscapeEditor in 15.3667218 seconds
[2018.08.21-05.10.23:383][957]CompilerResultsLog: Building 4 actions with 8 processes...
[2018.08.21-05.10.23:383][957]CompilerResultsLog:   OpenDoor.cpp
[2018.08.21-05.10.23:383][957]CompilerResultsLog:   OpenDoor.gen.cpp
[2018.08.21-05.10.23:383][957]CompilerResultsLog:   UE4Editor-BuildingEscape-560.lib
[2018.08.21-05.10.23:384][957]CompilerResultsLog:      Creating library E:\Media\UE4 Projects and Tutorials\_User Projects\Section_03-4_19\Building_Escape\BuildingEscape 4.20\Intermediate\Build\Win64\UE4Editor\Development\BuildingEscape\UE4Editor-BuildingEscape-560.lib and object E:\Media\UE4 Projects and Tutorials\_User Projects\Section_03-4_19\Building_Escape\BuildingEscape 4.20\Intermediate\Build\Win64\UE4Editor\Development\BuildingEscape\UE4Editor-BuildingEscape-560.exp
[2018.08.21-05.10.23:384][957]CompilerResultsLog:   UE4Editor-BuildingEscape-560.dll
[2018.08.21-05.10.23:385][957]CompilerResultsLog:      Creating library E:\Media\UE4 Projects and Tutorials\_User Projects\Section_03-4_19\Building_Escape\BuildingEscape 4.20\Intermediate\Build\Win64\UE4Editor\Development\BuildingEscape\UE4Editor-BuildingEscape-560.suppressed.lib and object E:\Media\UE4 Projects and Tutorials\_User Projects\Section_03-4_19\Building_Escape\BuildingEscape 4.20\Intermediate\Build\Win64\UE4Editor\Development\BuildingEscape\UE4Editor-BuildingEscape-560.suppressed.exp
[2018.08.21-05.10.23:385][957]CompilerResultsLog: Total build time: 19.28 seconds (Parallel executor: 1.77 seconds)
[2018.08.21-05.10.23:386][957]LogMainFrame: MainFrame: Module compiling took 19.985 seconds
[2018.08.21-05.10.23:451][957]LogContentBrowser: Native class hierarchy updated for 'BuildingEscape' in 0.0005 seconds. Added 4 classes and 2 folders.
[2018.08.21-05.10.23:455][957]Display: HotReload successful (0 functions remapped  0 scriptstructs remapped)
[2018.08.21-05.10.24:000][957]LogContentBrowser: Native class hierarchy populated in 0.0132 seconds. Added 2591 classes and 613 folders.
[2018.08.21-05.10.24:000][957]Display: HotReload took 20.6s.
[2018.08.21-05.10.26:918][ 56]LogTemp: Repeating last play command: Selected Viewport
[2018.08.21-05.10.26:932][ 56]LogPlayLevel: PlayLevel: No blueprints needed recompiling
[2018.08.21-05.10.26:944][ 56]PIE: New page: PIE session: NewMap1 (Aug 21, 2018, 4:10:26 PM)
[2018.08.21-05.10.26:944][ 56]LogPlayLevel: Creating play world package: /Game/UEDPIE_0_NewMap1
[2018.08.21-05.10.26:950][ 56]LogPlayLevel: PIE: StaticDuplicateObject took: (0.005681s)
[2018.08.21-05.10.26:951][ 56]LogAIModule: Creating AISystem for world NewMap1
[2018.08.21-05.10.26:952][ 56]LogPlayLevel: PIE: World Init took: (0.001529s)
[2018.08.21-05.10.26:952][ 56]LogPlayLevel: PIE: Created PIE world by copying editor world from /Game/NewMap1.NewMap1 to /Game/UEDPIE_0_NewMap1.NewMap1 (0.007843s)
[2018.08.21-05.10.27:015][ 56]LogInit: XAudio2 using 'Speakers (Realtek High Definition Audio)' : 2 channels at 48 kHz using 32 bits per sample (channel mask 0x3)
[2018.08.21-05.10.27:033][ 56]LogInit: FAudioDevice initialized.
[2018.08.21-05.10.27:088][ 56]LogLoad: Game class is 'BuildingEscape_BP_C'
[2018.08.21-05.10.27:092][ 56]LogWorld: Bringing World /Game/UEDPIE_0_NewMap1.NewMap1 up for play (max tick rate 60) at 2018.08.21-10.40.27
[2018.08.21-05.10.27:092][ 56]LogWorld: Bringing up level for play took: 0.002053
[2018.08.21-05.10.27:146][ 56]LogContentBrowser: Native class hierarchy updated for 'MovieSceneCapture' in 0.0005 seconds. Added 10 classes and 0 folders.
[2018.08.21-05.10.27:147][ 56]LogTemp: Warning: SM_Chair_2 found on X=383.387 Y=-413.742 Z=19.821
[2018.08.21-05.10.27:148][ 56]LogTemp: Warning: DefaultPawn_BP_C_0 input component found
[2018.08.21-05.10.27:148][ 56]PIE: Play in editor start time for /Game/UEDPIE_0_NewMap1 1.126
[2018.08.21-05.10.47:426][272]LogSlate: Updating window title bar state: overlay mode, drag disabled, window buttons hidden, title bar hidden
[2018.08.21-05.10.47:465][272]LogPlayLevel: Display: Shutting down PIE online subsystems
[2018.08.21-05.10.47:505][272]LogSlate: Updating window title bar state: overlay mode, drag disabled, window buttons hidden, title bar hidden
[2018.08.21-05.10.47:532][273]LogPlayLevel: Display: Destroying online subsystem :Context_2
[2018.08.21-05.11.36:715][481]LogSlate: FSceneViewport::OnFocusLost() reason 2
[2018.08.21-05.12.29:503][852]Candidate modules for hot reload:
[2018.08.21-05.12.29:503][852]  BuildingEscape
[2018.08.21-05.12.29:503][852]Launching UnrealBuildTool... [D:/Unreal Engine/UE_4.20/Engine/Binaries/DotNET/UnrealBuildTool.exe  -ModuleWithSuffix=BuildingEscape,534 Win64 Development -TargetType=Editor -Project="E:/Media/UE4 Projects and Tutorials/_User Projects/Section_03-4_19/Building_Escape/BuildingEscape 4.20/BuildingEscape.uproject" -canskiplink "E:/Media/UE4 Projects and Tutorials/_User Projects/Section_03-4_19/Building_Escape/BuildingEscape 4.20/BuildingEscape.uproject" ]
[2018.08.21-05.12.29:505][852]Warning: Starting HotReload took  0.0s.
[2018.08.21-05.12.48:501][993]CompilerResultsLog: New page: Compilation - Aug 21, 2018, 4:12:48 PM
[2018.08.21-05.12.48:502][993]CompilerResultsLog: Using 'git status' to determine working set for adaptive non-unity build.
[2018.08.21-05.12.48:502][993]CompilerResultsLog: Compiling game modules for hot reload
[2018.08.21-05.12.48:502][993]CompilerResultsLog: Parsing headers for BuildingEscapeEditor
[2018.08.21-05.12.48:502][993]CompilerResultsLog:   Running UnrealHeaderTool "E:\Media\UE4 Projects and Tutorials\_User Projects\Section_03-4_19\Building_Escape\BuildingEscape 4.20\BuildingEscape.uproject" "E:\Media\UE4 Projects and Tutorials\_User Projects\Section_03-4_19\Building_Escape\BuildingEscape 4.20\Intermediate\Build\Win64\BuildingEscapeEditor\Development\BuildingEscapeEditor.uhtmanifest" -LogCmds="loginit warning, logexit warning, logdatabase error" -Unattended -WarningsAsErrors -installed
[2018.08.21-05.12.48:503][993]CompilerResultsLog: Reflection code generated for BuildingEscapeEditor in 14.8180449 seconds
[2018.08.21-05.12.48:503][993]CompilerResultsLog: Building 4 actions with 8 processes...
[2018.08.21-05.12.48:503][993]CompilerResultsLog:   OpenDoor.cpp
[2018.08.21-05.12.48:503][993]CompilerResultsLog:   OpenDoor.gen.cpp
[2018.08.21-05.12.48:504][993]CompilerResultsLog:   UE4Editor-BuildingEscape-534.lib
[2018.08.21-05.12.48:504][993]CompilerResultsLog:      Creating library E:\Media\UE4 Projects and Tutorials\_User Projects\Section_03-4_19\Building_Escape\BuildingEscape 4.20\Intermediate\Build\Win64\UE4Editor\Development\BuildingEscape\UE4Editor-BuildingEscape-534.lib and object E:\Media\UE4 Projects and Tutorials\_User Projects\Section_03-4_19\Building_Escape\BuildingEscape 4.20\Intermediate\Build\Win64\UE4Editor\Development\BuildingEscape\UE4Editor-BuildingEscape-534.exp
[2018.08.21-05.12.48:504][993]CompilerResultsLog:   UE4Editor-BuildingEscape-534.dll
[2018.08.21-05.12.48:505][993]CompilerResultsLog:      Creating library E:\Media\UE4 Projects and Tutorials\_User Projects\Section_03-4_19\Building_Escape\BuildingEscape 4.20\Intermediate\Build\Win64\UE4Editor\Development\BuildingEscape\UE4Editor-BuildingEscape-534.suppressed.lib and object E:\Media\UE4 Projects and Tutorials\_User Projects\Section_03-4_19\Building_Escape\BuildingEscape 4.20\Intermediate\Build\Win64\UE4Editor\Development\BuildingEscape\UE4Editor-BuildingEscape-534.suppressed.exp
[2018.08.21-05.12.48:505][993]CompilerResultsLog: Total build time: 18.64 seconds (Parallel executor: 1.87 seconds)
[2018.08.21-05.12.48:506][993]LogMainFrame: MainFrame: Module compiling took 19.008 seconds
[2018.08.21-05.12.48:578][993]LogContentBrowser: Native class hierarchy updated for 'BuildingEscape' in 0.0005 seconds. Added 4 classes and 2 folders.
[2018.08.21-05.12.48:582][993]Display: HotReload successful (0 functions remapped  0 scriptstructs remapped)
[2018.08.21-05.12.49:046][993]LogContentBrowser: Native class hierarchy populated in 0.0123 seconds. Added 2591 classes and 613 folders.
[2018.08.21-05.12.49:046][993]Display: HotReload took 19.6s.
[2018.08.21-05.12.51:096][116]LogTemp: Repeating last play command: Selected Viewport
[2018.08.21-05.12.51:110][116]LogPlayLevel: PlayLevel: No blueprints needed recompiling
[2018.08.21-05.12.51:110][116]PIE: New page: PIE session: NewMap1 (Aug 21, 2018, 4:12:51 PM)
[2018.08.21-05.12.51:110][116]LogPlayLevel: Creating play world package: /Game/UEDPIE_0_NewMap1
[2018.08.21-05.12.51:116][116]LogPlayLevel: PIE: StaticDuplicateObject took: (0.005401s)
[2018.08.21-05.12.51:117][116]LogAIModule: Creating AISystem for world NewMap1
[2018.08.21-05.12.51:117][116]LogPlayLevel: PIE: World Init took: (0.001236s)
[2018.08.21-05.12.51:118][116]LogPlayLevel: PIE: Created PIE world by copying editor world from /Game/NewMap1.NewMap1 to /Game/UEDPIE_0_NewMap1.NewMap1 (0.007294s)
[2018.08.21-05.12.51:208][116]LogInit: XAudio2 using 'Speakers (Realtek High Definition Audio)' : 2 channels at 48 kHz using 32 bits per sample (channel mask 0x3)
[2018.08.21-05.12.51:226][116]LogInit: FAudioDevice initialized.
[2018.08.21-05.12.51:260][116]LogLoad: Game class is 'BuildingEscape_BP_C'
[2018.08.21-05.12.51:263][116]LogWorld: Bringing World /Game/UEDPIE_0_NewMap1.NewMap1 up for play (max tick rate 60) at 2018.08.21-10.42.51
[2018.08.21-05.12.51:263][116]LogWorld: Bringing up level for play took: 0.001805
[2018.08.21-05.12.51:276][116]LogTemp: Warning: SM_Chair_2 found on X=383.387 Y=-413.742 Z=19.821
[2018.08.21-05.12.51:277][116]LogTemp: Warning: DefaultPawn_BP_C_0 input component found
[2018.08.21-05.12.51:277][116]PIE: Play in editor start time for /Game/UEDPIE_0_NewMap1 -0.745
[2018.08.21-05.13.00:446][666]LogSlate: Updating window title bar state: overlay mode, drag disabled, window buttons hidden, title bar hidden
[2018.08.21-05.13.00:483][666]LogPlayLevel: Display: Shutting down PIE online subsystems
[2018.08.21-05.13.00:521][666]LogSlate: Updating window title bar state: overlay mode, drag disabled, window buttons hidden, title bar hidden
[2018.08.21-05.13.00:558][667]LogPlayLevel: Display: Destroying online subsystem :Context_3
[2018.08.21-05.13.03:388][741]LogSlate: FSceneViewport::OnFocusLost() reason 2
[2018.08.21-05.13.03:499][741]LogSavePackage: Moving 'E:/Media/UE4 Projects and Tutorials/_User Projects/Section_03-4_19/Building_Escape/BuildingEscape 4.20/Saved/NewMap1D4979B0A4EB1E76801CC6E89CBDC2514.tmp' to 'E:/Media/UE4 Projects and Tutorials/_User Projects/Section_03-4_19/Building_Escape/BuildingEscape 4.20/Content/NewMap1.umap'
[2018.08.21-05.13.03:620][741]LogSavePackage: Moving 'E:/Media/UE4 Projects and Tutorials/_User Projects/Section_03-4_19/Building_Escape/BuildingEscape 4.20/Saved/NewMap1_BuiltData473AA01B4459B5960E6520941756D50B.tmp' to 'E:/Media/UE4 Projects and Tutorials/_User Projects/Section_03-4_19/Building_Escape/BuildingEscape 4.20/Content/NewMap1_BuiltData.uasset'
[2018.08.21-05.26.59:015][461]LogEditorViewport: Clicking on Actor (LMB): StaticMeshActor (SM_Chair)
[2018.08.21-05.27.03:527][728]LogSlate: FSceneViewport::OnFocusLost() reason 0
[2018.08.21-05.27.03:745][736]LogSlate: Took 0.000900 seconds to synchronously load lazily loaded font '../../../Engine/Content/Slate/Fonts/Roboto-Light.ttf' (167K)
[2018.08.21-05.27.12:924][276]LogEditorViewport: Clicking on Actor (LMB): StaticMeshActor (SM_TableRound)
[2018.08.21-05.27.15:681][438]LogSlate: FSceneViewport::OnFocusLost() reason 0
[2018.08.21-05.27.22:299][828]LogSavePackage: Moving 'E:/Media/UE4 Projects and Tutorials/_User Projects/Section_03-4_19/Building_Escape/BuildingEscape 4.20/Saved/NewMap1A335457D4CF99CA9CB0AC8B20BBEFCA5.tmp' to 'E:/Media/UE4 Projects and Tutorials/_User Projects/Section_03-4_19/Building_Escape/BuildingEscape 4.20/Content/NewMap1.umap'
[2018.08.21-05.27.22:415][828]LogSavePackage: Moving 'E:/Media/UE4 Projects and Tutorials/_User Projects/Section_03-4_19/Building_Escape/BuildingEscape 4.20/Saved/NewMap1_BuiltData057297404537574D2C23EDA74F0FAFE0.tmp' to 'E:/Media/UE4 Projects and Tutorials/_User Projects/Section_03-4_19/Building_Escape/BuildingEscape 4.20/Content/NewMap1_BuiltData.uasset'
[2018.08.21-05.27.28:152][ 57]Candidate modules for hot reload:
[2018.08.21-05.27.28:153][ 57]  BuildingEscape
[2018.08.21-05.27.28:153][ 57]Launching UnrealBuildTool... [D:/Unreal Engine/UE_4.20/Engine/Binaries/DotNET/UnrealBuildTool.exe  -ModuleWithSuffix=BuildingEscape,3568 Win64 Development -TargetType=Editor -Project="E:/Media/UE4 Projects and Tutorials/_User Projects/Section_03-4_19/Building_Escape/BuildingEscape 4.20/BuildingEscape.uproject" -canskiplink "E:/Media/UE4 Projects and Tutorials/_User Projects/Section_03-4_19/Building_Escape/BuildingEscape 4.20/BuildingEscape.uproject" ]
[2018.08.21-05.27.28:156][ 57]Warning: Starting HotReload took  0.0s.
[2018.08.21-05.27.31:090][234]CompilerResultsLog: New page: Compilation - Aug 21, 2018, 4:27:31 PM
[2018.08.21-05.27.31:090][234]CompilerResultsLog: Using 'git status' to determine working set for adaptive non-unity build.
[2018.08.21-05.27.31:090][234]CompilerResultsLog: Compiling game modules for hot reload
[2018.08.21-05.27.31:090][234]CompilerResultsLog: Building 3 actions with 8 processes...
[2018.08.21-05.27.31:090][234]CompilerResultsLog:   OpenDoor.cpp
[2018.08.21-05.27.31:091][234]CompilerResultsLog:    E:\Media\UE4 Projects and Tutorials\_User Projects\Section_03-4_19\Building_Escape\BuildingEscape 4.20\Source\BuildingEscape\OpenDoor.cpp(75) : error C2059: syntax error: '='
[2018.08.21-05.27.31:091][234]CompilerResultsLog: ERROR: UBT ERROR: Failed to produce item: E:\Media\UE4 Projects and Tutorials\_User Projects\Section_03-4_19\Building_Escape\BuildingEscape 4.20\Binaries\Win64\UE4Editor-BuildingEscape-3568.dll
[2018.08.21-05.27.31:092][234]CompilerResultsLog:        (see ../Programs/UnrealBuildTool/Log.txt for full exception trace)
[2018.08.21-05.27.31:092][234]CompilerResultsLog: Total build time: 2.55 seconds (Parallel executor: 0.00 seconds)
[2018.08.21-05.27.31:092][234]LogMainFrame: MainFrame: Module compiling took 2.944 seconds
[2018.08.21-05.27.31:092][234]Warning: HotReload failed, recompile failed
[2018.08.21-05.28.01:149][909]Candidate modules for hot reload:
[2018.08.21-05.28.01:149][909]  BuildingEscape
[2018.08.21-05.28.01:149][909]Launching UnrealBuildTool... [D:/Unreal Engine/UE_4.20/Engine/Binaries/DotNET/UnrealBuildTool.exe  -ModuleWithSuffix=BuildingEscape,9507 Win64 Development -TargetType=Editor -Project="E:/Media/UE4 Projects and Tutorials/_User Projects/Section_03-4_19/Building_Escape/BuildingEscape 4.20/BuildingEscape.uproject" -canskiplink "E:/Media/UE4 Projects and Tutorials/_User Projects/Section_03-4_19/Building_Escape/BuildingEscape 4.20/BuildingEscape.uproject" ]
[2018.08.21-05.28.01:151][909]Warning: Starting HotReload took  0.0s.
[2018.08.21-05.28.01:928][956]LogSlate: Window 'Message Log' being destroyed
[2018.08.21-05.28.01:932][956]LogSlate: Window 'Message Log' being destroyed
[2018.08.21-05.28.05:151][150]CompilerResultsLog: New page: Compilation - Aug 21, 2018, 4:28:05 PM
[2018.08.21-05.28.05:151][150]CompilerResultsLog: Using 'git status' to determine working set for adaptive non-unity build.
[2018.08.21-05.28.05:152][150]CompilerResultsLog: Compiling game modules for hot reload
[2018.08.21-05.28.05:152][150]CompilerResultsLog: Building 3 actions with 8 processes...
[2018.08.21-05.28.05:152][150]CompilerResultsLog:   OpenDoor.cpp
[2018.08.21-05.28.05:152][150]CompilerResultsLog:   UE4Editor-BuildingEscape-9507.lib
[2018.08.21-05.28.05:152][150]CompilerResultsLog:      Creating library E:\Media\UE4 Projects and Tutorials\_User Projects\Section_03-4_19\Building_Escape\BuildingEscape 4.20\Intermediate\Build\Win64\UE4Editor\Development\BuildingEscape\UE4Editor-BuildingEscape-9507.lib and object E:\Media\UE4 Projects and Tutorials\_User Projects\Section_03-4_19\Building_Escape\BuildingEscape 4.20\Intermediate\Build\Win64\UE4Editor\Development\BuildingEscape\UE4Editor-BuildingEscape-9507.exp
[2018.08.21-05.28.05:153][150]CompilerResultsLog:   UE4Editor-BuildingEscape-9507.dll
[2018.08.21-05.28.05:153][150]CompilerResultsLog:      Creating library E:\Media\UE4 Projects and Tutorials\_User Projects\Section_03-4_19\Building_Escape\BuildingEscape 4.20\Intermediate\Build\Win64\UE4Editor\Development\BuildingEscape\UE4Editor-BuildingEscape-9507.suppressed.lib and object E:\Media\UE4 Projects and Tutorials\_User Projects\Section_03-4_19\Building_Escape\BuildingEscape 4.20\Intermediate\Build\Win64\UE4Editor\Development\BuildingEscape\UE4Editor-BuildingEscape-9507.suppressed.exp
[2018.08.21-05.28.05:154][150]CompilerResultsLog: Total build time: 3.61 seconds (Parallel executor: 1.78 seconds)
[2018.08.21-05.28.05:155][150]LogMainFrame: MainFrame: Module compiling took 4.011 seconds
[2018.08.21-05.28.05:229][150]LogContentBrowser: Native class hierarchy updated for 'BuildingEscape' in 0.0005 seconds. Added 4 classes and 2 folders.
[2018.08.21-05.28.05:233][150]Display: HotReload successful (0 functions remapped  0 scriptstructs remapped)
[2018.08.21-05.28.05:687][150]LogContentBrowser: Native class hierarchy populated in 0.0143 seconds. Added 2591 classes and 613 folders.
[2018.08.21-05.28.05:687][150]Display: HotReload took  4.5s.
[2018.08.21-05.28.08:120][296]LogTemp: Repeating last play command: Selected Viewport
[2018.08.21-05.28.08:134][296]LogPlayLevel: PlayLevel: No blueprints needed recompiling
[2018.08.21-05.28.08:134][296]PIE: New page: PIE session: NewMap1 (Aug 21, 2018, 4:28:08 PM)
[2018.08.21-05.28.08:134][296]LogPlayLevel: Creating play world package: /Game/UEDPIE_0_NewMap1
[2018.08.21-05.28.08:140][296]LogPlayLevel: PIE: StaticDuplicateObject took: (0.006113s)
[2018.08.21-05.28.08:142][296]LogAIModule: Creating AISystem for world NewMap1
[2018.08.21-05.28.08:142][296]LogPlayLevel: PIE: World Init took: (0.001427s)
[2018.08.21-05.28.08:142][296]LogPlayLevel: PIE: Created PIE world by copying editor world from /Game/NewMap1.NewMap1 to /Game/UEDPIE_0_NewMap1.NewMap1 (0.008173s)
[2018.08.21-05.28.08:234][296]LogInit: XAudio2 using 'Speakers (Realtek High Definition Audio)' : 2 channels at 48 kHz using 32 bits per sample (channel mask 0x3)
[2018.08.21-05.28.08:252][296]LogInit: FAudioDevice initialized.
[2018.08.21-05.28.08:283][296]LogLoad: Game class is 'BuildingEscape_BP_C'
[2018.08.21-05.28.08:286][296]LogWorld: Bringing World /Game/UEDPIE_0_NewMap1.NewMap1 up for play (max tick rate 60) at 2018.08.21-10.58.08
[2018.08.21-05.28.08:287][296]LogWorld: Bringing up level for play took: 0.001915
[2018.08.21-05.28.08:300][296]LogTemp: Warning: SM_Chair_2 found on X=383.387 Y=-413.742 Z=19.821
[2018.08.21-05.28.08:301][296]LogTemp: Warning: DefaultPawn_BP_C_0 input component found
[2018.08.21-05.28.08:301][296]PIE: Play in editor start time for /Game/UEDPIE_0_NewMap1 0.279
[2018.08.21-05.28.11:489][487]LogTemp: Error:  34742027740n pressure plate!
[2018.08.21-05.28.11:505][488]LogTemp: Error:  34742031120n pressure plate!
[2018.08.21-05.28.11:522][489]LogTemp: Error:  34742036540n pressure plate!
[2018.08.21-05.28.11:539][490]LogTemp: Error:  34742034420n pressure plate!
[2018.08.21-05.28.11:556][491]LogTemp: Error:  34742034260n pressure plate!
[2018.08.21-05.28.11:572][492]LogTemp: Error:  34742034120n pressure plate!
[2018.08.21-05.28.11:589][493]LogTemp: Error:  34742033540n pressure plate!
[2018.08.21-05.28.11:605][494]LogTemp: Error:  34742032140n pressure plate!
[2018.08.21-05.28.11:622][495]LogTemp: Error:  34742000400n pressure plate!
[2018.08.21-05.28.11:639][496]LogTemp: Error:  34634451100n pressure plate!
[2018.08.21-05.28.11:655][497]LogTemp: Error:  34634472740n pressure plate!
[2018.08.21-05.28.11:672][498]LogTemp: Error:  34634473320n pressure plate!
[2018.08.21-05.28.11:688][499]LogTemp: Error:  34634474040n pressure plate!
[2018.08.21-05.28.11:705][500]LogTemp: Error:  34634474260n pressure plate!
[2018.08.21-05.28.11:721][501]LogTemp: Error:  34634474420n pressure plate!
[2018.08.21-05.28.11:739][502]LogTemp: Error:  34634474640n pressure plate!
[2018.08.21-05.28.11:755][503]LogTemp: Error:  34634475000n pressure plate!
[2018.08.21-05.28.11:772][504]LogTemp: Error:  34634475140n pressure plate!
[2018.08.21-05.28.11:788][505]LogTemp: Error:  34634475520n pressure plate!
[2018.08.21-05.28.11:804][506]LogTemp: Error:  34634476020n pressure plate!
[2018.08.21-05.28.11:822][507]LogTemp: Error:  34634476160n pressure plate!
[2018.08.21-05.28.11:838][508]LogTemp: Error:  34634443460n pressure plate!
[2018.08.21-05.28.11:855][509]LogTemp: Error:  34634440240n pressure plate!
[2018.08.21-05.28.11:872][510]LogTemp: Error:  35276341640n pressure plate!
[2018.08.21-05.28.11:888][511]LogTemp: Error:  35276364660n pressure plate!
[2018.08.21-05.28.11:905][512]LogTemp: Error:  35276365320n pressure plate!
[2018.08.21-05.28.11:922][513]LogTemp: Error:  35276365620n pressure plate!
[2018.08.21-05.28.11:938][514]LogTemp: Error:  35276366720n pressure plate!
[2018.08.21-05.28.11:955][515]LogTemp: Error:  35276373240n pressure plate!
[2018.08.21-05.28.11:971][516]LogTemp: Error:  35276373760n pressure plate!
[2018.08.21-05.28.11:988][517]LogTemp: Error:  35276374420n pressure plate!
[2018.08.21-05.28.12:005][518]LogTemp: Error:  35276375060n pressure plate!
[2018.08.21-05.28.12:022][519]LogTemp: Error:  35276367600n pressure plate!
[2018.08.21-05.28.12:039][520]LogTemp: Error:  35276370540n pressure plate!
[2018.08.21-05.28.12:055][521]LogTemp: Error:  35276370760n pressure plate!
[2018.08.21-05.28.12:071][522]LogTemp: Error:  35276371120n pressure plate!
[2018.08.21-05.28.12:088][523]LogTemp: Error:  35276371500n pressure plate!
[2018.08.21-05.28.12:105][524]LogTemp: Error:  35276372300n pressure plate!
[2018.08.21-05.28.12:122][525]LogTemp: Error:  34757301040n pressure plate!
[2018.08.21-05.28.12:138][526]LogTemp: Error:  34757330160n pressure plate!
[2018.08.21-05.28.12:155][527]LogTemp: Error:  34757330620n pressure plate!
[2018.08.21-05.28.12:171][528]LogTemp: Error:  34757335440n pressure plate!
[2018.08.21-05.28.12:188][529]LogTemp: Error:  34757336400n pressure plate!
[2018.08.21-05.28.12:205][530]LogTemp: Error:  34757334560n pressure plate!
[2018.08.21-05.28.12:222][531]LogTemp: Error:  34757334120n pressure plate!
[2018.08.21-05.28.12:238][532]LogTemp: Error:  34757333400n pressure plate!
[2018.08.21-05.28.12:255][533]LogTemp: Error:  34757332660n pressure plate!
[2018.08.21-05.28.12:272][534]LogTemp: Error:  35166324600n pressure plate!
[2018.08.21-05.28.12:289][535]LogTemp: Error:  35166312200n pressure plate!
[2018.08.21-05.28.12:305][536]LogTemp: Error:  35166320340n pressure plate!
[2018.08.21-05.28.12:322][537]LogTemp: Error:  35166324060n pressure plate!
[2018.08.21-05.28.12:339][538]LogTemp: Error:  35166332520n pressure plate!
[2018.08.21-05.28.12:356][539]LogTemp: Error:  35166335360n pressure plate!
[2018.08.21-05.28.12:372][540]LogTemp: Error:  32022445360n pressure plate!
[2018.08.21-05.28.12:388][541]LogTemp: Error:  32022457760n pressure plate!
[2018.08.21-05.28.12:405][542]LogTemp: Error:  32022454700n pressure plate!
[2018.08.21-05.28.12:421][543]LogTemp: Error:  32022453000n pressure plate!
[2018.08.21-05.28.12:439][544]LogTemp: Error:  32013103700n pressure plate!
[2018.08.21-05.28.12:456][545]LogTemp: Error:  32013101640n pressure plate!
[2018.08.21-05.28.12:471][546]LogTemp: Error:  32013101500n pressure plate!
[2018.08.21-05.28.12:488][547]LogTemp: Error:  32013114020n pressure plate!
[2018.08.21-05.28.12:505][548]LogTemp: Error:  32013114700n pressure plate!
[2018.08.21-05.28.12:521][549]LogTemp: Error:  32013115260n pressure plate!
[2018.08.21-05.28.12:538][550]LogTemp: Error:  32013117100n pressure plate!
[2018.08.21-05.28.12:555][551]LogTemp: Error:  32013114240n pressure plate!
[2018.08.21-05.28.12:571][552]LogTemp: Error:  32013113220n pressure plate!
[2018.08.21-05.28.12:588][553]LogTemp: Error:  32013121360n pressure plate!
[2018.08.21-05.28.12:605][554]LogTemp: Error:  35265322320n pressure plate!
[2018.08.21-05.28.12:621][555]LogTemp: Error:  35265303160n pressure plate!
[2018.08.21-05.28.12:638][556]LogTemp: Error:  35265303700n pressure plate!
[2018.08.21-05.28.12:655][557]LogTemp: Error:  35265302060n pressure plate!
[2018.08.21-05.28.12:672][558]LogTemp: Error:  35262376320n pressure plate!
[2018.08.21-05.28.12:689][559]LogTemp: Error:  35262347340n pressure plate!
[2018.08.21-05.28.12:705][560]LogTemp: Error:  35262345660n pressure plate!
[2018.08.21-05.28.12:721][561]LogTemp: Error:  23705331040n pressure plate!
[2018.08.21-05.28.12:738][562]LogTemp: Error:  23705300320n pressure plate!
[2018.08.21-05.28.12:755][563]LogTemp: Error:  23705322320n pressure plate!
[2018.08.21-05.28.12:771][564]LogTemp: Error:  35257575300n pressure plate!
[2018.08.21-05.28.12:788][565]LogTemp: Error:  35257540240n pressure plate!
[2018.08.21-05.28.12:806][566]LogTemp: Error:  35257556220n pressure plate!
[2018.08.21-05.28.12:821][567]LogTemp: Error:  35257554020n pressure plate!
[2018.08.21-05.28.12:839][568]LogTemp: Error:  35257556600n pressure plate!
[2018.08.21-05.28.12:855][569]LogTemp: Error:  35257555720n pressure plate!
[2018.08.21-05.28.12:872][570]LogTemp: Error:  35246513740n pressure plate!
[2018.08.21-05.28.12:889][571]LogTemp: Error:  35246502520n pressure plate!
[2018.08.21-05.28.12:905][572]LogTemp: Error:  35246533620n pressure plate!
[2018.08.21-05.28.12:922][573]LogTemp: Error:  35246534640n pressure plate!
[2018.08.21-05.28.12:939][574]LogTemp: Error:  35246535360n pressure plate!
[2018.08.21-05.28.12:955][575]LogTemp: Error:  35246536700n pressure plate!
[2018.08.21-05.28.12:972][576]LogTemp: Error:  35246537040n pressure plate!
[2018.08.21-05.28.12:988][577]LogTemp: Error:  35246525540n pressure plate!
[2018.08.21-05.28.13:005][578]LogTemp: Error:  35246534720n pressure plate!
[2018.08.21-05.28.13:022][579]LogTemp: Error:  35246530700n pressure plate!
[2018.08.21-05.28.13:039][580]LogTemp: Error:  35246515260n pressure plate!
[2018.08.21-05.28.13:055][581]LogTemp: Error:  35246516140n pressure plate!
[2018.08.21-05.28.13:072][582]LogTemp: Error:  35246516600n pressure plate!
[2018.08.21-05.28.13:088][583]LogTemp: Error:  35246517620n pressure plate!
[2018.08.21-05.28.13:105][584]LogTemp: Error:  35246521000n pressure plate!
[2018.08.21-05.28.13:122][585]LogTemp: Error:  35246511020n pressure plate!
[2018.08.21-05.28.13:138][586]LogTemp: Error:  34713046020n pressure plate!
[2018.08.21-05.28.13:155][587]LogTemp: Error:  34713071040n pressure plate!
[2018.08.21-05.28.13:171][588]LogTemp: Error:  34713064220n pressure plate!
[2018.08.21-05.28.13:188][589]LogTemp: Error:  34713061140n pressure plate!
[2018.08.21-05.28.13:205][590]LogTemp: Error:  34713043400n pressure plate!
[2018.08.21-05.28.13:221][591]LogTemp: Error:  34713041500n pressure plate!
[2018.08.21-05.28.13:238][592]LogTemp: Error:  34713077720n pressure plate!
[2018.08.21-05.28.13:255][593]LogTemp: Error:  34713076460n pressure plate!
[2018.08.21-05.28.13:271][594]LogTemp: Error:  34713071200n pressure plate!
[2018.08.21-05.28.13:288][595]LogTemp: Error:  34713054620n pressure plate!
[2018.08.21-05.28.13:304][596]LogTemp: Error:  34713042520n pressure plate!
[2018.08.21-05.28.13:321][597]LogTemp: Error:  34713076700n pressure plate!
[2018.08.21-05.28.13:338][598]LogTemp: Error:  32037123260n pressure plate!
[2018.08.21-05.28.13:354][599]LogTemp: Error:  32037101200n pressure plate!
[2018.08.21-05.28.13:371][600]LogTemp: Error:  32037133240n pressure plate!
[2018.08.21-05.28.13:389][601]LogTemp: Error:  32037110360n pressure plate!
[2018.08.21-05.28.13:405][602]LogTemp: Error:  32037110220n pressure plate!
[2018.08.21-05.28.13:421][603]LogTemp: Error:  32037110060n pressure plate!
[2018.08.21-05.28.13:438][604]LogTemp: Error:  32037111240n pressure plate!
[2018.08.21-05.28.13:455][605]LogTemp: Error:  34666533240n pressure plate!
[2018.08.21-05.28.13:472][606]LogTemp: Error:  34666510000n pressure plate!
[2018.08.21-05.28.13:489][607]LogTemp: Error:  34666511100n pressure plate!
[2018.08.21-05.28.13:506][608]LogTemp: Error:  34666515500n pressure plate!
[2018.08.21-05.28.13:522][609]LogTemp: Error:  34666514700n pressure plate!
[2018.08.21-05.28.13:539][610]LogTemp: Error:  34666513660n pressure plate!
[2018.08.21-05.28.18:307][896]LogTemp: Warning: Grab pressed!
[2018.08.21-05.28.18:307][896]LogTemp: Warning: Line Trace Hit: SM_Chair_2
[2018.08.21-05.28.20:338][ 18]LogTemp: Error:  35377207120n pressure plate!
[2018.08.21-05.28.20:355][ 19]LogTemp: Error:  35377206240n pressure plate!
[2018.08.21-05.28.20:371][ 20]LogTemp: Error:  35377206100n pressure plate!
[2018.08.21-05.28.20:388][ 21]LogTemp: Error:  35377205740n pressure plate!
[2018.08.21-05.28.20:405][ 22]LogTemp: Error:  35377205600n pressure plate!
[2018.08.21-05.28.20:422][ 23]LogTemp: Error:  35377205440n pressure plate!
[2018.08.21-05.28.20:439][ 24]LogTemp: Error:  35377205300n pressure plate!
[2018.08.21-05.28.20:455][ 25]LogTemp: Error:  35377205140n pressure plate!
[2018.08.21-05.28.20:472][ 26]LogTemp: Error:  35377205060n pressure plate!
[2018.08.21-05.28.20:488][ 27]LogTemp: Error:  35377204720n pressure plate!
[2018.08.21-05.28.20:505][ 28]LogTemp: Error:  35377204500n pressure plate!
[2018.08.21-05.28.20:522][ 29]LogTemp: Error:  35377204340n pressure plate!
[2018.08.21-05.28.20:539][ 30]LogTemp: Error:  35377204200n pressure plate!
[2018.08.21-05.28.20:555][ 31]LogTemp: Error:  35377204040n pressure plate!
[2018.08.21-05.28.20:572][ 32]LogTemp: Warning: Grab released!
[2018.08.21-05.28.20:572][ 32]LogTemp: Error:  35377205360n pressure plate!
[2018.08.21-05.28.20:588][ 33]LogTemp: Error:  35377203460n pressure plate!
[2018.08.21-05.28.20:605][ 34]LogTemp: Error:  35377203240n pressure plate!
[2018.08.21-05.28.20:622][ 35]LogTemp: Error:  35377203100n pressure plate!
[2018.08.21-05.28.20:639][ 36]LogTemp: Error:  35377202740n pressure plate!
[2018.08.21-05.28.20:655][ 37]LogTemp: Error:  35377202600n pressure plate!
[2018.08.21-05.28.20:672][ 38]LogTemp: Error:  35377202360n pressure plate!
[2018.08.21-05.28.20:689][ 39]LogTemp: Error:  35377202220n pressure plate!
[2018.08.21-05.28.20:705][ 40]LogTemp: Error:  35377202060n pressure plate!
[2018.08.21-05.28.20:722][ 41]LogTemp: Error:  35377201720n pressure plate!
[2018.08.21-05.28.20:738][ 42]LogTemp: Error:  35377201560n pressure plate!
[2018.08.21-05.28.20:755][ 43]LogTemp: Error:  35377201120n pressure plate!
[2018.08.21-05.28.20:772][ 44]LogTemp: Error:  35377202440n pressure plate!
[2018.08.21-05.28.20:788][ 45]LogTemp: Error:  35377200760n pressure plate!
[2018.08.21-05.28.20:805][ 46]LogTemp: Error:  35377200700n pressure plate!
[2018.08.21-05.28.20:822][ 47]LogTemp: Error:  35377200540n pressure plate!
[2018.08.21-05.28.20:839][ 48]LogTemp: Error:  35374137640n pressure plate!
[2018.08.21-05.28.20:855][ 49]LogTemp: Error:  35374132440n pressure plate!
[2018.08.21-05.28.20:872][ 50]LogTemp: Error:  35374132300n pressure plate!
[2018.08.21-05.28.20:888][ 51]LogTemp: Error:  35374132140n pressure plate!
[2018.08.21-05.28.20:905][ 52]LogTemp: Error:  35374132000n pressure plate!
[2018.08.21-05.28.20:922][ 53]LogTemp: Error:  35374131640n pressure plate!
[2018.08.21-05.28.20:938][ 54]LogTemp: Error:  35374131500n pressure plate!
[2018.08.21-05.28.20:955][ 55]LogTemp: Error:  35374131340n pressure plate!
[2018.08.21-05.28.20:972][ 56]LogTemp: Error:  35374131120n pressure plate!
[2018.08.21-05.28.20:988][ 57]LogTemp: Error:  35374130760n pressure plate!
[2018.08.21-05.28.21:005][ 58]LogTemp: Error:  35374130540n pressure plate!
[2018.08.21-05.28.21:022][ 59]LogTemp: Error:  35374130400n pressure plate!
[2018.08.21-05.28.21:038][ 60]LogTemp: Error:  35374130160n pressure plate!
[2018.08.21-05.28.21:055][ 61]LogTemp: Error:  35374130020n pressure plate!
[2018.08.21-05.28.21:071][ 62]LogTemp: Error:  35374127660n pressure plate!
[2018.08.21-05.28.21:088][ 63]LogTemp: Error:  35374127520n pressure plate!
[2018.08.21-05.28.21:105][ 64]LogTemp: Error:  35374127360n pressure plate!
[2018.08.21-05.28.21:121][ 65]LogTemp: Error:  35374127220n pressure plate!
[2018.08.21-05.28.21:138][ 66]LogTemp: Error:  35374127060n pressure plate!
[2018.08.21-05.28.21:155][ 67]LogTemp: Error:  35374126720n pressure plate!
[2018.08.21-05.28.21:171][ 68]LogTemp: Error:  35374126500n pressure plate!
[2018.08.21-05.28.21:188][ 69]LogTemp: Error:  35374126340n pressure plate!
[2018.08.21-05.28.21:205][ 70]LogTemp: Error:  35374126200n pressure plate!
[2018.08.21-05.28.21:222][ 71]LogTemp: Error:  35374126040n pressure plate!
[2018.08.21-05.28.21:239][ 72]LogTemp: Error:  35374125700n pressure plate!
[2018.08.21-05.28.21:256][ 73]LogTemp: Error:  35374125540n pressure plate!
[2018.08.21-05.28.21:272][ 74]LogTemp: Error:  35374125400n pressure plate!
[2018.08.21-05.28.21:289][ 75]LogTemp: Error:  35374125240n pressure plate!
[2018.08.21-05.28.21:306][ 76]LogTemp: Error:  35374125160n pressure plate!
[2018.08.21-05.28.21:322][ 77]LogTemp: Error:  35374125020n pressure plate!
[2018.08.21-05.28.21:339][ 78]LogTemp: Error:  35374124600n pressure plate!
[2018.08.21-05.28.21:356][ 79]LogTemp: Error:  35374124440n pressure plate!
[2018.08.21-05.28.21:372][ 80]LogTemp: Error:  35374124300n pressure plate!
[2018.08.21-05.28.21:389][ 81]LogTemp: Error:  35374124140n pressure plate!
[2018.08.21-05.28.25:422][323]LogTemp: Error:  35374125460n pressure plate!
[2018.08.21-05.28.25:438][324]LogTemp: Error:  35374124140n pressure plate!
[2018.08.21-05.28.25:456][325]LogTemp: Error:  35374137200n pressure plate!
[2018.08.21-05.28.25:472][326]LogTemp: Error:  35374122760n pressure plate!
[2018.08.21-05.28.25:489][327]LogTemp: Error:  35374123120n pressure plate!
[2018.08.21-05.28.25:505][328]LogTemp: Error:  35374123260n pressure plate!
[2018.08.21-05.28.25:522][329]LogTemp: Error:  35374122540n pressure plate!
[2018.08.21-05.28.25:538][330]LogTemp: Error:  35374122400n pressure plate!
[2018.08.21-05.28.25:555][331]LogTemp: Error:  35374122320n pressure plate!
[2018.08.21-05.28.25:572][332]LogTemp: Error:  35374122160n pressure plate!
[2018.08.21-05.28.25:589][333]LogTemp: Error:  35374121740n pressure plate!
[2018.08.21-05.28.25:605][334]LogTemp: Error:  35374121600n pressure plate!
[2018.08.21-05.28.25:622][335]LogTemp: Warning: Grab pressed!
[2018.08.21-05.28.25:623][335]LogTemp: Warning: Line Trace Hit: SM_Chair_2
[2018.08.21-05.28.25:623][335]LogTemp: Error:  35374123560n pressure plate!
[2018.08.21-05.28.25:638][336]LogTemp: Error:  35374121060n pressure plate!
[2018.08.21-05.28.25:655][337]LogTemp: Error:  35374120640n pressure plate!
[2018.08.21-05.28.25:672][338]LogTemp: Error:  35374120500n pressure plate!
[2018.08.21-05.28.25:689][339]LogTemp: Error:  35374120340n pressure plate!
[2018.08.21-05.28.25:705][340]LogTemp: Error:  35374120200n pressure plate!
[2018.08.21-05.28.25:722][341]LogTemp: Error:  35374120040n pressure plate!
[2018.08.21-05.28.25:739][342]LogTemp: Error:  35374117700n pressure plate!
[2018.08.21-05.28.25:755][343]LogTemp: Error:  35374117460n pressure plate!
[2018.08.21-05.28.25:772][344]LogTemp: Error:  35374117320n pressure plate!
[2018.08.21-05.28.25:789][345]LogTemp: Error:  35374117160n pressure plate!
[2018.08.21-05.28.25:805][346]LogTemp: Error:  35374117020n pressure plate!
[2018.08.21-05.28.25:822][347]LogTemp: Error:  35374116660n pressure plate!
[2018.08.21-05.28.25:838][348]LogTemp: Error:  35374116300n pressure plate!
[2018.08.21-05.28.25:855][349]LogTemp: Error:  35374116660n pressure plate!
[2018.08.21-05.28.25:871][350]LogTemp: Error:  35374120720n pressure plate!
[2018.08.21-05.28.25:888][351]LogTemp: Error:  35374137040n pressure plate!
[2018.08.21-05.28.25:905][352]LogTemp: Error:  35374115560n pressure plate!
[2018.08.21-05.28.25:922][353]LogTemp: Error:  35374116000n pressure plate!
[2018.08.21-05.28.25:938][354]LogTemp: Error:  35374116360n pressure plate!
[2018.08.21-05.28.25:955][355]LogTemp: Error:  35374115260n pressure plate!
[2018.08.21-05.28.25:971][356]LogTemp: Error:  35374115120n pressure plate!
[2018.08.21-05.28.25:988][357]LogTemp: Error:  35374114760n pressure plate!
[2018.08.21-05.28.26:005][358]LogTemp: Error:  35374114620n pressure plate!
[2018.08.21-05.28.26:022][359]LogTemp: Error:  35374114460n pressure plate!
[2018.08.21-05.28.26:039][360]LogTemp: Error:  35374114320n pressure plate!
[2018.08.21-05.28.26:055][361]LogTemp: Error:  35374114240n pressure plate!
[2018.08.21-05.28.26:072][362]LogTemp: Error:  35374114100n pressure plate!
[2018.08.21-05.28.26:089][363]LogTemp: Error:  35374113660n pressure plate!
[2018.08.21-05.28.26:105][364]LogTemp: Error:  35374113520n pressure plate!
[2018.08.21-05.28.26:122][365]LogTemp: Error:  35374113360n pressure plate!
[2018.08.21-05.28.26:139][366]LogTemp: Error:  35374113220n pressure plate!
[2018.08.21-05.28.26:155][367]LogTemp: Error:  35374113060n pressure plate!
[2018.08.21-05.28.26:172][368]LogTemp: Error:  35374112720n pressure plate!
[2018.08.21-05.28.26:189][369]LogTemp: Error:  35374112560n pressure plate!
[2018.08.21-05.28.26:205][370]LogTemp: Error:  35374112420n pressure plate!
[2018.08.21-05.28.26:222][371]LogTemp: Error:  35374112340n pressure plate!
[2018.08.21-05.28.26:239][372]LogTemp: Error:  35374112200n pressure plate!
[2018.08.21-05.28.28:588][513]LogTemp: Warning: Grab released!
[2018.08.21-05.28.30:706][640]LogTemp: Warning: Grab pressed!
[2018.08.21-05.28.30:707][640]LogTemp: Warning: Line Trace Hit: SM_Chair_2
[2018.08.21-05.28.31:972][716]LogTemp: Warning: Grab released!
[2018.08.21-05.28.33:124][785]LogTemp: Warning: Grab pressed!
[2018.08.21-05.28.33:124][785]LogTemp: Warning: Line Trace Hit: SM_Chair_2
[2018.08.21-05.28.33:522][809]LogTemp: Error:  35374111240n pressure plate!
[2018.08.21-05.28.33:539][810]LogTemp: Error:  35374114540n pressure plate!
[2018.08.21-05.28.33:556][811]LogTemp: Error:  35374112120n pressure plate!
[2018.08.21-05.28.33:572][812]LogTemp: Error:  35374110360n pressure plate!
[2018.08.21-05.28.33:589][813]LogTemp: Error:  35374110060n pressure plate!
[2018.08.21-05.28.33:606][814]LogTemp: Error:  35374110220n pressure plate!
[2018.08.21-05.28.33:622][815]LogTemp: Error:  35374111160n pressure plate!
[2018.08.21-05.28.33:639][816]LogTemp: Error:  35374107560n pressure plate!
[2018.08.21-05.28.33:655][817]LogTemp: Error:  35374107340n pressure plate!
[2018.08.21-05.28.33:672][818]LogTemp: Error:  35374107200n pressure plate!
[2018.08.21-05.28.33:689][819]LogTemp: Error:  35374107040n pressure plate!
[2018.08.21-05.28.33:706][820]LogTemp: Error:  35374106700n pressure plate!
[2018.08.21-05.28.33:722][821]LogTemp: Error:  35374106540n pressure plate!
[2018.08.21-05.28.33:739][822]LogTemp: Error:  35374106400n pressure plate!
[2018.08.21-05.28.33:755][823]LogTemp: Error:  35374106240n pressure plate!
[2018.08.21-05.28.33:772][824]LogTemp: Error:  35374106100n pressure plate!
[2018.08.21-05.28.33:789][825]LogTemp: Error:  35374106020n pressure plate!
[2018.08.21-05.28.33:805][826]LogTemp: Error:  35374105660n pressure plate!
[2018.08.21-05.28.33:822][827]LogTemp: Error:  35374105440n pressure plate!
[2018.08.21-05.28.33:839][828]LogTemp: Error:  35374105300n pressure plate!
[2018.08.21-05.28.33:855][829]LogTemp: Error:  35374105140n pressure plate!
[2018.08.21-05.28.33:872][830]LogTemp: Error:  35374105000n pressure plate!
[2018.08.21-05.28.33:888][831]LogTemp: Error:  35374104640n pressure plate!
[2018.08.21-05.28.33:905][832]LogTemp: Error:  35374104500n pressure plate!
[2018.08.21-05.28.33:922][833]LogTemp: Error:  35374104340n pressure plate!
[2018.08.21-05.28.33:938][834]LogTemp: Error:  35374104200n pressure plate!
[2018.08.21-05.28.33:956][835]LogTemp: Error:  35374104120n pressure plate!
[2018.08.21-05.28.33:972][836]LogTemp: Error:  35374103760n pressure plate!
[2018.08.21-05.28.33:989][837]LogTemp: Error:  35374103540n pressure plate!
[2018.08.21-05.28.34:006][838]LogTemp: Error:  35374103400n pressure plate!
[2018.08.21-05.28.34:022][839]LogTemp: Error:  35374103240n pressure plate!
[2018.08.21-05.28.34:039][840]LogTemp: Error:  35374103100n pressure plate!
[2018.08.21-05.28.34:055][841]LogTemp: Error:  35374102740n pressure plate!
[2018.08.21-05.28.34:072][842]LogTemp: Error:  35374102600n pressure plate!
[2018.08.21-05.28.34:089][843]LogTemp: Warning: Grab released!
[2018.08.21-05.28.34:089][843]LogTemp: Error:  35374104420n pressure plate!
[2018.08.21-05.28.34:105][844]LogTemp: Error:  35374102220n pressure plate!
[2018.08.21-05.28.34:123][845]LogTemp: Error:  35374102060n pressure plate!
[2018.08.21-05.28.34:139][846]LogTemp: Error:  35374101720n pressure plate!
[2018.08.21-05.28.34:155][847]LogTemp: Error:  35374101500n pressure plate!
[2018.08.21-05.28.34:172][848]LogTemp: Error:  35374101340n pressure plate!
[2018.08.21-05.28.34:189][849]LogTemp: Error:  35374101200n pressure plate!
[2018.08.21-05.28.34:205][850]LogTemp: Error:  35374101040n pressure plate!
[2018.08.21-05.28.34:222][851]LogTemp: Error:  35374100700n pressure plate!
[2018.08.21-05.28.34:238][852]LogTemp: Error:  35374100540n pressure plate!
[2018.08.21-05.28.34:255][853]LogTemp: Error:  35374100400n pressure plate!
[2018.08.21-05.28.34:272][854]LogTemp: Error:  35374100240n pressure plate!
[2018.08.21-05.28.34:290][855]LogTemp: Error:  35334677720n pressure plate!
[2018.08.21-05.28.34:306][856]LogTemp: Error:  35334673100n pressure plate!
[2018.08.21-05.28.34:322][857]LogTemp: Error:  35334672660n pressure plate!
[2018.08.21-05.28.34:339][858]LogTemp: Error:  35334672520n pressure plate!
[2018.08.21-05.28.34:356][859]LogTemp: Error:  35334672360n pressure plate!
[2018.08.21-05.28.34:373][860]LogTemp: Error:  35334672220n pressure plate!
[2018.08.21-05.28.34:390][861]LogTemp: Error:  35334672060n pressure plate!
[2018.08.21-05.28.34:406][862]LogTemp: Error:  35334671720n pressure plate!
[2018.08.21-05.28.34:422][863]LogTemp: Error:  35334671560n pressure plate!
[2018.08.21-05.28.34:439][864]LogTemp: Error:  35334671420n pressure plate!
[2018.08.21-05.28.34:456][865]LogTemp: Error:  35334671200n pressure plate!
[2018.08.21-05.28.34:472][866]LogTemp: Error:  35334671040n pressure plate!
[2018.08.21-05.28.34:489][867]LogTemp: Error:  35334670620n pressure plate!
[2018.08.21-05.28.34:505][868]LogTemp: Error:  35334670460n pressure plate!
[2018.08.21-05.28.34:522][869]LogTemp: Error:  35334670320n pressure plate!
[2018.08.21-05.28.34:539][870]LogTemp: Error:  35334670100n pressure plate!
[2018.08.21-05.28.34:556][871]LogTemp: Error:  35334667740n pressure plate!
[2018.08.21-05.28.34:573][872]LogTemp: Error:  35334667600n pressure plate!
[2018.08.21-05.28.34:589][873]LogTemp: Error:  35334667440n pressure plate!
[2018.08.21-05.28.34:605][874]LogTemp: Error:  35334667300n pressure plate!
[2018.08.21-05.28.34:623][875]LogTemp: Error:  35334667220n pressure plate!
[2018.08.21-05.28.34:640][876]LogTemp: Error:  35334667060n pressure plate!
[2018.08.21-05.28.34:656][877]LogTemp: Error:  35334666640n pressure plate!
[2018.08.21-05.28.34:673][878]LogTemp: Error:  35334666500n pressure plate!
[2018.08.21-05.28.34:689][879]LogTemp: Error:  35334666340n pressure plate!
[2018.08.21-05.28.34:706][880]LogTemp: Error:  35334666200n pressure plate!
[2018.08.21-05.28.34:722][881]LogTemp: Error:  35334666040n pressure plate!
[2018.08.21-05.28.34:739][882]LogTemp: Error:  35334665700n pressure plate!
[2018.08.21-05.28.34:757][883]LogTemp: Error:  35334665540n pressure plate!
[2018.08.21-05.28.34:773][884]LogTemp: Error:  35334665400n pressure plate!
[2018.08.21-05.28.34:789][885]LogTemp: Error:  35334665320n pressure plate!
[2018.08.21-05.28.34:806][886]LogTemp: Error:  35334665160n pressure plate!
[2018.08.21-05.28.34:823][887]LogTemp: Error:  35334664740n pressure plate!
[2018.08.21-05.28.34:839][888]LogTemp: Error:  35334664600n pressure plate!
[2018.08.21-05.28.34:856][889]LogTemp: Error:  35334664440n pressure plate!
[2018.08.21-05.28.34:873][890]LogTemp: Error:  35334664300n pressure plate!
[2018.08.21-05.28.34:889][891]LogTemp: Error:  35334664140n pressure plate!
[2018.08.21-05.28.34:906][892]LogTemp: Error:  35334664000n pressure plate!
[2018.08.21-05.28.34:923][893]LogTemp: Error:  35334663640n pressure plate!
[2018.08.21-05.28.34:939][894]LogTemp: Error:  35334663500n pressure plate!
[2018.08.21-05.28.34:956][895]LogTemp: Error:  35334663420n pressure plate!
[2018.08.21-05.28.34:972][896]LogTemp: Error:  35334663260n pressure plate!
[2018.08.21-05.28.34:989][897]LogTemp: Error:  35334663040n pressure plate!
[2018.08.21-05.28.35:005][898]LogTemp: Error:  35334662700n pressure plate!
[2018.08.21-05.28.35:022][899]LogTemp: Error:  35334662540n pressure plate!
[2018.08.21-05.28.35:039][900]LogTemp: Error:  35334662400n pressure plate!
[2018.08.21-05.28.35:055][901]LogTemp: Error:  35334662240n pressure plate!
[2018.08.21-05.28.35:072][902]LogTemp: Error:  35334662100n pressure plate!
[2018.08.21-05.28.35:089][903]LogTemp: Error:  35334661740n pressure plate!
[2018.08.21-05.28.35:106][904]LogTemp: Error:  35334661600n pressure plate!
[2018.08.21-05.28.44:252][450]LogSlate: Updating window title bar state: overlay mode, drag disabled, window buttons hidden, title bar hidden
[2018.08.21-05.28.44:287][450]LogPlayLevel: Display: Shutting down PIE online subsystems
[2018.08.21-05.28.44:327][450]LogSlate: Updating window title bar state: overlay mode, drag disabled, window buttons hidden, title bar hidden
[2018.08.21-05.28.44:366][452]LogPlayLevel: Display: Destroying online subsystem :Context_6
[2018.08.21-05.28.55:567][124]LogEditorViewport: Clicking on Actor (LMB): StaticMeshActor (SM_Chair)
[2018.08.21-05.29.00:707][424]LogSlate: FSceneViewport::OnFocusLost() reason 2
[2018.08.21-05.29.00:816][424]LogSavePackage: Moving 'E:/Media/UE4 Projects and Tutorials/_User Projects/Section_03-4_19/Building_Escape/BuildingEscape 4.20/Saved/NewMap1E68F82A6460DBA034E4A8CA1F744AD68.tmp' to 'E:/Media/UE4 Projects and Tutorials/_User Projects/Section_03-4_19/Building_Escape/BuildingEscape 4.20/Content/NewMap1.umap'
[2018.08.21-05.29.00:928][424]LogSavePackage: Moving 'E:/Media/UE4 Projects and Tutorials/_User Projects/Section_03-4_19/Building_Escape/BuildingEscape 4.20/Saved/NewMap1_BuiltData53771343490B1405F2FFB5866648D035.tmp' to 'E:/Media/UE4 Projects and Tutorials/_User Projects/Section_03-4_19/Building_Escape/BuildingEscape 4.20/Content/NewMap1_BuiltData.uasset'
[2018.08.21-05.29.02:545][521]LogTemp: Repeating last play command: Selected Viewport
[2018.08.21-05.29.02:557][521]LogPlayLevel: PlayLevel: No blueprints needed recompiling
[2018.08.21-05.29.02:558][521]PIE: New page: PIE session: NewMap1 (Aug 21, 2018, 4:29:02 PM)
[2018.08.21-05.29.02:558][521]LogPlayLevel: Creating play world package: /Game/UEDPIE_0_NewMap1
[2018.08.21-05.29.02:563][521]LogPlayLevel: PIE: StaticDuplicateObject took: (0.005003s)
[2018.08.21-05.29.02:564][521]LogAIModule: Creating AISystem for world NewMap1
[2018.08.21-05.29.02:564][521]LogPlayLevel: PIE: World Init took: (0.000971s)
[2018.08.21-05.29.02:564][521]LogPlayLevel: PIE: Created PIE world by copying editor world from /Game/NewMap1.NewMap1 to /Game/UEDPIE_0_NewMap1.NewMap1 (0.006520s)
[2018.08.21-05.29.02:605][521]LogInit: XAudio2 using 'Speakers (Realtek High Definition Audio)' : 2 channels at 48 kHz using 32 bits per sample (channel mask 0x3)
[2018.08.21-05.29.02:623][521]LogInit: FAudioDevice initialized.
[2018.08.21-05.29.02:652][521]LogLoad: Game class is 'BuildingEscape_BP_C'
[2018.08.21-05.29.02:654][521]LogWorld: Bringing World /Game/UEDPIE_0_NewMap1.NewMap1 up for play (max tick rate 60) at 2018.08.21-10.59.02
[2018.08.21-05.29.02:655][521]LogWorld: Bringing up level for play took: 0.001894
[2018.08.21-05.29.02:668][521]LogTemp: Warning: SM_Chair_2 found on X=383.387 Y=-413.742 Z=19.821
[2018.08.21-05.29.02:668][521]LogTemp: Warning: SM_Chair2 found on X=223.387 Y=-413.742 Z=19.821
[2018.08.21-05.29.02:669][521]LogTemp: Warning: DefaultPawn_BP_C_0 input component found
[2018.08.21-05.29.02:669][521]PIE: Play in editor start time for /Game/UEDPIE_0_NewMap1 0.647
[2018.08.21-05.29.03:465][569]LogTemp: Warning: Grab pressed!
[2018.08.21-05.29.04:925][569]LogWindows: Error: === Critical error: ===
[2018.08.21-05.29.04:925][569]LogWindows: Error: 
[2018.08.21-05.29.04:925][569]LogWindows: Error: Fatal error!
[2018.08.21-05.29.04:925][569]LogWindows: Error: 
[2018.08.21-05.29.04:925][569]LogWindows: Error: Unhandled Exception: EXCEPTION_ACCESS_VIOLATION reading address 0x00000170
[2018.08.21-05.29.04:925][569]LogWindows: Error: 
[2018.08.21-05.29.04:925][569]LogWindows: Error: [Callstack] 0x00007ffcb96d2ace UE4Editor-BuildingEscape-9507.dll!UGrabber::Grab() [e:\media\ue4 projects and tutorials\_user projects\section_03-4_19\building_escape\buildingescape 4.20\source\buildingescape\grabber.cpp:70]
[2018.08.21-05.29.04:925][569]LogWindows: Error: [Callstack] 0x00007ffc615c0b59 UE4Editor-Engine.dll!UnknownFunction []
[2018.08.21-05.29.04:925][569]LogWindows: Error: [Callstack] 0x00007ffc615f2642 UE4Editor-Engine.dll!UnknownFunction []
[2018.08.21-05.29.04:925][569]LogWindows: Error: [Callstack] 0x00007ffc610bf45c UE4Editor-Engine.dll!UnknownFunction []
[2018.08.21-05.29.04:925][569]LogWindows: Error: [Callstack] 0x00007ffc610d38e8 UE4Editor-Engine.dll!UnknownFunction []
[2018.08.21-05.29.04:925][569]LogWindows: Error: [Callstack] 0x00007ffc610bceab UE4Editor-Engine.dll!UnknownFunction []
[2018.08.21-05.29.04:925][569]LogWindows: Error: [Callstack] 0x00007ffc610d27a3 UE4Editor-Engine.dll!UnknownFunction []
[2018.08.21-05.29.04:925][569]LogWindows: Error: [Callstack] 0x00007ffc602f55e0 UE4Editor-Engine.dll!UnknownFunction []
[2018.08.21-05.29.04:925][569]LogWindows: Error: [Callstack] 0x00007ffc614efdad UE4Editor-Engine.dll!UnknownFunction []
[2018.08.21-05.29.04:925][569]LogWindows: Error: [Callstack] 0x00007ffc7eba1f92 UE4Editor-Core.dll!UnknownFunction []
[2018.08.21-05.29.04:925][569]LogWindows: Error: [Callstack] 0x00007ffc7eba2456 UE4Editor-Core.dll!UnknownFunction []
[2018.08.21-05.29.04:925][569]LogWindows: Error: [Callstack] 0x00007ffc7ebb6d25 UE4Editor-Core.dll!UnknownFunction []
[2018.08.21-05.29.04:925][569]LogWindows: Error: [Callstack] 0x00007ffc615441f4 UE4Editor-Engine.dll!UnknownFunction []
[2018.08.21-05.29.04:925][569]LogWindows: Error: [Callstack] 0x00007ffc61553482 UE4Editor-Engine.dll!UnknownFunction []
[2018.08.21-05.29.04:925][569]LogWindows: Error: [Callstack] 0x00007ffc60c58654 UE4Editor-Engine.dll!UnknownFunction []
[2018.08.21-05.29.04:925][569]LogWindows: Error: [Callstack] 0x00007ffc60c63e73 UE4Editor-Engine.dll!UnknownFunction []
[2018.08.21-05.29.04:925][569]LogWindows: Error: [Callstack] 0x00007ffc65817295 UE4Editor-UnrealEd.dll!UnknownFunction []
[2018.08.21-05.29.04:925][569]LogWindows: Error: [Callstack] 0x00007ffc6610f0d6 UE4Editor-UnrealEd.dll!UnknownFunction []
[2018.08.21-05.29.04:925][569]LogWindows: Error: [Callstack] 0x00007ff6e23a5cbd UE4Editor.exe!UnknownFunction []
[2018.08.21-05.29.04:926][569]LogWindows: Error: [Callstack] 0x00007ff6e23b5b3c UE4Editor.exe!UnknownFunction []
[2018.08.21-05.29.04:926][569]LogWindows: Error: [Callstack] 0x00007ff6e23b5bba UE4Editor.exe!UnknownFunction []
[2018.08.21-05.29.04:926][569]LogWindows: Error: [Callstack] 0x00007ff6e23c3dac UE4Editor.exe!UnknownFunction []
[2018.08.21-05.29.04:926][569]LogWindows: Error: [Callstack] 0x00007ff6e23c5aaa UE4Editor.exe!UnknownFunction []
[2018.08.21-05.29.04:926][569]LogWindows: Error: [Callstack] 0x00007ffcc2b63034 KERNEL32.DLL!UnknownFunction []
[2018.08.21-05.29.04:926][569]LogWindows: Error: [Callstack] 0x00007ffcc2d81431 ntdll.dll!UnknownFunction []
[2018.08.21-05.29.04:926][569]LogWindows: Error: 
[2018.08.21-05.29.04:937][569]LogExit: Executing StaticShutdownAfterError
[2018.08.21-05.29.04:942][569]LogWindows: FPlatformMisc::RequestExit(1)
[2018.08.21-05.29.04:950][569]Log file closed, 08/21/18 10:59:04
