Log file open, 08/21/18 11:00:48
LogWindows: Failed to load 'aqProf.dll' (GetLastError=126)
LogWindows: File 'aqProf.dll' does not exist
LogWindows: Failed to load 'VSPerf140.dll' (GetLastError=126)
LogWindows: File 'VSPerf140.dll' does not exist
LogWindows: Failed to load 'VtuneApi.dll' (GetLastError=126)
LogWindows: File 'VtuneApi.dll' does not exist
LogWindows: Failed to load 'VtuneApi32e.dll' (GetLastError=126)
LogWindows: File 'VtuneApi32e.dll' does not exist
LogInit: Display: Running engine for game: BuildingEscape
LogPlatformFile: Not using cached read wrapper
LogTaskGraph: Started task graph with 5 named threads and 23 total threads with 3 sets of task threads.
LogStats: Stats thread started at 0.305955
LogD3D11RHI: Loaded GFSDK_Aftermath_Lib.x64.dll
LogICUInternationalization: Display: ICU TimeZone Detection - Raw Offset: +5:30, Platform Override: ''
LogPluginManager: Mounting plugin Paper2D
LogPluginManager: Mounting plugin AISupport
LogPluginManager: Mounting plugin LightPropagationVolume
LogPluginManager: Mounting plugin CLionSourceCodeAccess
LogPluginManager: Mounting plugin CodeLiteSourceCodeAccess
LogPluginManager: Mounting plugin GitSourceControl
LogPluginManager: Mounting plugin KDevelopSourceCodeAccess
LogPluginManager: Mounting plugin NullSourceCodeAccess
LogPluginManager: Mounting plugin PerforceSourceControl
LogPluginManager: Mounting plugin SubversionSourceControl
LogPluginManager: Mounting plugin UObjectPlugin
LogPluginManager: Mounting plugin VisualStudioCodeSourceCodeAccess
LogPluginManager: Mounting plugin VisualStudioSourceCodeAccess
LogPluginManager: Mounting plugin XCodeSourceCodeAccess
LogPluginManager: Mounting plugin AssetManagerEditor
LogPluginManager: Mounting plugin CryptoKeys
LogPluginManager: Mounting plugin DataValidation
LogPluginManager: Mounting plugin FacialAnimation
LogPluginManager: Mounting plugin GameplayTagsEditor
LogPluginManager: Mounting plugin MacGraphicsSwitching
LogPluginManager: Mounting plugin MeshEditor
LogPluginManager: Mounting plugin MobileLauncherProfileWizard
LogPluginManager: Mounting plugin PluginBrowser
LogPluginManager: Mounting plugin SpeedTreeImporter
LogPluginManager: Mounting plugin DatasmithContent
LogPluginManager: Mounting plugin AlembicImporter
LogPluginManager: Mounting plugin AppleImageUtils
LogPluginManager: Mounting plugin AppleVision
LogPluginManager: Mounting plugin BackChannel
LogPluginManager: Mounting plugin CharacterAI
LogPluginManager: Mounting plugin GeometryCache
LogPluginManager: Mounting plugin HTML5Networking
LogPluginManager: Mounting plugin ProxyLODPlugin
LogPluginManager: Mounting plugin MagicLeap
LogPluginManager: Mounting plugin MagicLeapEmulator
LogPluginManager: Mounting plugin MagicLeapMedia
LogPluginManager: Mounting plugin Substance
LogPluginManager: Mounting plugin AndroidMedia
LogPluginManager: Mounting plugin AvfMedia
LogPluginManager: Mounting plugin ImgMedia
LogPluginManager: Mounting plugin LinearTimecode
LogPluginManager: Mounting plugin MediaCompositing
LogPluginManager: Mounting plugin MediaPlayerEditor
LogPluginManager: Mounting plugin WmfMedia
LogPluginManager: Mounting plugin TcpMessaging
LogPluginManager: Mounting plugin UdpMessaging
LogPluginManager: Mounting plugin ActorSequence
LogPluginManager: Mounting plugin LevelSequenceEditor
LogPluginManager: Mounting plugin MatineeToLevelSequence
LogPluginManager: Mounting plugin NetcodeUnitTest
LogPluginManager: Mounting plugin NUTUnrealEngine4
LogPluginManager: Mounting plugin OnlineSubsystemGooglePlay
LogPluginManager: Mounting plugin OnlineSubsystemIOS
LogPluginManager: Mounting plugin OnlineSubsystem
LogPluginManager: Mounting plugin OnlineSubsystemNull
LogPluginManager: Mounting plugin OnlineSubsystemUtils
LogPluginManager: Mounting plugin LauncherChunkInstaller
LogPluginManager: Mounting plugin AndroidDeviceProfileSelector
LogPluginManager: Mounting plugin AndroidMoviePlayer
LogPluginManager: Mounting plugin AndroidPermission
LogPluginManager: Mounting plugin AppleMoviePlayer
LogPluginManager: Mounting plugin ArchVisCharacter
LogPluginManager: Mounting plugin AudioCapture
LogPluginManager: Mounting plugin CableComponent
LogPluginManager: Mounting plugin CustomMeshComponent
LogPluginManager: Mounting plugin EditableMesh
LogPluginManager: Mounting plugin ExampleDeviceProfileSelector
LogPluginManager: Mounting plugin GoogleCloudMessaging
LogPluginManager: Mounting plugin ImmediatePhysics
LogPluginManager: Mounting plugin IOSDeviceProfileSelector
LogPluginManager: Mounting plugin LinuxDeviceProfileSelector
LogPluginManager: Mounting plugin LocationServicesBPLibrary
LogPluginManager: Mounting plugin MobilePatchingUtils
LogPluginManager: Mounting plugin OculusVR
LogPluginManager: Plugin shader directory ../../../Engine/Plugins/Runtime/Oculus/OculusVR/Shaders found
LogPluginManager: Mapping shader source directory ../../../Engine/Plugins/Runtime/Oculus/OculusVR/Shaders to virtual directory /Plugin/OculusVR
LogPluginManager: Mounting plugin PhysXVehicles
LogPluginManager: Mounting plugin ProceduralMeshComponent
LogPluginManager: Mounting plugin RuntimePhysXCooking
LogPluginManager: Mounting plugin SteamVR
LogPluginManager: Mounting plugin WindowsMoviePlayer
LogStreaming: Display: Took  0.127s to configure plugins.
LogInit: Using libcurl 7.55.1-DEV
LogInit:  - built for x86_64-pc-win32
LogInit:  - supports SSL with OpenSSL/1.0.2h
LogInit:  - supports HTTP deflate (compression) using libz 1.2.8
LogInit:  - other features:
LogInit:      CURL_VERSION_SSL
LogInit:      CURL_VERSION_LIBZ
LogInit:      CURL_VERSION_IPV6
LogInit:      CURL_VERSION_ASYNCHDNS
LogInit:      CURL_VERSION_LARGEFILE
LogInit:      CURL_VERSION_IDN
LogInit:  CurlRequestOptions (configurable via config and command line):
LogInit:  - bVerifyPeer = false  - Libcurl will NOT verify peer certificate
LogInit:  - bUseHttpProxy = false  - Libcurl will NOT use HTTP proxy
LogInit:  - bDontReuseConnections = false  - Libcurl will reuse connections
LogInit:  - CertBundlePath = nullptr  - Libcurl will use whatever was configured at build time.
LogInit:  - MaxHostConnections = 16  - Libcurl will limit the number of connections to a host
LogInit:  - LocalHostAddr = Default
LogInit:  - BufferSize = 65536
LogInit: WinSock: version 1.1 (2.2), MaxSocks=32767, MaxUdp=65467
LogInit: Build: ++UE4+Release-4.20-CL-4233996
LogInit: Engine Version: 4.20.1-4233996+++UE4+Release-4.20
LogInit: Compatible Engine Version: 4.20.0-4212847+++UE4+Release-4.20
LogInit: Net CL: 4212847
LogInit: OS: Windows 10 (), CPU: Intel(R) Core(TM) i7-4710HQ CPU @ 2.50GHz, GPU: Intel(R) HD Graphics 4600
LogInit: Compiled (64-bit): Jul 26 2018 10:07:30
LogInit: Compiled with Visual C++: 19.13.26129.00
LogInit: Build Configuration: Development
LogInit: Branch Name: ++UE4+Release-4.20
LogInit: Command Line: 
LogInit: Base Directory: D:/Unreal Engine/UE_4.20/Engine/Binaries/Win64/
LogInit: Installed Engine Build: 1
LogDevObjectVersion: Number of dev versions registered: 20
LogDevObjectVersion:   Dev-Blueprints (B0D832E4-1F89-4F0D-ACCF-7EB736FD4AA2): 10
LogDevObjectVersion:   Dev-Build (E1C64328-A22C-4D53-A36C-8E866417BD8C): 0
LogDevObjectVersion:   Dev-Core (375EC13C-06E4-48FB-B500-84F0262A717E): 2
LogDevObjectVersion:   Dev-Editor (E4B068ED-F494-42E9-A231-DA0B2E46BB41): 24
LogDevObjectVersion:   Dev-Framework (CFFC743F-43B0-4480-9391-14DF171D2073): 34
LogDevObjectVersion:   Dev-Mobile (B02B49B5-BB20-44E9-A304-32B752E40360): 2
LogDevObjectVersion:   Dev-Networking (A4E4105C-59A1-49B5-A7C5-40C4547EDFEE): 0
LogDevObjectVersion:   Dev-Online (39C831C9-5AE6-47DC-9A44-9C173E1C8E7C): 0
LogDevObjectVersion:   Dev-Physics (78F01B33-EBEA-4F98-B9B4-84EACCB95AA2): 0
LogDevObjectVersion:   Dev-Platform (6631380F-2D4D-43E0-8009-CF276956A95A): 0
LogDevObjectVersion:   Dev-Rendering (12F88B9F-8875-4AFC-A67C-D90C383ABD29): 26
LogDevObjectVersion:   Dev-Sequencer (7B5AE74C-D270-4C10-A958-57980B212A5A): 9
LogDevObjectVersion:   Dev-VR (D7296918-1DD6-4BDD-9DE2-64A83CC13884): 2
LogDevObjectVersion:   Dev-LoadTimes (C2A15278-BFE7-4AFE-6C17-90FF531DF755): 1
LogDevObjectVersion:   Private-Geometry (6EACA3D4-40EC-4CC1-B786-8BED09428FC5): 3
LogDevObjectVersion:   Dev-AnimPhys (29E575DD-E0A3-4627-9D10-D276232CDCEA): 17
LogDevObjectVersion:   Dev-ReflectionCapture (6B266CEC-1EC7-4B8F-A30B-E4D90942FC07): 1
LogDevObjectVersion:   Dev-Automation (0DF73D61-A23F-47EA-B727-89E90C41499A): 1
LogDevObjectVersion:   FortniteMain (601D1886-AC64-4F84-AA16-D3DE0DEAC7D6): 12
LogDevObjectVersion:   Dev-Enterprise (9DFFBCD6-494F-0158-E221-12823C92A888): 1
LogStreaming: Display: Took  0.001s to delete old logs.
LogInit: Presizing for max 8388607 objects, including 0 objects not considered by GC, pre-allocating 0 bytes for permanent pool.
LogInit: Object subsystem initialized
[2018.08.21-05.30.48:643][  0]LogInit: Selected Device Profile: [Windows]
[2018.08.21-05.30.48:643][  0]LogInit: Applying CVar settings loaded from the selected device profile: [Windows]
[2018.08.21-05.30.48:655][  0]LogHAL: Display: Platform has ~ 16 GB [17087881216 / 17179869184 / 16], which maps to Larger [LargestMinGB=32, LargerMinGB=12, DefaultMinGB=8, SmallerMinGB=6, SmallestMinGB=0)
[2018.08.21-05.30.48:655][  0]LogInit: Setting Device Profile CVar: [[r.Vulkan.UseRealUBs:1]]
[2018.08.21-05.30.48:655][  0]LogInit: Going up to parent DeviceProfile []
[2018.08.21-05.30.48:656][  0]LogInit: Computer: BEAST-23
[2018.08.21-05.30.48:656][  0]LogInit: User: angsh
[2018.08.21-05.30.48:656][  0]LogInit: CPU Page size=4096, Cores=4
[2018.08.21-05.30.48:656][  0]LogInit: High frequency timer resolution =2.435778 MHz
[2018.08.21-05.30.48:657][  0]LogMemory: Memory total: Physical=15.9GB (16GB approx)
[2018.08.21-05.30.48:657][  0]LogMemory: Platform Memory Stats for Windows
[2018.08.21-05.30.48:657][  0]LogMemory: Process Physical Memory: 99.50 MB used, 99.50 MB peak
[2018.08.21-05.30.48:657][  0]LogMemory: Process Virtual Memory: 91.12 MB used, 91.12 MB peak
[2018.08.21-05.30.48:657][  0]LogMemory: Physical Memory: 7056.80 MB used,  9239.48 MB free, 16296.27 MB total
[2018.08.21-05.30.48:657][  0]LogMemory: Virtual Memory: 4644.96 MB used,  9239.48 MB free, 134217728.00 MB total
[2018.08.21-05.30.48:692][  0]LogInit: Using OS detected language (en-US).
[2018.08.21-05.30.48:692][  0]LogInit: Using OS detected locale (en-US).
[2018.08.21-05.30.48:693][  0]LogTextLocalizationManager: No specific localization for 'en-US' exists, so the 'en' localization will be used.
[2018.08.21-05.30.49:217][  0]LogStreaming: Display: Took  0.526s to InitEngineTextLocalization.
[2018.08.21-05.30.49:217][  0]LogInit: Setting process to per monitor DPI aware
[2018.08.21-05.30.49:273][  0]LogSlate: New Slate User Created.  User Index 0, Is Virtual User: 0
[2018.08.21-05.30.49:273][  0]LogSlate: Slate User Registered.  User Index 0, Is Virtual User: 0
[2018.08.21-05.30.49:851][  0]LogHMD: Failed to initialize OpenVR with code 110
[2018.08.21-05.30.49:851][  0]LogD3D11RHI: D3D11 adapters:
[2018.08.21-05.30.49:895][  0]LogD3D11RHI:    0. 'NVIDIA GeForce GTX 860M' (Feature Level 11_0)
[2018.08.21-05.30.49:895][  0]LogD3D11RHI:       4065/0/8148 MB DedicatedVideo/DedicatedSystem/SharedSystem, Outputs:1, VendorId:0x10de
[2018.08.21-05.30.49:903][  0]LogD3D11RHI:    1. 'Intel(R) HD Graphics 4600' (Feature Level 11_0)
[2018.08.21-05.30.49:903][  0]LogD3D11RHI:       112/0/2048 MB DedicatedVideo/DedicatedSystem/SharedSystem, Outputs:0, VendorId:0x8086
[2018.08.21-05.30.49:905][  0]LogD3D11RHI:    2. 'Microsoft Basic Render Driver' (Feature Level 11_0)
[2018.08.21-05.30.49:905][  0]LogD3D11RHI:       0/0/8148 MB DedicatedVideo/DedicatedSystem/SharedSystem, Outputs:0, VendorId:0x1414
[2018.08.21-05.30.49:905][  0]LogD3D11RHI: Chosen D3D11 Adapter: 0
[2018.08.21-05.30.49:928][  0]LogD3D11RHI: Creating new Direct3DDevice
[2018.08.21-05.30.49:928][  0]LogD3D11RHI:     GPU DeviceId: 0x1392 (for the marketing name, search the web for "GPU Device Id")
[2018.08.21-05.30.49:928][  0]LogWindows: EnumDisplayDevices:
[2018.08.21-05.30.49:928][  0]LogWindows:    0. 'Intel(R) HD Graphics 4600' (P:1 D:1)
[2018.08.21-05.30.49:928][  0]LogWindows:    1. 'Intel(R) HD Graphics 4600' (P:0 D:0)
[2018.08.21-05.30.49:929][  0]LogWindows:    2. 'Intel(R) HD Graphics 4600' (P:0 D:0)
[2018.08.21-05.30.49:929][  0]LogWindows: DebugString: PrimaryIsNotTheChoosenAdapter PrimaryIsNotTheChoosenAdapter PrimaryIsNotTheChoosenAdapter FoundDriverCount:0 
[2018.08.21-05.30.49:929][  0]LogD3D11RHI:     Adapter Name: NVIDIA GeForce GTX 860M
[2018.08.21-05.30.49:929][  0]LogD3D11RHI:   Driver Version: Unknown (internal:Unknown, unified:Unknown)
[2018.08.21-05.30.49:929][  0]LogD3D11RHI:      Driver Date: Unknown
[2018.08.21-05.30.49:929][  0]LogRHI: Texture pool is 2846 MB (70% of 4065 MB)
[2018.08.21-05.30.49:958][  0]LogD3D11RHI: Async texture creation enabled
[2018.08.21-05.30.49:976][  0]LogD3D11RHI: GPU Timing Frequency: 1000.000000 (Debug: 2 1)
[2018.08.21-05.30.49:977][  0]LogShaderCompilers: Guid format shader working directory is -57 characters bigger than the processId version (E:/Media/UE4 Projects and Tutorials/_User Projects/Section_03-4_19/Building_Escape/BuildingEscape 4.20/Intermediate/Shaders/WorkingDirectory/21628/).
[2018.08.21-05.30.49:977][  0]LogShaderCompilers: Cleaned the shader compiler working directory 'C:/Users/angsh/AppData/Local/Temp/UnrealShaderWorkingDir/D898E920407640ABEE95318164EC61A3/'.
[2018.08.21-05.30.50:307][  0]LogTemp: Display: Loaded TP AllDesktopTargetPlatform
[2018.08.21-05.30.50:325][  0]LogTemp: Display: Loaded TP MacClientTargetPlatform
[2018.08.21-05.30.50:342][  0]LogTemp: Display: Loaded TP MacNoEditorTargetPlatform
[2018.08.21-05.30.50:366][  0]LogTemp: Display: Loaded TP MacServerTargetPlatform
[2018.08.21-05.30.50:384][  0]LogTemp: Display: Loaded TP MacTargetPlatform
[2018.08.21-05.30.50:402][  0]LogTemp: Display: Loaded TP WindowsClientTargetPlatform
[2018.08.21-05.30.50:420][  0]LogTemp: Display: Loaded TP WindowsNoEditorTargetPlatform
[2018.08.21-05.30.50:437][  0]LogTemp: Display: Loaded TP WindowsServerTargetPlatform
[2018.08.21-05.30.50:445][  0]LogTemp: Display: Loaded TP WindowsTargetPlatform
[2018.08.21-05.30.50:551][  0]LogTemp: Display: Loaded TP AndroidTargetPlatform
[2018.08.21-05.30.50:552][  0]LogTemp: Display: Loaded TP AndroidTargetPlatform
[2018.08.21-05.30.50:552][  0]LogTemp: Display: Loaded TP AndroidTargetPlatform
[2018.08.21-05.30.50:552][  0]LogTemp: Display: Loaded TP AndroidTargetPlatform
[2018.08.21-05.30.50:552][  0]LogTemp: Display: Loaded TP AndroidTargetPlatform
[2018.08.21-05.30.50:552][  0]LogTemp: Display: Loaded TP AndroidTargetPlatform
[2018.08.21-05.30.50:552][  0]LogTemp: Display: Loaded TP AndroidTargetPlatform
[2018.08.21-05.30.50:552][  0]LogTemp: Display: Loaded TP AndroidTargetPlatform
[2018.08.21-05.30.50:552][  0]LogTemp: Display: Loaded TP AndroidTargetPlatform
[2018.08.21-05.30.50:552][  0]LogTemp: Display: Loaded TP AndroidTargetPlatform
[2018.08.21-05.30.50:552][  0]LogTemp: Display: Loaded TP AndroidTargetPlatform
[2018.08.21-05.30.50:552][  0]LogTemp: Display: Loaded TP AndroidTargetPlatform
[2018.08.21-05.30.50:552][  0]LogTemp: Display: Loaded TP AndroidTargetPlatform
[2018.08.21-05.30.50:552][  0]LogTemp: Display: Loaded TP AndroidTargetPlatform
[2018.08.21-05.30.50:552][  0]LogTemp: Display: Loaded TP AndroidTargetPlatform
[2018.08.21-05.30.50:552][  0]LogTemp: Display: Loaded TP AndroidTargetPlatform
[2018.08.21-05.30.50:552][  0]LogTemp: Display: Loaded TP AndroidTargetPlatform
[2018.08.21-05.30.50:552][  0]LogTemp: Display: Loaded TP AndroidTargetPlatform
[2018.08.21-05.30.50:554][  0]LogTemp: Display: Loaded TP HTML5TargetPlatform
[2018.08.21-05.30.50:625][  0]LogTemp: Display: Loaded TP IOSTargetPlatform
[2018.08.21-05.30.50:625][  0]LogTemp: Display: Loaded TP IOSTargetPlatform
[2018.08.21-05.30.50:657][  0]LogTemp: Display: Loaded TP TVOSTargetPlatform
[2018.08.21-05.30.50:657][  0]LogTemp: Display: Loaded TP TVOSTargetPlatform
[2018.08.21-05.30.50:675][  0]LogTemp: Display: Loaded TP LinuxClientTargetPlatform
[2018.08.21-05.30.50:693][  0]LogTemp: Display: Loaded TP LinuxNoEditorTargetPlatform
[2018.08.21-05.30.50:710][  0]LogTemp: Display: Loaded TP LinuxServerTargetPlatform
[2018.08.21-05.30.50:728][  0]LogTemp: Display: Loaded TP LinuxTargetPlatform
[2018.08.21-05.30.50:741][  0]LogTemp: Display: Loaded TP LuminTargetPlatform
[2018.08.21-05.30.50:741][  0]LogTargetPlatformManager: Display: Building Assets For Windows
[2018.08.21-05.30.50:811][  0]LogXGEController: Cleaning working directory: C:/Users/angsh/AppData/Local/Temp/UnrealXGEWorkingDir/
[2018.08.21-05.30.50:812][  0]LogXGEController: Cannot use XGE Controller as Incredibuild is not installed on this machine.
[2018.08.21-05.30.50:812][  0]LogShaderCompilers: Cannot use XGE Shader Compiler as Incredibuild is not installed on this machine.
[2018.08.21-05.30.50:812][  0]LogShaderCompilers: Display: Using Local Shader Compiler.
[2018.08.21-05.30.51:868][  0]LogDerivedDataCache: Display: Max Cache Size: 512 MB
[2018.08.21-05.30.51:937][  0]LogDerivedDataCache: Loaded boot cache 0.07s 71MB C:/Users/angsh/AppData/Local/UnrealEngine/4.20/DerivedDataCache/Boot.ddc.
[2018.08.21-05.30.51:938][  0]LogDerivedDataCache: Display: Loaded Boot cache: C:/Users/angsh/AppData/Local/UnrealEngine/4.20/DerivedDataCache/Boot.ddc
[2018.08.21-05.30.51:938][  0]LogDerivedDataCache: FDerivedDataBackendGraph:  Pak pak cache file E:/Media/UE4 Projects and Tutorials/_User Projects/Section_03-4_19/Building_Escape/BuildingEscape 4.20/DerivedDataCache/DDC.ddp not found, will not use a pak cache.
[2018.08.21-05.30.51:938][  0]LogDerivedDataCache: Unable to find inner node Pak for hierarchical cache Hierarchy.
[2018.08.21-05.30.51:938][  0]LogDerivedDataCache: FDerivedDataBackendGraph:  CompressedPak pak cache file E:/Media/UE4 Projects and Tutorials/_User Projects/Section_03-4_19/Building_Escape/BuildingEscape 4.20/DerivedDataCache/Compressed.ddp not found, will not use a pak cache.
[2018.08.21-05.30.51:938][  0]LogDerivedDataCache: Unable to find inner node CompressedPak for hierarchical cache Hierarchy.
[2018.08.21-05.30.51:957][  0]LogDerivedDataCache: Display: Pak cache opened for reading ../../../Engine/DerivedDataCache/Compressed.ddp.
[2018.08.21-05.30.51:970][  0]LogDerivedDataCache: Using Local data cache path C:/Users/angsh/AppData/Local/UnrealEngine/Common/DerivedDataCache: Writable
[2018.08.21-05.30.51:970][  0]LogDerivedDataCache: Shared data cache path not found in *engine.ini, will not use an Shared cache.
[2018.08.21-05.30.51:970][  0]LogDerivedDataCache: Unable to find inner node Shared for hierarchical cache Hierarchy.
[2018.08.21-05.30.51:994][  0]LogMaterial: Verifying Global Shaders for PCD3D_SM5
[2018.08.21-05.30.51:996][  0]LogSlate: Using FreeType 2.6.0
[2018.08.21-05.30.51:999][  0]LogSlate: SlateFontServices - WITH_FREETYPE: 1, WITH_HARFBUZZ: 1
[2018.08.21-05.30.52:180][  0]LogAssetRegistry: FAssetRegistry took 0.0279 seconds to start up
[2018.08.21-05.30.52:635][  0]LogInit: Selected Device Profile: [Windows]
[2018.08.21-05.30.52:818][  0]LogSimplygon: Simplygon DLL not present - disabling.
[2018.08.21-05.30.52:822][  0]LogMeshReduction: Using SimplygonSwarm for distributed automatic mesh merging
[2018.08.21-05.30.52:822][  0]LogMeshReduction: Using ProxyLODMeshReduction for automatic mesh merging
[2018.08.21-05.30.52:822][  0]LogMeshReduction: Using QuadricMeshReduction for automatic static mesh reduction
[2018.08.21-05.30.52:822][  0]LogMeshReduction: No automatic skeletal mesh reduction module available
[2018.08.21-05.30.52:841][  0]LogNetVersion: BuildingEscape 1.0.0, NetCL: 4212847, EngineNetVer: 5, GameNetVer: 0 (Checksum: 3323102585)
[2018.08.21-05.30.53:542][  0]LogPackageLocalizationCache: Processed 11 localized package path(s) for 2 prioritized culture(s) in 0.114121 seconds
[2018.08.21-05.30.53:551][  0]LogUObjectArray: 38425 objects as part of root set at end of initial load.
[2018.08.21-05.30.53:552][  0]LogUObjectAllocator: 6690864 out of 0 bytes used by permanent object pool.
[2018.08.21-05.30.53:552][  0]LogUObjectArray: CloseDisregardForGC: 0/0 objects in disregard for GC pool
[2018.08.21-05.30.55:809][  0]LogSubstanceCoreModule: Substance [CPU] Engine Loaded, Max Texture Size = 2048
[2018.08.21-05.30.55:816][  0]LogTcpMessaging: Initializing TcpMessaging bridge
[2018.08.21-05.30.55:829][  0]LogUdpMessaging: Initializing bridge on interface 0.0.0.0:0 to multicast group 230.0.0.1:6666.
[2018.08.21-05.30.56:018][  0]SourceControl: Source control is disabled
[2018.08.21-05.30.56:018][  0]SourceControl: Source control is disabled
[2018.08.21-05.30.56:021][  0]SourceControl: Source control is disabled
[2018.08.21-05.30.56:023][  0]SourceControl: Source control is disabled
[2018.08.21-05.30.56:231][  0]LogAndroidPermission: UAndroidPermissionCallbackProxy::GetInstance
[2018.08.21-05.30.56:298][  0]LogOcInput: OculusInput pre-init called
[2018.08.21-05.30.56:508][  0]LogEngine: Initializing Engine...
[2018.08.21-05.30.56:509][  0]LogHMD: Failed to initialize OpenVR with code 110
[2018.08.21-05.30.56:511][  0]LogStats: UGameplayTagsManager::ConstructGameplayTagTree: ImportINI prefixes -  0.000 s
[2018.08.21-05.30.56:511][  0]LogStats: UGameplayTagsManager::ConstructGameplayTagTree: Construct from data asset -  0.000 s
[2018.08.21-05.30.56:512][  0]LogStats: UGameplayTagsManager::ConstructGameplayTagTree: ImportINI -  0.000 s
[2018.08.21-05.30.56:512][  0]LogStats: UGameplayTagsManager::ConstructGameplayTagTree: GameplayTagTreeChangedEvent.Broadcast -  0.000 s
[2018.08.21-05.30.56:817][  0]LogInit: Initializing FReadOnlyCVARCache
[2018.08.21-05.30.56:831][  0]LogAIModule: Creating AISystem for world Untitled
[2018.08.21-05.30.56:847][  0]LogInit: XAudio2 using 'Speakers (Realtek High Definition Audio)' : 2 channels at 48 kHz using 32 bits per sample (channel mask 0x3)
[2018.08.21-05.30.56:869][  0]LogInit: FAudioDevice initialized.
[2018.08.21-05.30.56:870][  0]LogNetVersion: Set ProjectVersion to 1.0.0.0. Version Checksum will be recalculated on next use.
[2018.08.21-05.30.56:984][  0]LogDerivedDataCache: Saved boot cache 0.11s 71MB C:/Users/angsh/AppData/Local/UnrealEngine/4.20/DerivedDataCache/Boot.ddc.
[2018.08.21-05.30.56:992][  0]LogInit: Texture streaming: Enabled
[2018.08.21-05.30.57:013][  0]LogEngineSessionManager: EngineSessionManager initialized
[2018.08.21-05.30.57:013][  0]LogEngineSessionManager: EngineSessionManager sent abnormal shutdown report. Type=Crashed, SessionId={67B3E646-418B-3D15-BE3E-D6AC4983246B}
[2018.08.21-05.30.57:028][  0]LogInit: Transaction tracking system initialized
[2018.08.21-05.30.57:059][  0]BlueprintLog: New page: Editor Load
[2018.08.21-05.30.57:148][  0]LocalizationService: Localization service is disabled
[2018.08.21-05.30.57:516][  0]LogCook: Display: Max memory allowance for cook 16384mb min free memory 0mb
[2018.08.21-05.30.57:516][  0]LogCook: Display: Mobile HDR setting 1
[2018.08.21-05.30.57:516][  0]LogGameplayTags: Display: UGameplayTagsManager::DoneAddingNativeTags. DelegateIsBound: 0
[2018.08.21-05.30.57:516][  0]LogStats: UGameplayTagsManager::ConstructGameplayTagTree: ImportINI prefixes -  0.000 s
[2018.08.21-05.30.57:516][  0]LogStats: UGameplayTagsManager::ConstructGameplayTagTree: Construct from data asset -  0.000 s
[2018.08.21-05.30.57:516][  0]LogStats: UGameplayTagsManager::ConstructGameplayTagTree: ImportINI -  0.000 s
[2018.08.21-05.30.57:516][  0]LogStats: UGameplayTagsManager::ConstructGameplayTagTree: GameplayTagTreeChangedEvent.Broadcast -  0.000 s
[2018.08.21-05.30.57:632][  0]LogFileCache: Scanning file cache for directory 'E:/Media/UE4 Projects and Tutorials/_User Projects/Section_03-4_19/Building_Escape/BuildingEscape 4.20/Content/' took 0.01s
[2018.08.21-05.30.57:690][  0]SourceControl: Source control is disabled
[2018.08.21-05.30.57:691][  0]Cmd: MAP LOAD FILE="E:/Media/UE4 Projects and Tutorials/_User Projects/Section_03-4_19/Building_Escape/BuildingEscape 4.20/Content/NewMap1.umap" TEMPLATE=0 SHOWPROGRESS=1 FEATURELEVEL=3
[2018.08.21-05.30.57:691][  0]LightingResults: New page: Lighting Build
[2018.08.21-05.30.57:694][  0]MapCheck: New page: Map Check
[2018.08.21-05.30.57:694][  0]LightingResults: New page: Lighting Build
[2018.08.21-05.30.58:115][  0]LogAIModule: Creating AISystem for world NewMap1
[2018.08.21-05.30.58:125][  0]LogEditorServer: Finished looking for orphan Actors (0.000 secs)
[2018.08.21-05.30.58:155][  0]Cmd: MAP CHECKDEP NOCLEARLOG
[2018.08.21-05.30.58:323][  0]MapCheck: Map check complete: 0 Error(s), 0 Warning(s), took 168.033ms to complete.
[2018.08.21-05.30.58:323][  0]LogFileHelpers: Loading map 'NewMap1' took 0.633
[2018.08.21-05.30.58:445][  0]LogCollectionManager: Loaded 0 collections in 0.001029 seconds
[2018.08.21-05.30.58:487][  0]LogFileCache: Scanning file cache for directory 'E:/Media/UE4 Projects and Tutorials/_User Projects/Section_03-4_19/Building_Escape/BuildingEscape 4.20/Saved/Collections/' took 0.01s
[2018.08.21-05.30.58:487][  0]LogFileCache: Scanning file cache for directory 'E:/Media/UE4 Projects and Tutorials/_User Projects/Section_03-4_19/Building_Escape/BuildingEscape 4.20/Content/Developers/angsh/Collections/' took 0.01s
[2018.08.21-05.30.58:487][  0]LogFileCache: Scanning file cache for directory 'E:/Media/UE4 Projects and Tutorials/_User Projects/Section_03-4_19/Building_Escape/BuildingEscape 4.20/Content/Collections/' took 0.01s
[2018.08.21-05.30.58:487][  0]LogCollectionManager: Rebuilt the GUID cache for 0 collections in 0.000000 seconds
[2018.08.21-05.30.58:503][  0]LogContentBrowser: Native class hierarchy populated in 0.0158 seconds. Added 2591 classes and 613 folders.
[2018.08.21-05.30.58:513][  0]LogContentBrowser: Native class hierarchy updated for 'WidgetCarousel' in 0.0005 seconds. Added 0 classes and 0 folders.
[2018.08.21-05.30.58:595][  0]LogContentBrowser: Native class hierarchy updated for 'AddContentDialog' in 0.0006 seconds. Added 0 classes and 0 folders.
[2018.08.21-05.30.58:621][  0]LogSlate: Updating window title bar state: overlay mode, drag disabled, window buttons hidden, title bar hidden
[2018.08.21-05.30.58:632][  0]LogSlate: Updating window title bar state: overlay mode, drag disabled, window buttons hidden, title bar hidden
[2018.08.21-05.30.58:644][  0]LogSlate: Updating window title bar state: overlay mode, drag disabled, window buttons hidden, title bar hidden
[2018.08.21-05.30.58:656][  0]LogSlate: Updating window title bar state: overlay mode, drag disabled, window buttons hidden, title bar hidden
[2018.08.21-05.30.58:740][  0]LogSlate: Took 0.001072 seconds to synchronously load lazily loaded font '../../../Engine/Content/Slate/Fonts/Roboto-Regular.ttf' (155K)
[2018.08.21-05.30.58:745][  0]LogSlate: Took 0.000870 seconds to synchronously load lazily loaded font '../../../Engine/Content/Editor/Slate/Fonts/FontAwesome.ttf' (139K)
[2018.08.21-05.30.58:746][  0]LogSlate: Took 0.000822 seconds to synchronously load lazily loaded font '../../../Engine/Content/Slate/Fonts/Roboto-Bold.ttf' (160K)
[2018.08.21-05.30.58:756][  0]LogSlate: Took 0.000964 seconds to synchronously load lazily loaded font '../../../Engine/Content/Slate/Fonts/DroidSansMono.ttf' (77K)
[2018.08.21-05.30.58:887][  0]LogRenderer: Reallocating scene render targets to support 1080x584 Format 10 NumSamples 1 (Frame:1).
[2018.08.21-05.30.59:026][  0]LogContentBrowser: Native class hierarchy updated for 'HierarchicalLODOutliner' in 0.0005 seconds. Added 0 classes and 0 folders.
[2018.08.21-05.30.59:026][  0]LogLoad: (Engine Initialization) Total time: 12.02 seconds
[2018.08.21-05.30.59:026][  0]LogLoad: (Engine Initialization) Total Blueprint compile time: 0.00 seconds
[2018.08.21-05.30.59:045][  0]LogWindowsTextInputMethodSystem: Display: IME system now deactivated.
[2018.08.21-05.30.59:067][  0]LogContentStreaming: Texture pool size now 3000 MB
[2018.08.21-05.30.59:085][  1]LogSubstanceLiveLink: Warning: Unable to send data along socket, closing connection
[2018.08.21-05.30.59:098][  1]LogAssetRegistry: Asset discovery search completed in 6.9413 seconds
[2018.08.21-05.30.59:101][  1]LogCollectionManager: Rebuilt the object cache for 0 collections in 0.000001 seconds (found 0 objects)
[2018.08.21-05.30.59:101][  1]LogCollectionManager: Fixed up redirectors for 0 collections in 0.000252 seconds (updated 0 objects)
[2018.08.21-05.31.00:056][ 56]LogSlate: Took 0.000839 seconds to synchronously load lazily loaded font '../../../Engine/Content/Slate/Fonts/Roboto-Light.ttf' (167K)
[2018.08.21-05.31.04:961][350]LogSlate: FSceneViewport::OnFocusLost() reason 0
[2018.08.21-05.31.05:102][357]LogAssetEditorManager: Opening Asset editor for Blueprint /Game/Blueprints/DefaultPawn_BP.DefaultPawn_BP
[2018.08.21-05.31.05:696][357]LogContentBrowser: Native class hierarchy updated for 'BlueprintGraph' in 0.0009 seconds. Added 116 classes and 0 folders.
[2018.08.21-05.31.06:732][357]LogSlate: Took 0.000976 seconds to synchronously load lazily loaded font '../../../Engine/Content/Slate/Fonts/Roboto-BoldCondensed.ttf' (158K)
[2018.08.21-05.31.08:839][478]LogSlate: Window 'DefaultPawn_BP' being destroyed
[2018.08.21-05.31.08:848][479]LogRenderer: Reallocating scene render targets to support 1348x732 Format 10 NumSamples 1 (Frame:436).
[2018.08.21-05.31.17:346][586]LogSlate: FSceneViewport::OnFocusLost() reason 0
[2018.08.21-05.31.18:913][679]LogEditorViewport: Clicking on Actor (context menu): StaticMeshActor (Wall_400x310)
[2018.08.21-05.31.19:023][679]LogSlate: FSceneViewport::OnFocusLost() reason 2
[2018.08.21-05.31.31:707][432]LogEditorViewport: Clicking on Actor (LMB): StaticMeshActor (SM_TableRound)
[2018.08.21-05.31.37:709][788]LogSlate: FSceneViewport::OnFocusLost() reason 0
[2018.08.21-05.32.40:860][326]LogEditorViewport: Clicking on Actor (LMB): StaticMeshActor (SM_Chair2)
[2018.08.21-05.32.42:442][417]LogSlate: FSceneViewport::OnFocusLost() reason 0
[2018.08.21-05.32.44:574][545]LogEditorViewport: Clicking on Actor (LMB): StaticMeshActor (SM_Chair)
[2018.08.21-05.32.45:901][621]LogSlate: FSceneViewport::OnFocusLost() reason 0
[2018.08.21-05.32.50:554][881]LogSavePackage: Moving 'E:/Media/UE4 Projects and Tutorials/_User Projects/Section_03-4_19/Building_Escape/BuildingEscape 4.20/Saved/NewMap18DEBFD154C85D30E40141A850C8C3962.tmp' to 'E:/Media/UE4 Projects and Tutorials/_User Projects/Section_03-4_19/Building_Escape/BuildingEscape 4.20/Content/NewMap1.umap'
[2018.08.21-05.32.50:569][881]LogFileHelpers: Saving map 'NewMap1' took 0.262
[2018.08.21-05.33.14:755][148]Candidate modules for hot reload:
[2018.08.21-05.33.14:756][148]  BuildingEscape
[2018.08.21-05.33.14:756][148]Launching UnrealBuildTool... [D:/Unreal Engine/UE_4.20/Engine/Binaries/DotNET/UnrealBuildTool.exe  -ModuleWithSuffix=BuildingEscape,2424 Win64 Development -TargetType=Editor -Project="E:/Media/UE4 Projects and Tutorials/_User Projects/Section_03-4_19/Building_Escape/BuildingEscape 4.20/BuildingEscape.uproject" -canskiplink "E:/Media/UE4 Projects and Tutorials/_User Projects/Section_03-4_19/Building_Escape/BuildingEscape 4.20/BuildingEscape.uproject" ]
[2018.08.21-05.33.14:758][148]Warning: Starting HotReload took  0.0s.
[2018.08.21-05.33.17:011][284]CompilerResultsLog: New page: Compilation - Aug 21, 2018, 4:33:17 PM
[2018.08.21-05.33.17:012][284]CompilerResultsLog: Using 'git status' to determine working set for adaptive non-unity build.
[2018.08.21-05.33.17:012][284]CompilerResultsLog: Compiling game modules for hot reload
[2018.08.21-05.33.17:012][284]CompilerResultsLog: Target is up to date
[2018.08.21-05.33.17:012][284]CompilerResultsLog: Total build time: 1.89 seconds (NoActionsToExecute executor: 0.00 seconds)
[2018.08.21-05.33.17:013][284]LogMainFrame: MainFrame: Module compiling took 2.262 seconds
[2018.08.21-05.33.17:427][284]LogContentBrowser: Native class hierarchy populated in 0.0124 seconds. Added 2591 classes and 613 folders.
[2018.08.21-05.33.17:428][284]Display: HotReload took  2.7s.
[2018.08.21-05.33.22:510][581]LogTemp: Repeating last play command: Selected Viewport
[2018.08.21-05.33.22:520][581]LogPlayLevel: PlayLevel: No blueprints needed recompiling
[2018.08.21-05.33.22:532][581]PIE: New page: PIE session: NewMap1 (Aug 21, 2018, 4:33:22 PM)
[2018.08.21-05.33.22:532][581]LogPlayLevel: Creating play world package: /Game/UEDPIE_0_NewMap1
[2018.08.21-05.33.22:537][581]LogPlayLevel: PIE: StaticDuplicateObject took: (0.004856s)
[2018.08.21-05.33.22:538][581]LogAIModule: Creating AISystem for world NewMap1
[2018.08.21-05.33.22:539][581]LogPlayLevel: PIE: World Init took: (0.001133s)
[2018.08.21-05.33.22:539][581]LogPlayLevel: PIE: Created PIE world by copying editor world from /Game/NewMap1.NewMap1 to /Game/UEDPIE_0_NewMap1.NewMap1 (0.006609s)
[2018.08.21-05.33.22:601][581]LogInit: XAudio2 using 'Speakers (Realtek High Definition Audio)' : 2 channels at 48 kHz using 32 bits per sample (channel mask 0x3)
[2018.08.21-05.33.22:618][581]LogInit: FAudioDevice initialized.
[2018.08.21-05.33.22:672][581]LogLoad: Game class is 'BuildingEscape_BP_C'
[2018.08.21-05.33.22:676][581]LogWorld: Bringing World /Game/UEDPIE_0_NewMap1.NewMap1 up for play (max tick rate 60) at 2018.08.21-11.03.22
[2018.08.21-05.33.22:676][581]LogWorld: Bringing up level for play took: 0.001902
[2018.08.21-05.33.22:725][581]LogContentBrowser: Native class hierarchy updated for 'MovieSceneCapture' in 0.0005 seconds. Added 10 classes and 0 folders.
[2018.08.21-05.33.22:726][581]LogTemp: Warning: SM_Chair_2 found on X=383.387 Y=-413.742 Z=19.821
[2018.08.21-05.33.22:726][581]LogTemp: Warning: SM_Chair2 found on X=223.387 Y=-413.742 Z=19.821
[2018.08.21-05.33.22:727][581]LogTemp: Warning: DefaultPawn_BP_C_0 input component found
[2018.08.21-05.33.22:727][581]PIE: Play in editor start time for /Game/UEDPIE_0_NewMap1 0.706
[2018.08.21-05.33.25:832][767]LogTemp: Warning: Grab pressed!
[2018.08.21-05.33.27:153][767]LogWindows: Error: === Critical error: ===
[2018.08.21-05.33.27:153][767]LogWindows: Error: 
[2018.08.21-05.33.27:153][767]LogWindows: Error: Fatal error!
[2018.08.21-05.33.27:153][767]LogWindows: Error: 
[2018.08.21-05.33.27:154][767]LogWindows: Error: Unhandled Exception: EXCEPTION_ACCESS_VIOLATION reading address 0x00000170
[2018.08.21-05.33.27:154][767]LogWindows: Error: 
[2018.08.21-05.33.27:154][767]LogWindows: Error: [Callstack] 0x00007ffc52382ace UE4Editor-BuildingEscape-9507.dll!UGrabber::Grab() [e:\media\ue4 projects and tutorials\_user projects\section_03-4_19\building_escape\buildingescape 4.20\source\buildingescape\grabber.cpp:70]
[2018.08.21-05.33.27:154][767]LogWindows: Error: [Callstack] 0x00007ffc66930b59 UE4Editor-Engine.dll!UnknownFunction []
[2018.08.21-05.33.27:154][767]LogWindows: Error: [Callstack] 0x00007ffc66962642 UE4Editor-Engine.dll!UnknownFunction []
[2018.08.21-05.33.27:154][767]LogWindows: Error: [Callstack] 0x00007ffc6642f45c UE4Editor-Engine.dll!UnknownFunction []
[2018.08.21-05.33.27:154][767]LogWindows: Error: [Callstack] 0x00007ffc664438e8 UE4Editor-Engine.dll!UnknownFunction []
[2018.08.21-05.33.27:154][767]LogWindows: Error: [Callstack] 0x00007ffc6642ceab UE4Editor-Engine.dll!UnknownFunction []
[2018.08.21-05.33.27:154][767]LogWindows: Error: [Callstack] 0x00007ffc664427a3 UE4Editor-Engine.dll!UnknownFunction []
[2018.08.21-05.33.27:154][767]LogWindows: Error: [Callstack] 0x00007ffc656655e0 UE4Editor-Engine.dll!UnknownFunction []
[2018.08.21-05.33.27:154][767]LogWindows: Error: [Callstack] 0x00007ffc6685fdad UE4Editor-Engine.dll!UnknownFunction []
[2018.08.21-05.33.27:154][767]LogWindows: Error: [Callstack] 0x00007ffc7eba1f92 UE4Editor-Core.dll!UnknownFunction []
[2018.08.21-05.33.27:154][767]LogWindows: Error: [Callstack] 0x00007ffc7eba2456 UE4Editor-Core.dll!UnknownFunction []
[2018.08.21-05.33.27:154][767]LogWindows: Error: [Callstack] 0x00007ffc7ebb6d25 UE4Editor-Core.dll!UnknownFunction []
[2018.08.21-05.33.27:154][767]LogWindows: Error: [Callstack] 0x00007ffc668b41f4 UE4Editor-Engine.dll!UnknownFunction []
[2018.08.21-05.33.27:154][767]LogWindows: Error: [Callstack] 0x00007ffc668c3482 UE4Editor-Engine.dll!UnknownFunction []
[2018.08.21-05.33.27:154][767]LogWindows: Error: [Callstack] 0x00007ffc65fc8654 UE4Editor-Engine.dll!UnknownFunction []
[2018.08.21-05.33.27:154][767]LogWindows: Error: [Callstack] 0x00007ffc65fd3e73 UE4Editor-Engine.dll!UnknownFunction []
[2018.08.21-05.33.27:154][767]LogWindows: Error: [Callstack] 0x00007ffc6b7f7295 UE4Editor-UnrealEd.dll!UnknownFunction []
[2018.08.21-05.33.27:154][767]LogWindows: Error: [Callstack] 0x00007ffc6c0ef0d6 UE4Editor-UnrealEd.dll!UnknownFunction []
[2018.08.21-05.33.27:154][767]LogWindows: Error: [Callstack] 0x00007ff6e23a5cbd UE4Editor.exe!UnknownFunction []
[2018.08.21-05.33.27:154][767]LogWindows: Error: [Callstack] 0x00007ff6e23b5b3c UE4Editor.exe!UnknownFunction []
[2018.08.21-05.33.27:154][767]LogWindows: Error: [Callstack] 0x00007ff6e23b5bba UE4Editor.exe!UnknownFunction []
[2018.08.21-05.33.27:154][767]LogWindows: Error: [Callstack] 0x00007ff6e23c3dac UE4Editor.exe!UnknownFunction []
[2018.08.21-05.33.27:154][767]LogWindows: Error: [Callstack] 0x00007ff6e23c5aaa UE4Editor.exe!UnknownFunction []
[2018.08.21-05.33.27:154][767]LogWindows: Error: [Callstack] 0x00007ffcc2b63034 KERNEL32.DLL!UnknownFunction []
[2018.08.21-05.33.27:154][767]LogWindows: Error: [Callstack] 0x00007ffcc2d81431 ntdll.dll!UnknownFunction []
[2018.08.21-05.33.27:154][767]LogWindows: Error: 
[2018.08.21-05.33.27:166][767]LogExit: Executing StaticShutdownAfterError
[2018.08.21-05.33.27:170][767]LogWindows: FPlatformMisc::RequestExit(1)
[2018.08.21-05.33.27:179][767]Log file closed, 08/21/18 11:03:27
